<?xml version="1.0" encoding="UTF-8"?>
<!-- Generated by org.testng.reporters.JUnitReportReporter -->
<testsuite hostname="Anaras-MacBook-Pro.local" failures="0" tests="6" name="com.romanceabroad.ui.PhotosPageTest" time="118.560" errors="0" timestamp="2020-06-07T12:52:37 PDT" skipped="0">
  <testcase classname="com.romanceabroad.ui.PhotosPageTest" name="testPhotosPageTestCase8" time="11.910"/>
  <testcase classname="com.romanceabroad.ui.PhotosPageTest" name="checkPhotosListTestCase9" time="10.298"/>
  <testcase classname="com.romanceabroad.ui.PhotosPageTest" name="testUserTabs" time="20.192"/>
  <testcase classname="com.romanceabroad.ui.PhotosPageTest" name="testUserTabsWithMoreVerifications" time="20.345"/>
  <testcase classname="com.romanceabroad.ui.PhotosPageTest" name="testUserTabs2" time="21.936"/>
  <testcase classname="com.romanceabroad.ui.PhotosPageTest" name="testUserTabs3" time="33.879"/>
</testsuite> <!-- com.romanceabroad.ui.PhotosPageTest -->
