<?xml version="1.0" encoding="UTF-8"?>
<!-- Generated by org.testng.reporters.JUnitReportReporter -->
<testsuite hostname="Anaras-MacBook-Pro.local" failures="0" tests="3" name="com.romanceabroad.ui.BlogPageTest" time="42.354" errors="0" timestamp="2020-06-07T12:52:37 PDT" skipped="0">
  <testcase classname="com.romanceabroad.ui.BlogPageTest" name="testBlogPageTestCase27" time="11.138"/>
  <testcase classname="com.romanceabroad.ui.BlogPageTest" name="testArticlesAndTitlesTestCase28" time="24.492"/>
  <testcase classname="com.romanceabroad.ui.BlogPageTest" name="testLinksBlogPageTestCase29" time="6.724"/>
</testsuite> <!-- com.romanceabroad.ui.BlogPageTest -->
