<?xml version="1.0" encoding="UTF-8"?>
<!-- Generated by org.testng.reporters.JUnitReportReporter -->
<testsuite hostname="Anaras-MacBook-Pro.local" failures="0" tests="1" name="com.romanceabroad.ui.SignInTest" time="6.366" errors="0" timestamp="2020-06-07T12:52:37 PDT" skipped="0">
  <testcase classname="com.romanceabroad.ui.SignInTest" name="testSignInTestCase1" time="6.366"/>
</testsuite> <!-- com.romanceabroad.ui.SignInTest -->
