<?xml version="1.0" encoding="UTF-8"?>
<!-- Generated by org.testng.reporters.JUnitReportReporter -->
<testsuite hostname="Anaras-MacBook-Pro.local" failures="0" tests="17" name="com.romanceabroad.ui.PrettyWomenTest" time="469.916" errors="0" timestamp="2020-06-07T12:52:37 PDT" skipped="0">
  <testcase classname="com.romanceabroad.ui.PrettyWomenTest" name="testSplit" time="4.217"/>
  <testcase classname="com.romanceabroad.ui.PrettyWomenTest" name="testPrettyWomenPageTestCase3" time="12.780"/>
  <testcase classname="com.romanceabroad.ui.PrettyWomenTest" name="testSearchByAgeTestCase4" time="9.527"/>
  <testcase classname="com.romanceabroad.ui.PrettyWomenTest" name="testDropDownViewOptionsTestCase5" time="10.046"/>
  <testcase classname="com.romanceabroad.ui.PrettyWomenTest" name="selectRandomDropDownListTestCase6" time="10.210"/>
  <testcase classname="com.romanceabroad.ui.PrettyWomenTest" name="selectDropDownListByAgeMinTestCase7" time="26.916"/>
  <testcase classname="com.romanceabroad.ui.PrettyWomenTest" name="searchDifferentResultsTestCase30" time="13.565"/>
  <testcase classname="com.romanceabroad.ui.PrettyWomenTest" name="searchDifferentResultsTestCase30" time="82.376"/>
  <testcase classname="com.romanceabroad.ui.PrettyWomenTest" name="searchDifferentResultsTestCase30" time="81.732"/>
  <testcase classname="com.romanceabroad.ui.PrettyWomenTest" name="searchDifferentResultsTestCase30" time="13.295"/>
  <testcase classname="com.romanceabroad.ui.PrettyWomenTest" name="testUserProfile" time="16.806"/>
  <testcase classname="com.romanceabroad.ui.PrettyWomenTest" name="testFooter" time="30.827"/>
  <testcase classname="com.romanceabroad.ui.PrettyWomenTest" name="testFooter" time="30.832"/>
  <testcase classname="com.romanceabroad.ui.PrettyWomenTest" name="testFooter" time="31.428"/>
  <testcase classname="com.romanceabroad.ui.PrettyWomenTest" name="testFooter" time="31.524"/>
  <testcase classname="com.romanceabroad.ui.PrettyWomenTest" name="testFooter" time="32.153"/>
  <testcase classname="com.romanceabroad.ui.PrettyWomenTest" name="testFooter" time="31.682"/>
</testsuite> <!-- com.romanceabroad.ui.PrettyWomenTest -->
