<?xml version="1.0" encoding="UTF-8"?>
<!-- Generated by org.testng.reporters.JUnitReportReporter -->
<testsuite hostname="Anaras-MacBook-Pro.local" failures="0" tests="3" name="com.romanceabroad.ui.GiftsTest" time="26.554" errors="0" timestamp="2020-06-07T12:52:37 PDT" skipped="0">
  <testcase classname="com.romanceabroad.ui.GiftsTest" name="testGiftsPageTestCase20" time="11.541"/>
  <testcase classname="com.romanceabroad.ui.GiftsTest" name="testSelectionOfBestsellersTestCase21" time="7.446"/>
  <testcase classname="com.romanceabroad.ui.GiftsTest" name="testSelectionOfRegularGiftsTestCase22" time="7.567"/>
</testsuite> <!-- com.romanceabroad.ui.GiftsTest -->
