<?xml version="1.0" encoding="UTF-8"?>
<!-- Generated by org.testng.reporters.JUnitReportReporter -->
<testsuite hostname="Anaras-MacBook-Pro.local" failures="0" tests="5" name="com.romanceabroad.ui.ContactUsPageTest" time="62.922" errors="0" timestamp="2020-06-07T12:52:37 PDT" skipped="0">
  <testcase classname="com.romanceabroad.ui.ContactUsPageTest" name="testContactUsPageTestCase23" time="8.858"/>
  <testcase classname="com.romanceabroad.ui.ContactUsPageTest" name="verifySelectReasonDropDownTestCase24" time="9.112"/>
  <testcase classname="com.romanceabroad.ui.ContactUsPageTest" name="verifyDropDownListTestCase25" time="13.059"/>
  <testcase classname="com.romanceabroad.ui.ContactUsPageTest" name="fillOutContactAdministratorForm" time="15.286"/>
  <testcase classname="com.romanceabroad.ui.ContactUsPageTest" name="fillOutContactAdministratorFormTestCase26" time="16.607"/>
</testsuite> <!-- com.romanceabroad.ui.ContactUsPageTest -->
