<?xml version="1.0" encoding="UTF-8"?>
<!-- Generated by org.testng.reporters.JUnitReportReporter -->
<testsuite hostname="Anaras-MacBook-Pro.local" failures="0" tests="10" name="com.romanceabroad.ui.MainPageTests" time="163.665" errors="0" timestamp="2020-06-07T12:52:37 PDT" skipped="0">
  <testcase classname="com.romanceabroad.ui.MainPageTests" name="checkTabsTestCase10" time="8.700"/>
  <testcase classname="com.romanceabroad.ui.MainPageTests" name="checkLinksWithAssertionsTestCase11" time="56.739"/>
  <testcase classname="com.romanceabroad.ui.MainPageTests" name="checkTabsNamesTestCase12" time="4.765"/>
  <testcase classname="com.romanceabroad.ui.MainPageTests" name="verifyIFrameSizeOnMainPageTestCase13" time="7.493"/>
  <testcase classname="com.romanceabroad.ui.MainPageTests" name="testMainPageIFrameTestCase14" time="8.143"/>
  <testcase classname="com.romanceabroad.ui.MainPageTests" name="testBookNowTestCase15" time="4.952"/>
  <testcase classname="com.romanceabroad.ui.MainPageTests" name="testDiscountAlertTestCase16" time="4.956"/>
  <testcase classname="com.romanceabroad.ui.MainPageTests" name="verifyRomanceAbroadHeaderTestCase17" time="4.431"/>
  <testcase classname="com.romanceabroad.ui.MainPageTests" name="testLinksOnMainPageTestCase18" time="33.193"/>
  <testcase classname="com.romanceabroad.ui.MainPageTests" name="smokeTestMainPageTestCase19" time="30.293"/>
</testsuite> <!-- com.romanceabroad.ui.MainPageTests -->
