<?xml version="1.0" encoding="UTF-8"?>
<testsuite xmlns:xsi="http://www.w3.org/2001/XMLSchema-instance" xsi:noNamespaceSchemaLocation="https://maven.apache.org/surefire/maven-surefire-plugin/xsd/surefire-test-report-3.0.xsd" version="3.0" name="TestSuite" time="234.6" tests="45" errors="0" skipped="18" failures="12">
  <properties>
    <property name="gopherProxySet" value="false"/>
    <property name="awt.toolkit" value="sun.lwawt.macosx.LWCToolkit"/>
    <property name="java.specification.version" value="11"/>
    <property name="sun.cpu.isalist" value=""/>
    <property name="sun.jnu.encoding" value="UTF-8"/>
    <property name="java.class.path" value="/Users/anaraimasheva/GitHub/roman/romancepractice/target/test-classes:/Users/anaraimasheva/GitHub/roman/romancepractice/target/classes:/Users/anaraimasheva/.m2/repository/org/apache/commons/commons-lang3/3.4/commons-lang3-3.4.jar:/Users/anaraimasheva/.m2/repository/org/seleniumhq/selenium/selenium-java/3.141.59/selenium-java-3.141.59.jar:/Users/anaraimasheva/.m2/repository/org/seleniumhq/selenium/selenium-api/3.141.59/selenium-api-3.141.59.jar:/Users/anaraimasheva/.m2/repository/org/seleniumhq/selenium/selenium-chrome-driver/3.141.59/selenium-chrome-driver-3.141.59.jar:/Users/anaraimasheva/.m2/repository/org/seleniumhq/selenium/selenium-edge-driver/3.141.59/selenium-edge-driver-3.141.59.jar:/Users/anaraimasheva/.m2/repository/org/seleniumhq/selenium/selenium-firefox-driver/3.141.59/selenium-firefox-driver-3.141.59.jar:/Users/anaraimasheva/.m2/repository/org/seleniumhq/selenium/selenium-ie-driver/3.141.59/selenium-ie-driver-3.141.59.jar:/Users/anaraimasheva/.m2/repository/org/seleniumhq/selenium/selenium-opera-driver/3.141.59/selenium-opera-driver-3.141.59.jar:/Users/anaraimasheva/.m2/repository/org/seleniumhq/selenium/selenium-remote-driver/3.141.59/selenium-remote-driver-3.141.59.jar:/Users/anaraimasheva/.m2/repository/org/seleniumhq/selenium/selenium-safari-driver/3.141.59/selenium-safari-driver-3.141.59.jar:/Users/anaraimasheva/.m2/repository/org/seleniumhq/selenium/selenium-support/3.141.59/selenium-support-3.141.59.jar:/Users/anaraimasheva/.m2/repository/net/bytebuddy/byte-buddy/1.8.15/byte-buddy-1.8.15.jar:/Users/anaraimasheva/.m2/repository/org/apache/commons/commons-exec/1.3/commons-exec-1.3.jar:/Users/anaraimasheva/.m2/repository/com/google/guava/guava/25.0-jre/guava-25.0-jre.jar:/Users/anaraimasheva/.m2/repository/com/google/code/findbugs/jsr305/1.3.9/jsr305-1.3.9.jar:/Users/anaraimasheva/.m2/repository/org/checkerframework/checker-compat-qual/2.0.0/checker-compat-qual-2.0.0.jar:/Users/anaraimasheva/.m2/repository/com/google/errorprone/error_prone_annotations/2.1.3/error_prone_annotations-2.1.3.jar:/Users/anaraimasheva/.m2/repository/com/google/j2objc/j2objc-annotations/1.1/j2objc-annotations-1.1.jar:/Users/anaraimasheva/.m2/repository/org/codehaus/mojo/animal-sniffer-annotations/1.14/animal-sniffer-annotations-1.14.jar:/Users/anaraimasheva/.m2/repository/com/squareup/okhttp3/okhttp/3.11.0/okhttp-3.11.0.jar:/Users/anaraimasheva/.m2/repository/com/squareup/okio/okio/1.14.0/okio-1.14.0.jar:/Users/anaraimasheva/.m2/repository/io/rest-assured/rest-assured/3.3.0/rest-assured-3.3.0.jar:/Users/anaraimasheva/.m2/repository/org/codehaus/groovy/groovy/2.4.15/groovy-2.4.15.jar:/Users/anaraimasheva/.m2/repository/org/codehaus/groovy/groovy-xml/2.4.15/groovy-xml-2.4.15.jar:/Users/anaraimasheva/.m2/repository/org/apache/httpcomponents/httpclient/4.5.3/httpclient-4.5.3.jar:/Users/anaraimasheva/.m2/repository/org/apache/httpcomponents/httpcore/4.4.6/httpcore-4.4.6.jar:/Users/anaraimasheva/.m2/repository/commons-logging/commons-logging/1.2/commons-logging-1.2.jar:/Users/anaraimasheva/.m2/repository/commons-codec/commons-codec/1.9/commons-codec-1.9.jar:/Users/anaraimasheva/.m2/repository/org/apache/httpcomponents/httpmime/4.5.3/httpmime-4.5.3.jar:/Users/anaraimasheva/.m2/repository/org/hamcrest/hamcrest-core/1.3/hamcrest-core-1.3.jar:/Users/anaraimasheva/.m2/repository/org/hamcrest/hamcrest-library/1.3/hamcrest-library-1.3.jar:/Users/anaraimasheva/.m2/repository/org/ccil/cowan/tagsoup/tagsoup/1.2.1/tagsoup-1.2.1.jar:/Users/anaraimasheva/.m2/repository/io/rest-assured/json-path/3.3.0/json-path-3.3.0.jar:/Users/anaraimasheva/.m2/repository/org/codehaus/groovy/groovy-json/2.4.15/groovy-json-2.4.15.jar:/Users/anaraimasheva/.m2/repository/io/rest-assured/rest-assured-common/3.3.0/rest-assured-common-3.3.0.jar:/Users/anaraimasheva/.m2/repository/io/rest-assured/xml-path/3.3.0/xml-path-3.3.0.jar:/Users/anaraimasheva/.m2/repository/javax/xml/bind/jaxb-api/2.2.12/jaxb-api-2.2.12.jar:/Users/anaraimasheva/.m2/repository/com/sun/xml/bind/jaxb-osgi/2.2.10/jaxb-osgi-2.2.10.jar:/Users/anaraimasheva/.m2/repository/org/apache/sling/org.apache.sling.javax.activation/0.1.0/org.apache.sling.javax.activation-0.1.0.jar:/Users/anaraimasheva/.m2/repository/javax/activation/activation/1.1.1/activation-1.1.1.jar:/Users/anaraimasheva/.m2/repository/org/testng/testng/7.0.0/testng-7.0.0.jar:/Users/anaraimasheva/.m2/repository/com/beust/jcommander/1.72/jcommander-1.72.jar:/Users/anaraimasheva/.m2/repository/com/aventstack/extentreports/3.1.5/extentreports-3.1.5.jar:/Users/anaraimasheva/.m2/repository/org/freemarker/freemarker/2.3.23/freemarker-2.3.23.jar:/Users/anaraimasheva/.m2/repository/org/mongodb/mongodb-driver/3.3.0/mongodb-driver-3.3.0.jar:/Users/anaraimasheva/.m2/repository/org/mongodb/bson/3.3.0/bson-3.3.0.jar:/Users/anaraimasheva/.m2/repository/org/mongodb/mongodb-driver-core/3.3.0/mongodb-driver-core-3.3.0.jar:/Users/anaraimasheva/.m2/repository/org/jsoup/jsoup/1.9.2/jsoup-1.9.2.jar:/Users/anaraimasheva/.m2/repository/com/google/code/gson/gson/2.8.0/gson-2.8.0.jar:/Users/anaraimasheva/.m2/repository/com/automation-remarks/video-recorder-testng/1.0/video-recorder-testng-1.0.jar:/Users/anaraimasheva/.m2/repository/com/automation-remarks/video-recorder-core/1.0/video-recorder-core-1.0.jar:/Users/anaraimasheva/.m2/repository/ru/yandex/qatools/allure/allure-java-annotations/1.4.23/allure-java-annotations-1.4.23.jar:/Users/anaraimasheva/.m2/repository/ru/yandex/qatools/allure/allure-model/1.4.23/allure-model-1.4.23.jar:/Users/anaraimasheva/.m2/repository/org/jvnet/jaxb2_commons/jaxb2-basics-runtime/0.9.3/jaxb2-basics-runtime-0.9.3.jar:/Users/anaraimasheva/.m2/repository/ru/yandex/qatools/properties/properties-loader/1.5/properties-loader-1.5.jar:/Users/anaraimasheva/.m2/repository/commons-beanutils/commons-beanutils-core/1.8.3/commons-beanutils-core-1.8.3.jar:/Users/anaraimasheva/.m2/repository/org/slf4j/slf4j-api/1.7.12/slf4j-api-1.7.12.jar:"/>
    <property name="java.vm.vendor" value="JetBrains s.r.o."/>
    <property name="sun.arch.data.model" value="64"/>
    <property name="java.vendor.url" value="https://www.jetbrains.com/"/>
    <property name="user.timezone" value=""/>
    <property name="java.vm.specification.version" value="11"/>
    <property name="os.name" value="Mac OS X"/>
    <property name="sun.java.launcher" value="SUN_STANDARD"/>
    <property name="user.country" value="US"/>
    <property name="sun.boot.library.path" value="/Applications/IntelliJ IDEA CE.app/Contents/jbr/Contents/Home/lib"/>
    <property name="sun.java.command" value="/Users/anaraimasheva/GitHub/roman/romancepractice/target/surefire/surefirebooter16523763728370769702.jar /Users/anaraimasheva/GitHub/roman/romancepractice/target/surefire 2020-06-07T08-23-30_185-jvmRun1 surefire17272088171947202667tmp surefire_011785967296773672417tmp"/>
    <property name="http.nonProxyHosts" value="local|*.local|169.254/16|*.169.254/16"/>
    <property name="jdk.debug" value="release"/>
    <property name="surefire.test.class.path" value="/Users/anaraimasheva/GitHub/roman/romancepractice/target/test-classes:/Users/anaraimasheva/GitHub/roman/romancepractice/target/classes:/Users/anaraimasheva/.m2/repository/org/apache/commons/commons-lang3/3.4/commons-lang3-3.4.jar:/Users/anaraimasheva/.m2/repository/org/seleniumhq/selenium/selenium-java/3.141.59/selenium-java-3.141.59.jar:/Users/anaraimasheva/.m2/repository/org/seleniumhq/selenium/selenium-api/3.141.59/selenium-api-3.141.59.jar:/Users/anaraimasheva/.m2/repository/org/seleniumhq/selenium/selenium-chrome-driver/3.141.59/selenium-chrome-driver-3.141.59.jar:/Users/anaraimasheva/.m2/repository/org/seleniumhq/selenium/selenium-edge-driver/3.141.59/selenium-edge-driver-3.141.59.jar:/Users/anaraimasheva/.m2/repository/org/seleniumhq/selenium/selenium-firefox-driver/3.141.59/selenium-firefox-driver-3.141.59.jar:/Users/anaraimasheva/.m2/repository/org/seleniumhq/selenium/selenium-ie-driver/3.141.59/selenium-ie-driver-3.141.59.jar:/Users/anaraimasheva/.m2/repository/org/seleniumhq/selenium/selenium-opera-driver/3.141.59/selenium-opera-driver-3.141.59.jar:/Users/anaraimasheva/.m2/repository/org/seleniumhq/selenium/selenium-remote-driver/3.141.59/selenium-remote-driver-3.141.59.jar:/Users/anaraimasheva/.m2/repository/org/seleniumhq/selenium/selenium-safari-driver/3.141.59/selenium-safari-driver-3.141.59.jar:/Users/anaraimasheva/.m2/repository/org/seleniumhq/selenium/selenium-support/3.141.59/selenium-support-3.141.59.jar:/Users/anaraimasheva/.m2/repository/net/bytebuddy/byte-buddy/1.8.15/byte-buddy-1.8.15.jar:/Users/anaraimasheva/.m2/repository/org/apache/commons/commons-exec/1.3/commons-exec-1.3.jar:/Users/anaraimasheva/.m2/repository/com/google/guava/guava/25.0-jre/guava-25.0-jre.jar:/Users/anaraimasheva/.m2/repository/com/google/code/findbugs/jsr305/1.3.9/jsr305-1.3.9.jar:/Users/anaraimasheva/.m2/repository/org/checkerframework/checker-compat-qual/2.0.0/checker-compat-qual-2.0.0.jar:/Users/anaraimasheva/.m2/repository/com/google/errorprone/error_prone_annotations/2.1.3/error_prone_annotations-2.1.3.jar:/Users/anaraimasheva/.m2/repository/com/google/j2objc/j2objc-annotations/1.1/j2objc-annotations-1.1.jar:/Users/anaraimasheva/.m2/repository/org/codehaus/mojo/animal-sniffer-annotations/1.14/animal-sniffer-annotations-1.14.jar:/Users/anaraimasheva/.m2/repository/com/squareup/okhttp3/okhttp/3.11.0/okhttp-3.11.0.jar:/Users/anaraimasheva/.m2/repository/com/squareup/okio/okio/1.14.0/okio-1.14.0.jar:/Users/anaraimasheva/.m2/repository/io/rest-assured/rest-assured/3.3.0/rest-assured-3.3.0.jar:/Users/anaraimasheva/.m2/repository/org/codehaus/groovy/groovy/2.4.15/groovy-2.4.15.jar:/Users/anaraimasheva/.m2/repository/org/codehaus/groovy/groovy-xml/2.4.15/groovy-xml-2.4.15.jar:/Users/anaraimasheva/.m2/repository/org/apache/httpcomponents/httpclient/4.5.3/httpclient-4.5.3.jar:/Users/anaraimasheva/.m2/repository/org/apache/httpcomponents/httpcore/4.4.6/httpcore-4.4.6.jar:/Users/anaraimasheva/.m2/repository/commons-logging/commons-logging/1.2/commons-logging-1.2.jar:/Users/anaraimasheva/.m2/repository/commons-codec/commons-codec/1.9/commons-codec-1.9.jar:/Users/anaraimasheva/.m2/repository/org/apache/httpcomponents/httpmime/4.5.3/httpmime-4.5.3.jar:/Users/anaraimasheva/.m2/repository/org/hamcrest/hamcrest-core/1.3/hamcrest-core-1.3.jar:/Users/anaraimasheva/.m2/repository/org/hamcrest/hamcrest-library/1.3/hamcrest-library-1.3.jar:/Users/anaraimasheva/.m2/repository/org/ccil/cowan/tagsoup/tagsoup/1.2.1/tagsoup-1.2.1.jar:/Users/anaraimasheva/.m2/repository/io/rest-assured/json-path/3.3.0/json-path-3.3.0.jar:/Users/anaraimasheva/.m2/repository/org/codehaus/groovy/groovy-json/2.4.15/groovy-json-2.4.15.jar:/Users/anaraimasheva/.m2/repository/io/rest-assured/rest-assured-common/3.3.0/rest-assured-common-3.3.0.jar:/Users/anaraimasheva/.m2/repository/io/rest-assured/xml-path/3.3.0/xml-path-3.3.0.jar:/Users/anaraimasheva/.m2/repository/javax/xml/bind/jaxb-api/2.2.12/jaxb-api-2.2.12.jar:/Users/anaraimasheva/.m2/repository/com/sun/xml/bind/jaxb-osgi/2.2.10/jaxb-osgi-2.2.10.jar:/Users/anaraimasheva/.m2/repository/org/apache/sling/org.apache.sling.javax.activation/0.1.0/org.apache.sling.javax.activation-0.1.0.jar:/Users/anaraimasheva/.m2/repository/javax/activation/activation/1.1.1/activation-1.1.1.jar:/Users/anaraimasheva/.m2/repository/org/testng/testng/7.0.0/testng-7.0.0.jar:/Users/anaraimasheva/.m2/repository/com/beust/jcommander/1.72/jcommander-1.72.jar:/Users/anaraimasheva/.m2/repository/com/aventstack/extentreports/3.1.5/extentreports-3.1.5.jar:/Users/anaraimasheva/.m2/repository/org/freemarker/freemarker/2.3.23/freemarker-2.3.23.jar:/Users/anaraimasheva/.m2/repository/org/mongodb/mongodb-driver/3.3.0/mongodb-driver-3.3.0.jar:/Users/anaraimasheva/.m2/repository/org/mongodb/bson/3.3.0/bson-3.3.0.jar:/Users/anaraimasheva/.m2/repository/org/mongodb/mongodb-driver-core/3.3.0/mongodb-driver-core-3.3.0.jar:/Users/anaraimasheva/.m2/repository/org/jsoup/jsoup/1.9.2/jsoup-1.9.2.jar:/Users/anaraimasheva/.m2/repository/com/google/code/gson/gson/2.8.0/gson-2.8.0.jar:/Users/anaraimasheva/.m2/repository/com/automation-remarks/video-recorder-testng/1.0/video-recorder-testng-1.0.jar:/Users/anaraimasheva/.m2/repository/com/automation-remarks/video-recorder-core/1.0/video-recorder-core-1.0.jar:/Users/anaraimasheva/.m2/repository/ru/yandex/qatools/allure/allure-java-annotations/1.4.23/allure-java-annotations-1.4.23.jar:/Users/anaraimasheva/.m2/repository/ru/yandex/qatools/allure/allure-model/1.4.23/allure-model-1.4.23.jar:/Users/anaraimasheva/.m2/repository/org/jvnet/jaxb2_commons/jaxb2-basics-runtime/0.9.3/jaxb2-basics-runtime-0.9.3.jar:/Users/anaraimasheva/.m2/repository/ru/yandex/qatools/properties/properties-loader/1.5/properties-loader-1.5.jar:/Users/anaraimasheva/.m2/repository/commons-beanutils/commons-beanutils-core/1.8.3/commons-beanutils-core-1.8.3.jar:/Users/anaraimasheva/.m2/repository/org/slf4j/slf4j-api/1.7.12/slf4j-api-1.7.12.jar:"/>
    <property name="sun.cpu.endian" value="little"/>
    <property name="user.home" value="/Users/anaraimasheva"/>
    <property name="user.language" value="en"/>
    <property name="java.specification.vendor" value="Oracle Corporation"/>
    <property name="java.version.date" value="2020-04-14"/>
    <property name="java.home" value="/Applications/IntelliJ IDEA CE.app/Contents/jbr/Contents/Home"/>
    <property name="file.separator" value="/"/>
    <property name="basedir" value="/Users/anaraimasheva/GitHub/roman/romancepractice"/>
    <property name="java.vm.compressedOopsMode" value="Zero based"/>
    <property name="line.separator" value="&#10;"/>
    <property name="java.specification.name" value="Java Platform API Specification"/>
    <property name="java.vm.specification.vendor" value="Oracle Corporation"/>
    <property name="java.awt.graphicsenv" value="sun.awt.CGraphicsEnvironment"/>
    <property name="idea.version2020.1.2" value="true"/>
    <property name="surefire.real.class.path" value="/Users/anaraimasheva/GitHub/roman/romancepractice/target/surefire/surefirebooter16523763728370769702.jar"/>
    <property name="sun.management.compiler" value="HotSpot 64-Bit Tiered Compilers"/>
    <property name="ftp.nonProxyHosts" value="local|*.local|169.254/16|*.169.254/16"/>
    <property name="java.runtime.version" value="11.0.7+10-b765.53"/>
    <property name="user.name" value="anaraimasheva"/>
    <property name="path.separator" value=":"/>
    <property name="os.version" value="10.14.6"/>
    <property name="java.runtime.name" value="OpenJDK Runtime Environment"/>
    <property name="file.encoding" value="UTF-8"/>
    <property name="java.vm.name" value="OpenJDK 64-Bit Server VM"/>
    <property name="java.vendor.version" value="JBR-11.0.7.10-765.53-jfx"/>
    <property name="localRepository" value="/Users/anaraimasheva/.m2/repository"/>
    <property name="java.vendor.url.bug" value="https://youtrack.jetbrains.com"/>
    <property name="java.io.tmpdir" value="/var/folders/6y/hllg1rhd29j8k1dgnzkw8tl00000gn/T/"/>
    <property name="java.version" value="11.0.7"/>
    <property name="user.dir" value="/Users/anaraimasheva/GitHub/roman/romancepractice"/>
    <property name="os.arch" value="x86_64"/>
    <property name="java.vm.specification.name" value="Java Virtual Machine Specification"/>
    <property name="java.awt.printerjob" value="sun.lwawt.macosx.CPrinterJob"/>
    <property name="sun.os.patch.level" value="unknown"/>
    <property name="java.library.path" value="/Users/anaraimasheva/Library/Java/Extensions:/Library/Java/Extensions:/Network/Library/Java/Extensions:/System/Library/Java/Extensions:/usr/lib/java:."/>
    <property name="java.vendor" value="JetBrains s.r.o."/>
    <property name="java.vm.info" value="mixed mode"/>
    <property name="java.vm.version" value="11.0.7+10-b765.53"/>
    <property name="sun.io.unicode.encoding" value="UnicodeBig"/>
    <property name="java.class.version" value="55.0"/>
    <property name="socksNonProxyHosts" value="local|*.local|169.254/16|*.169.254/16"/>
  </properties>
  <testcase name="setup" classname="com.romanceabroad.ui.RegistrationTests" time="0.455">
    <failure message="You appear to be running MAC. The IE driver only runs on Windows.&#10;Build info: version: &apos;3.141.59&apos;, revision: &apos;e82be7d358&apos;, time: &apos;2018-11-14T08:17:03&apos;&#10;System info: host: &apos;Anaras-MacBook-Pro.local&apos;, ip: &apos;2601:647:4a00:ccf0:0:0:0:f5fd%en0&apos;, os.name: &apos;Mac OS X&apos;, os.arch: &apos;x86_64&apos;, os.version: &apos;10.14.6&apos;, java.version: &apos;11.0.7&apos;&#10;Driver info: driver.version: InternetExplorerDriver" type="org.openqa.selenium.WebDriverException">org.openqa.selenium.WebDriverException: 
You appear to be running MAC. The IE driver only runs on Windows.
Build info: version: '3.141.59', revision: 'e82be7d358', time: '2018-11-14T08:17:03'
System info: host: 'Anaras-MacBook-Pro.local', ip: '2601:647:4a00:ccf0:0:0:0:f5fd%en0', os.name: 'Mac OS X', os.arch: 'x86_64', os.version: '10.14.6', java.version: '11.0.7'
Driver info: driver.version: InternetExplorerDriver
</failure>
  </testcase>
  <testcase name="setup" classname="com.romanceabroad.ui.RegistrationTests" time="0.012">
    <failure message="You appear to be running MAC. The IE driver only runs on Windows.&#10;Build info: version: &apos;3.141.59&apos;, revision: &apos;e82be7d358&apos;, time: &apos;2018-11-14T08:17:03&apos;&#10;System info: host: &apos;Anaras-MacBook-Pro.local&apos;, ip: &apos;2601:647:4a00:ccf0:0:0:0:f5fd%en0&apos;, os.name: &apos;Mac OS X&apos;, os.arch: &apos;x86_64&apos;, os.version: &apos;10.14.6&apos;, java.version: &apos;11.0.7&apos;&#10;Driver info: driver.version: InternetExplorerDriver" type="org.openqa.selenium.WebDriverException">org.openqa.selenium.WebDriverException: 
You appear to be running MAC. The IE driver only runs on Windows.
Build info: version: '3.141.59', revision: 'e82be7d358', time: '2018-11-14T08:17:03'
System info: host: 'Anaras-MacBook-Pro.local', ip: '2601:647:4a00:ccf0:0:0:0:f5fd%en0', os.name: 'Mac OS X', os.arch: 'x86_64', os.version: '10.14.6', java.version: '11.0.7'
Driver info: driver.version: InternetExplorerDriver
</failure>
  </testcase>
  <testcase name="setup" classname="com.romanceabroad.ui.RegistrationTests" time="0.535">
    <failure message="You appear to be running MAC. The IE driver only runs on Windows.&#10;Build info: version: &apos;3.141.59&apos;, revision: &apos;e82be7d358&apos;, time: &apos;2018-11-14T08:17:03&apos;&#10;System info: host: &apos;Anaras-MacBook-Pro.local&apos;, ip: &apos;2601:647:4a00:ccf0:0:0:0:f5fd%en0&apos;, os.name: &apos;Mac OS X&apos;, os.arch: &apos;x86_64&apos;, os.version: &apos;10.14.6&apos;, java.version: &apos;11.0.7&apos;&#10;Driver info: driver.version: InternetExplorerDriver" type="org.openqa.selenium.WebDriverException">org.openqa.selenium.WebDriverException: 
You appear to be running MAC. The IE driver only runs on Windows.
Build info: version: '3.141.59', revision: 'e82be7d358', time: '2018-11-14T08:17:03'
System info: host: 'Anaras-MacBook-Pro.local', ip: '2601:647:4a00:ccf0:0:0:0:f5fd%en0', os.name: 'Mac OS X', os.arch: 'x86_64', os.version: '10.14.6', java.version: '11.0.7'
Driver info: driver.version: InternetExplorerDriver
</failure>
  </testcase>
  <testcase name="setup" classname="com.romanceabroad.ui.RegistrationTests" time="0.243">
    <failure message="You appear to be running MAC. The IE driver only runs on Windows.&#10;Build info: version: &apos;3.141.59&apos;, revision: &apos;e82be7d358&apos;, time: &apos;2018-11-14T08:17:03&apos;&#10;System info: host: &apos;Anaras-MacBook-Pro.local&apos;, ip: &apos;2601:647:4a00:ccf0:0:0:0:f5fd%en0&apos;, os.name: &apos;Mac OS X&apos;, os.arch: &apos;x86_64&apos;, os.version: &apos;10.14.6&apos;, java.version: &apos;11.0.7&apos;&#10;Driver info: driver.version: InternetExplorerDriver" type="org.openqa.selenium.WebDriverException">org.openqa.selenium.WebDriverException: 
You appear to be running MAC. The IE driver only runs on Windows.
Build info: version: '3.141.59', revision: 'e82be7d358', time: '2018-11-14T08:17:03'
System info: host: 'Anaras-MacBook-Pro.local', ip: '2601:647:4a00:ccf0:0:0:0:f5fd%en0', os.name: 'Mac OS X', os.arch: 'x86_64', os.version: '10.14.6', java.version: '11.0.7'
Driver info: driver.version: InternetExplorerDriver
</failure>
  </testcase>
  <testcase name="setup" classname="com.romanceabroad.ui.RegistrationTests" time="0.199">
    <failure message="You appear to be running MAC. The IE driver only runs on Windows.&#10;Build info: version: &apos;3.141.59&apos;, revision: &apos;e82be7d358&apos;, time: &apos;2018-11-14T08:17:03&apos;&#10;System info: host: &apos;Anaras-MacBook-Pro.local&apos;, ip: &apos;2601:647:4a00:ccf0:0:0:0:f5fd%en0&apos;, os.name: &apos;Mac OS X&apos;, os.arch: &apos;x86_64&apos;, os.version: &apos;10.14.6&apos;, java.version: &apos;11.0.7&apos;&#10;Driver info: driver.version: InternetExplorerDriver" type="org.openqa.selenium.WebDriverException">org.openqa.selenium.WebDriverException: 
You appear to be running MAC. The IE driver only runs on Windows.
Build info: version: '3.141.59', revision: 'e82be7d358', time: '2018-11-14T08:17:03'
System info: host: 'Anaras-MacBook-Pro.local', ip: '2601:647:4a00:ccf0:0:0:0:f5fd%en0', os.name: 'Mac OS X', os.arch: 'x86_64', os.version: '10.14.6', java.version: '11.0.7'
Driver info: driver.version: InternetExplorerDriver
</failure>
  </testcase>
  <testcase name="setup" classname="com.romanceabroad.ui.RegistrationTests" time="0.002">
    <failure message="You appear to be running MAC. The IE driver only runs on Windows.&#10;Build info: version: &apos;3.141.59&apos;, revision: &apos;e82be7d358&apos;, time: &apos;2018-11-14T08:17:03&apos;&#10;System info: host: &apos;Anaras-MacBook-Pro.local&apos;, ip: &apos;2601:647:4a00:ccf0:0:0:0:f5fd%en0&apos;, os.name: &apos;Mac OS X&apos;, os.arch: &apos;x86_64&apos;, os.version: &apos;10.14.6&apos;, java.version: &apos;11.0.7&apos;&#10;Driver info: driver.version: InternetExplorerDriver" type="org.openqa.selenium.WebDriverException">org.openqa.selenium.WebDriverException: 
You appear to be running MAC. The IE driver only runs on Windows.
Build info: version: '3.141.59', revision: 'e82be7d358', time: '2018-11-14T08:17:03'
System info: host: 'Anaras-MacBook-Pro.local', ip: '2601:647:4a00:ccf0:0:0:0:f5fd%en0', os.name: 'Mac OS X', os.arch: 'x86_64', os.version: '10.14.6', java.version: '11.0.7'
Driver info: driver.version: InternetExplorerDriver
</failure>
  </testcase>
  <testcase name="setup" classname="com.romanceabroad.ui.RegistrationTests" time="0.004">
    <failure message="You appear to be running MAC. The IE driver only runs on Windows.&#10;Build info: version: &apos;3.141.59&apos;, revision: &apos;e82be7d358&apos;, time: &apos;2018-11-14T08:17:03&apos;&#10;System info: host: &apos;Anaras-MacBook-Pro.local&apos;, ip: &apos;2601:647:4a00:ccf0:0:0:0:f5fd%en0&apos;, os.name: &apos;Mac OS X&apos;, os.arch: &apos;x86_64&apos;, os.version: &apos;10.14.6&apos;, java.version: &apos;11.0.7&apos;&#10;Driver info: driver.version: InternetExplorerDriver" type="org.openqa.selenium.WebDriverException">org.openqa.selenium.WebDriverException: 
You appear to be running MAC. The IE driver only runs on Windows.
Build info: version: '3.141.59', revision: 'e82be7d358', time: '2018-11-14T08:17:03'
System info: host: 'Anaras-MacBook-Pro.local', ip: '2601:647:4a00:ccf0:0:0:0:f5fd%en0', os.name: 'Mac OS X', os.arch: 'x86_64', os.version: '10.14.6', java.version: '11.0.7'
Driver info: driver.version: InternetExplorerDriver
</failure>
  </testcase>
  <testcase name="setup" classname="com.romanceabroad.ui.RegistrationTests" time="0.011">
    <failure message="You appear to be running MAC. The IE driver only runs on Windows.&#10;Build info: version: &apos;3.141.59&apos;, revision: &apos;e82be7d358&apos;, time: &apos;2018-11-14T08:17:03&apos;&#10;System info: host: &apos;Anaras-MacBook-Pro.local&apos;, ip: &apos;2601:647:4a00:ccf0:0:0:0:f5fd%en0&apos;, os.name: &apos;Mac OS X&apos;, os.arch: &apos;x86_64&apos;, os.version: &apos;10.14.6&apos;, java.version: &apos;11.0.7&apos;&#10;Driver info: driver.version: InternetExplorerDriver" type="org.openqa.selenium.WebDriverException">org.openqa.selenium.WebDriverException: 
You appear to be running MAC. The IE driver only runs on Windows.
Build info: version: '3.141.59', revision: 'e82be7d358', time: '2018-11-14T08:17:03'
System info: host: 'Anaras-MacBook-Pro.local', ip: '2601:647:4a00:ccf0:0:0:0:f5fd%en0', os.name: 'Mac OS X', os.arch: 'x86_64', os.version: '10.14.6', java.version: '11.0.7'
Driver info: driver.version: InternetExplorerDriver
</failure>
  </testcase>
  <testcase name="setup" classname="com.romanceabroad.ui.RegistrationTests" time="0.002">
    <failure message="You appear to be running MAC. The IE driver only runs on Windows.&#10;Build info: version: &apos;3.141.59&apos;, revision: &apos;e82be7d358&apos;, time: &apos;2018-11-14T08:17:03&apos;&#10;System info: host: &apos;Anaras-MacBook-Pro.local&apos;, ip: &apos;2601:647:4a00:ccf0:0:0:0:f5fd%en0&apos;, os.name: &apos;Mac OS X&apos;, os.arch: &apos;x86_64&apos;, os.version: &apos;10.14.6&apos;, java.version: &apos;11.0.7&apos;&#10;Driver info: driver.version: InternetExplorerDriver" type="org.openqa.selenium.WebDriverException">org.openqa.selenium.WebDriverException: 
You appear to be running MAC. The IE driver only runs on Windows.
Build info: version: '3.141.59', revision: 'e82be7d358', time: '2018-11-14T08:17:03'
System info: host: 'Anaras-MacBook-Pro.local', ip: '2601:647:4a00:ccf0:0:0:0:f5fd%en0', os.name: 'Mac OS X', os.arch: 'x86_64', os.version: '10.14.6', java.version: '11.0.7'
Driver info: driver.version: InternetExplorerDriver
</failure>
  </testcase>
  <testcase name="testBoolean" classname="com.romanceabroad.ui.RegistrationTests" time="0">
    <skipped message="You appear to be running MAC. The IE driver only runs on Windows.&#10;Build info: version: &apos;3.141.59&apos;, revision: &apos;e82be7d358&apos;, time: &apos;2018-11-14T08:17:03&apos;&#10;System info: host: &apos;Anaras-MacBook-Pro.local&apos;, ip: &apos;2601:647:4a00:ccf0:0:0:0:f5fd%en0&apos;, os.name: &apos;Mac OS X&apos;, os.arch: &apos;x86_64&apos;, os.version: &apos;10.14.6&apos;, java.version: &apos;11.0.7&apos;&#10;Driver info: driver.version: InternetExplorerDriver"/>
  </testcase>
  <testcase name="testBoolean" classname="com.romanceabroad.ui.RegistrationTests" time="0.001"/>
  <testcase name="testBoolean" classname="com.romanceabroad.ui.RegistrationTests" time="0"/>
  <testcase name="closeBrowser" classname="com.romanceabroad.ui.RegistrationTests" time="0">
    <skipped/>
  </testcase>
  <testcase name="closeBrowser" classname="com.romanceabroad.ui.RegistrationTests" time="0">
    <skipped/>
  </testcase>
  <testcase name="closeBrowser" classname="com.romanceabroad.ui.RegistrationTests" time="0">
    <skipped/>
  </testcase>
  <testcase name="closeBrowser" classname="com.romanceabroad.ui.RegistrationTests" time="0">
    <skipped/>
  </testcase>
  <testcase name="closeBrowser" classname="com.romanceabroad.ui.RegistrationTests" time="0">
    <skipped/>
  </testcase>
  <testcase name="closeBrowser" classname="com.romanceabroad.ui.RegistrationTests" time="0">
    <skipped/>
  </testcase>
  <testcase name="closeBrowser" classname="com.romanceabroad.ui.RegistrationTests" time="0">
    <skipped/>
  </testcase>
  <testcase name="closeBrowser" classname="com.romanceabroad.ui.RegistrationTests" time="0">
    <skipped/>
  </testcase>
  <testcase name="closeBrowser" classname="com.romanceabroad.ui.RegistrationTests" time="0">
    <skipped/>
  </testcase>
  <testcase name="testRegistration2" classname="com.romanceabroad.ui.RegistrationTests" time="0">
    <skipped message="You appear to be running MAC. The IE driver only runs on Windows.&#10;Build info: version: &apos;3.141.59&apos;, revision: &apos;e82be7d358&apos;, time: &apos;2018-11-14T08:17:03&apos;&#10;System info: host: &apos;Anaras-MacBook-Pro.local&apos;, ip: &apos;2601:647:4a00:ccf0:0:0:0:f5fd%en0&apos;, os.name: &apos;Mac OS X&apos;, os.arch: &apos;x86_64&apos;, os.version: &apos;10.14.6&apos;, java.version: &apos;11.0.7&apos;&#10;Driver info: driver.version: InternetExplorerDriver"/>
    <system-err><![CDATA[Video recording
[/Users/anaraimasheva/GitHub/roman/romancepractice/video/Registration tests_recording_2020_07_06_08_23_31.avi]
]]></system-err>
  </testcase>
  <testcase name="testRegistration2" classname="com.romanceabroad.ui.RegistrationTests" time="0">
    <skipped message="You appear to be running MAC. The IE driver only runs on Windows.&#10;Build info: version: &apos;3.141.59&apos;, revision: &apos;e82be7d358&apos;, time: &apos;2018-11-14T08:17:03&apos;&#10;System info: host: &apos;Anaras-MacBook-Pro.local&apos;, ip: &apos;2601:647:4a00:ccf0:0:0:0:f5fd%en0&apos;, os.name: &apos;Mac OS X&apos;, os.arch: &apos;x86_64&apos;, os.version: &apos;10.14.6&apos;, java.version: &apos;11.0.7&apos;&#10;Driver info: driver.version: InternetExplorerDriver"/>
    <system-err><![CDATA[Video recording
[/Users/anaraimasheva/GitHub/roman/romancepractice/video/Registration tests_recording_2020_07_06_08_23_31.avi]
]]></system-err>
  </testcase>
  <testcase name="testRegistration2" classname="com.romanceabroad.ui.RegistrationTests" time="0">
    <skipped message="You appear to be running MAC. The IE driver only runs on Windows.&#10;Build info: version: &apos;3.141.59&apos;, revision: &apos;e82be7d358&apos;, time: &apos;2018-11-14T08:17:03&apos;&#10;System info: host: &apos;Anaras-MacBook-Pro.local&apos;, ip: &apos;2601:647:4a00:ccf0:0:0:0:f5fd%en0&apos;, os.name: &apos;Mac OS X&apos;, os.arch: &apos;x86_64&apos;, os.version: &apos;10.14.6&apos;, java.version: &apos;11.0.7&apos;&#10;Driver info: driver.version: InternetExplorerDriver"/>
    <system-err><![CDATA[Video recording
[/Users/anaraimasheva/GitHub/roman/romancepractice/video/Registration tests_recording_2020_07_06_08_23_31.avi]
]]></system-err>
  </testcase>
  <testcase name="testRegistration2" classname="com.romanceabroad.ui.RegistrationTests" time="5.986"/>
  <testcase name="testRegistration2" classname="com.romanceabroad.ui.RegistrationTests" time="0.524"/>
  <testcase name="testRegistration2" classname="com.romanceabroad.ui.RegistrationTests" time="5.381">
    <failure message="Element &lt;li class=&quot;active&quot;&gt; could not be scrolled into view&#10;Build info: version: &apos;3.141.59&apos;, revision: &apos;e82be7d358&apos;, time: &apos;2018-11-14T08:17:03&apos;&#10;System info: host: &apos;Anaras-MacBook-Pro.local&apos;, ip: &apos;2601:647:4a00:ccf0:0:0:0:f5fd%en0&apos;, os.name: &apos;Mac OS X&apos;, os.arch: &apos;x86_64&apos;, os.version: &apos;10.14.6&apos;, java.version: &apos;11.0.7&apos;&#10;Driver info: org.openqa.selenium.firefox.FirefoxDriver&#10;Capabilities {acceptInsecureCerts: true, browserName: firefox, browserVersion: 76.0.1, javascriptEnabled: true, moz:accessibilityChecks: false, moz:buildID: 20200507114007, moz:geckodriverVersion: 0.26.0, moz:headless: false, moz:processID: 27489, moz:profile: /var/folders/6y/hllg1rhd29j..., moz:shutdownTimeout: 60000, moz:useNonSpecCompliantPointerOrigin: false, moz:webdriverClick: true, pageLoadStrategy: normal, platform: MAC, platformName: MAC, platformVersion: 18.7.0, rotatable: false, setWindowRect: true, strictFileInteractability: false, timeouts: {implicit: 0, pageLoad: 300000, script: 30000}, unhandledPromptBehavior: dismiss and notify}&#10;Session ID: 8d2dfc7a-86f4-ba46-9cd1-c452182a7581" type="org.openqa.selenium.ElementNotInteractableException"><![CDATA[org.openqa.selenium.ElementNotInteractableException: 
Element <li class="active"> could not be scrolled into view
Build info: version: '3.141.59', revision: 'e82be7d358', time: '2018-11-14T08:17:03'
System info: host: 'Anaras-MacBook-Pro.local', ip: '2601:647:4a00:ccf0:0:0:0:f5fd%en0', os.name: 'Mac OS X', os.arch: 'x86_64', os.version: '10.14.6', java.version: '11.0.7'
Driver info: org.openqa.selenium.firefox.FirefoxDriver
Capabilities {acceptInsecureCerts: true, browserName: firefox, browserVersion: 76.0.1, javascriptEnabled: true, moz:accessibilityChecks: false, moz:buildID: 20200507114007, moz:geckodriverVersion: 0.26.0, moz:headless: false, moz:processID: 27489, moz:profile: /var/folders/6y/hllg1rhd29j..., moz:shutdownTimeout: 60000, moz:useNonSpecCompliantPointerOrigin: false, moz:webdriverClick: true, pageLoadStrategy: normal, platform: MAC, platformName: MAC, platformVersion: 18.7.0, rotatable: false, setWindowRect: true, strictFileInteractability: false, timeouts: {implicit: 0, pageLoad: 300000, script: 30000}, unhandledPromptBehavior: dismiss and notify}
Session ID: 8d2dfc7a-86f4-ba46-9cd1-c452182a7581
	at com.romanceabroad.ui.RegistrationTests.testRegistration2(RegistrationTests.java:44)
]]></failure>
    <system-out><![CDATA[Wait Join button
Click Join button
Wait email text field
Type email in text field11@yandex.com
Wait password text field
Type password in text field123456
Wait Next button
Click Next button
Wait Nickname textfield
Type nickname: Nick13681
Click list of days
Select specific day: 2
Collect elements in list
Start using loop with size of list
Create new webelement of list
Create new String with text from element of list
Value of list: 1
Create new webelement of list
Create new String with text from element of list
Value of list: 2
Wait element of list to be clickable
Click list of elements
Create new webelement of list
Create new String with text from element of list
Value of list: 
Create new webelement of list
Create new String with text from element of list
Value of list: 
Create new webelement of list
Create new String with text from element of list
Value of list: 
Create new webelement of list
Create new String with text from element of list
Value of list: 
Create new webelement of list
Create new String with text from element of list
Value of list: 
Create new webelement of list
Create new String with text from element of list
Value of list: 
Create new webelement of list
Create new String with text from element of list
Value of list: 
Create new webelement of list
Create new String with text from element of list
Value of list: 
Create new webelement of list
Create new String with text from element of list
Value of list: 
Create new webelement of list
Create new String with text from element of list
Value of list: 
Create new webelement of list
Create new String with text from element of list
Value of list: 
Create new webelement of list
Create new String with text from element of list
Value of list: 
Create new webelement of list
Create new String with text from element of list
Value of list: 
Create new webelement of list
Create new String with text from element of list
Value of list: 
Create new webelement of list
Create new String with text from element of list
Value of list: 
Create new webelement of list
Create new String with text from element of list
Value of list: 
Create new webelement of list
Create new String with text from element of list
Value of list: 
Create new webelement of list
Create new String with text from element of list
Value of list: 
Create new webelement of list
Create new String with text from element of list
Value of list: 
Create new webelement of list
Create new String with text from element of list
Value of list: 
Create new webelement of list
Create new String with text from element of list
Value of list: 
Create new webelement of list
Create new String with text from element of list
Value of list: 
Create new webelement of list
Create new String with text from element of list
Value of list: 
Create new webelement of list
Create new String with text from element of list
Value of list: 
Create new webelement of list
Create new String with text from element of list
Value of list: 
Create new webelement of list
Create new String with text from element of list
Value of list: 
Create new webelement of list
Create new String with text from element of list
Value of list: 
Create new webelement of list
Create new String with text from element of list
Value of list: 
Click list of months
Select specific month: May
Collect elements in list
Start using loop with size of list
Create new webelement of list
Create new String with text from element of list
Value of list: Jan
Create new webelement of list
Create new String with text from element of list
Value of list: Feb
Create new webelement of list
Create new String with text from element of list
Value of list: Mar
Create new webelement of list
Create new String with text from element of list
Value of list: Apr
Create new webelement of list
Create new String with text from element of list
Value of list: May
Wait element of list to be clickable
Click list of elements
Create new webelement of list
Create new String with text from element of list
Value of list: 
Create new webelement of list
Create new String with text from element of list
Value of list: 
Create new webelement of list
Create new String with text from element of list
Value of list: 
Create new webelement of list
Create new String with text from element of list
Value of list: 
Create new webelement of list
Create new String with text from element of list
Value of list: 
Create new webelement of list
Create new String with text from element of list
Value of list: 
Create new webelement of list
Create new String with text from element of list
Value of list: 
Click specific year: May
Select specific year: 1995
Collect elements in list
Start using loop with size of list
Create new webelement of list
Create new String with text from element of list
Value of list: 2002
Create new webelement of list
Create new String with text from element of list
Value of list: 2001
Create new webelement of list
Create new String with text from element of list
Value of list: 2000
Create new webelement of list
Create new String with text from element of list
Value of list: 1999
Create new webelement of list
Create new String with text from element of list
Value of list: 1998
Create new webelement of list
Create new String with text from element of list
Value of list: 1997
Create new webelement of list
Create new String with text from element of list
Value of list: 1996
Create new webelement of list
Create new String with text from element of list
Value of list: 1995
Wait element of list to be clickable
Click list of elements
Create new webelement of list
Create new String with text from element of list
Value of list: 
Create new webelement of list
Create new String with text from element of list
Value of list: 
Create new webelement of list
Create new String with text from element of list
Value of list: 
Create new webelement of list
Create new String with text from element of list
Value of list: 
Create new webelement of list
Create new String with text from element of list
Value of list: 
Create new webelement of list
Create new String with text from element of list
Value of list: 
Create new webelement of list
Create new String with text from element of list
Value of list: 
Create new webelement of list
Create new String with text from element of list
Value of list: 
Create new webelement of list
Create new String with text from element of list
Value of list: 
Create new webelement of list
Create new String with text from element of list
Value of list: 
Create new webelement of list
Create new String with text from element of list
Value of list: 
Create new webelement of list
Create new String with text from element of list
Value of list: 
Create new webelement of list
Create new String with text from element of list
Value of list: 
Create new webelement of list
Create new String with text from element of list
Value of list: 
Create new webelement of list
Create new String with text from element of list
Value of list: 
Create new webelement of list
Create new String with text from element of list
Value of list: 
Create new webelement of list
Create new String with text from element of list
Value of list: 
Create new webelement of list
Create new String with text from element of list
Value of list: 
Create new webelement of list
Create new String with text from element of list
Value of list: 
Create new webelement of list
Create new String with text from element of list
Value of list: 
Create new webelement of list
Create new String with text from element of list
Value of list: 
Create new webelement of list
Create new String with text from element of list
Value of list: 
Create new webelement of list
Create new String with text from element of list
Value of list: 
Create new webelement of list
Create new String with text from element of list
Value of list: 
Create new webelement of list
Create new String with text from element of list
Value of list: 
Create new webelement of list
Create new String with text from element of list
Value of list: 
Create new webelement of list
Create new String with text from element of list
Value of list: 
Create new webelement of list
Create new String with text from element of list
Value of list: 
Create new webelement of list
Create new String with text from element of list
Value of list: 
Create new webelement of list
Create new String with text from element of list
Value of list: 
Create new webelement of list
Create new String with text from element of list
Value of list: 
Create new webelement of list
Create new String with text from element of list
Value of list: 
Create new webelement of list
Create new String with text from element of list
Value of list: 
Create new webelement of list
Create new String with text from element of list
Value of list: 
Create new webelement of list
Create new String with text from element of list
Value of list: 
Create new webelement of list
Create new String with text from element of list
Value of list: 
Create new webelement of list
Create new String with text from element of list
Value of list: 
Create new webelement of list
Create new String with text from element of list
Value of list: 
Create new webelement of list
Create new String with text from element of list
Value of list: 
Create new webelement of list
Create new String with text from element of list
Value of list: 
Create new webelement of list
Create new String with text from element of list
Value of list: 
Create new webelement of list
Create new String with text from element of list
Value of list: 
Create new webelement of list
Create new String with text from element of list
Value of list: 
Create new webelement of list
Create new String with text from element of list
Value of list: 
Create new webelement of list
Create new String with text from element of list
Value of list: 
Create new webelement of list
Create new String with text from element of list
Value of list: 
Create new webelement of list
Create new String with text from element of list
Value of list: 
Create new webelement of list
Create new String with text from element of list
Value of list: 
Create new webelement of list
Create new String with text from element of list
Value of list: 
Create new webelement of list
Create new String with text from element of list
Value of list: 
Create new webelement of list
Create new String with text from element of list
Value of list: 
Create new webelement of list
Create new String with text from element of list
Value of list: 
Create new webelement of list
Create new String with text from element of list
Value of list: 
Create new webelement of list
Create new String with text from element of list
Value of list: 
Create new webelement of list
Create new String with text from element of list
Value of list: 
Type phone number: 6197247589
Click confirmation checkbox
Clean location autofilling form
Type name of city: Sydney
Collect elements in list
Start using loop with size of list
Create new webelement of list
Create new String with text from element of list
Value of list: Sydney, State of New South Wales, Australia
Wait element of list to be clickable
Click list of elements
]]></system-out>
    <system-err><![CDATA[1591543455903	Marionette	INFO	Stopped listening on port 54523
1591543459521	mozrunner::runner	INFO	Running command: "/Applications/Firefox.app/Contents/MacOS/firefox-bin" "-marionette" "-foreground" "-no-remote" "-profile" "/var/folders/6y/hllg1rhd29j8k1dgnzkw8tl00000gn/T/rust_mozprofileQg0txV"
1591543459825	addons.webextension.doh-rollout@mozilla.org	WARN	Loading extension 'doh-rollout@mozilla.org': Reading manifest: Invalid extension permission: networkStatus
1591543460057	addons.webextension.screenshots@mozilla.org	WARN	Loading extension 'screenshots@mozilla.org': Reading manifest: Invalid extension permission: mozillaAddons
1591543460057	addons.webextension.screenshots@mozilla.org	WARN	Loading extension 'screenshots@mozilla.org': Reading manifest: Invalid extension permission: telemetry
1591543460057	addons.webextension.screenshots@mozilla.org	WARN	Loading extension 'screenshots@mozilla.org': Reading manifest: Invalid extension permission: resource://pdf.js/
1591543460057	addons.webextension.screenshots@mozilla.org	WARN	Loading extension 'screenshots@mozilla.org': Reading manifest: Invalid extension permission: about:reader*
1591543461494	Marionette	INFO	Listening on port 54702
1591543461566	Marionette	WARN	TLS certificate errors will be ignored for this session
Jun 07, 2020 8:24:21 AM org.openqa.selenium.remote.ProtocolHandshake createSession
INFO: Detected dialect: W3C
Video recording
[/Users/anaraimasheva/GitHub/roman/romancepractice/video/Registration tests_recording_2020_07_06_08_24_27.avi]
]]></system-err>
  </testcase>
  <testcase name="testRegistration2" classname="com.romanceabroad.ui.RegistrationTests" time="3.899"/>
  <testcase name="testRegistration2" classname="com.romanceabroad.ui.RegistrationTests" time="0.528"/>
  <testcase name="testRegistration2" classname="com.romanceabroad.ui.RegistrationTests" time="4.393"/>
  <testcase name="testRegistrationForInvalidEmailTestCase31" classname="com.romanceabroad.ui.RegistrationTests" time="0">
    <skipped message="You appear to be running MAC. The IE driver only runs on Windows.&#10;Build info: version: &apos;3.141.59&apos;, revision: &apos;e82be7d358&apos;, time: &apos;2018-11-14T08:17:03&apos;&#10;System info: host: &apos;Anaras-MacBook-Pro.local&apos;, ip: &apos;2601:647:4a00:ccf0:0:0:0:f5fd%en0&apos;, os.name: &apos;Mac OS X&apos;, os.arch: &apos;x86_64&apos;, os.version: &apos;10.14.6&apos;, java.version: &apos;11.0.7&apos;&#10;Driver info: driver.version: InternetExplorerDriver"/>
    <system-err><![CDATA[Video recording
[/Users/anaraimasheva/GitHub/roman/romancepractice/video/Registration tests_recording_2020_07_06_08_23_31.avi]
]]></system-err>
  </testcase>
  <testcase name="testRegistrationForInvalidEmailTestCase31" classname="com.romanceabroad.ui.RegistrationTests" time="0.655"/>
  <testcase name="testRegistrationForInvalidEmailTestCase31" classname="com.romanceabroad.ui.RegistrationTests" time="0.336"/>
  <testcase name="testRegistrationForExistingUserTestCase32" classname="com.romanceabroad.ui.RegistrationTests" time="0">
    <skipped message="You appear to be running MAC. The IE driver only runs on Windows.&#10;Build info: version: &apos;3.141.59&apos;, revision: &apos;e82be7d358&apos;, time: &apos;2018-11-14T08:17:03&apos;&#10;System info: host: &apos;Anaras-MacBook-Pro.local&apos;, ip: &apos;2601:647:4a00:ccf0:0:0:0:f5fd%en0&apos;, os.name: &apos;Mac OS X&apos;, os.arch: &apos;x86_64&apos;, os.version: &apos;10.14.6&apos;, java.version: &apos;11.0.7&apos;&#10;Driver info: driver.version: InternetExplorerDriver"/>
    <system-err><![CDATA[Video recording
[/Users/anaraimasheva/GitHub/roman/romancepractice/video/Registration tests_recording_2020_07_06_08_23_31.avi]
]]></system-err>
  </testcase>
  <testcase name="testRegistrationForExistingUserTestCase32" classname="com.romanceabroad.ui.RegistrationTests" time="1.444"/>
  <testcase name="testRegistrationForExistingUserTestCase32" classname="com.romanceabroad.ui.RegistrationTests" time="1.46"/>
  <testcase name="testRegistrationForInvalidPasswordTestCase33" classname="com.romanceabroad.ui.RegistrationTests" time="0">
    <skipped message="You appear to be running MAC. The IE driver only runs on Windows.&#10;Build info: version: &apos;3.141.59&apos;, revision: &apos;e82be7d358&apos;, time: &apos;2018-11-14T08:17:03&apos;&#10;System info: host: &apos;Anaras-MacBook-Pro.local&apos;, ip: &apos;2601:647:4a00:ccf0:0:0:0:f5fd%en0&apos;, os.name: &apos;Mac OS X&apos;, os.arch: &apos;x86_64&apos;, os.version: &apos;10.14.6&apos;, java.version: &apos;11.0.7&apos;&#10;Driver info: driver.version: InternetExplorerDriver"/>
    <system-err><![CDATA[Video recording
[/Users/anaraimasheva/GitHub/roman/romancepractice/video/Registration tests_recording_2020_07_06_08_23_31.avi]
]]></system-err>
  </testcase>
  <testcase name="testRegistrationForInvalidPasswordTestCase33" classname="com.romanceabroad.ui.RegistrationTests" time="20.636">
    <failure message="Expected condition failed: waiting for element to be clickable: By.xpath: //button[@data-action=&apos;next-page&apos;][text()=&apos;Next&apos;] (tried for 20 second(s) with 500 milliseconds interval)&#10;Build info: version: &apos;3.141.59&apos;, revision: &apos;e82be7d358&apos;, time: &apos;2018-11-14T08:17:03&apos;&#10;System info: host: &apos;Anaras-MacBook-Pro.local&apos;, ip: &apos;2601:647:4a00:ccf0:0:0:0:f5fd%en0&apos;, os.name: &apos;Mac OS X&apos;, os.arch: &apos;x86_64&apos;, os.version: &apos;10.14.6&apos;, java.version: &apos;11.0.7&apos;&#10;Driver info: org.openqa.selenium.firefox.FirefoxDriver&#10;Capabilities {acceptInsecureCerts: true, browserName: firefox, browserVersion: 76.0.1, javascriptEnabled: true, moz:accessibilityChecks: false, moz:buildID: 20200507114007, moz:geckodriverVersion: 0.26.0, moz:headless: false, moz:processID: 27604, moz:profile: /var/folders/6y/hllg1rhd29j..., moz:shutdownTimeout: 60000, moz:useNonSpecCompliantPointerOrigin: false, moz:webdriverClick: true, pageLoadStrategy: normal, platform: MAC, platformName: MAC, platformVersion: 18.7.0, rotatable: false, setWindowRect: true, strictFileInteractability: false, timeouts: {implicit: 0, pageLoad: 300000, script: 30000}, unhandledPromptBehavior: dismiss and notify}&#10;Session ID: 062cf0cb-a986-674f-8d9f-8548ef2a5960" type="org.openqa.selenium.TimeoutException">org.openqa.selenium.TimeoutException: 
Expected condition failed: waiting for element to be clickable: By.xpath: //button[@data-action='next-page'][text()='Next'] (tried for 20 second(s) with 500 milliseconds interval)
Build info: version: '3.141.59', revision: 'e82be7d358', time: '2018-11-14T08:17:03'
System info: host: 'Anaras-MacBook-Pro.local', ip: '2601:647:4a00:ccf0:0:0:0:f5fd%en0', os.name: 'Mac OS X', os.arch: 'x86_64', os.version: '10.14.6', java.version: '11.0.7'
Driver info: org.openqa.selenium.firefox.FirefoxDriver
Capabilities {acceptInsecureCerts: true, browserName: firefox, browserVersion: 76.0.1, javascriptEnabled: true, moz:accessibilityChecks: false, moz:buildID: 20200507114007, moz:geckodriverVersion: 0.26.0, moz:headless: false, moz:processID: 27604, moz:profile: /var/folders/6y/hllg1rhd29j..., moz:shutdownTimeout: 60000, moz:useNonSpecCompliantPointerOrigin: false, moz:webdriverClick: true, pageLoadStrategy: normal, platform: MAC, platformName: MAC, platformVersion: 18.7.0, rotatable: false, setWindowRect: true, strictFileInteractability: false, timeouts: {implicit: 0, pageLoad: 300000, script: 30000}, unhandledPromptBehavior: dismiss and notify}
Session ID: 062cf0cb-a986-674f-8d9f-8548ef2a5960
	at com.romanceabroad.ui.RegistrationTests.testRegistrationForInvalidPasswordTestCase33(RegistrationTests.java:103)
</failure>
    <system-out><![CDATA[Wait Join button
Click Join button
Wait email text field
Type email in text field11@yandex.com
Wait password text field
Type password in text field12
Wait Next button
]]></system-out>
    <system-err><![CDATA[1591543501497	Marionette	INFO	Stopped listening on port 55077
1591543505060	mozrunner::runner	INFO	Running command: "/Applications/Firefox.app/Contents/MacOS/firefox-bin" "-marionette" "-foreground" "-no-remote" "-profile" "/var/folders/6y/hllg1rhd29j8k1dgnzkw8tl00000gn/T/rust_mozprofileVXHCzQ"
1591543505533	addons.webextension.doh-rollout@mozilla.org	WARN	Loading extension 'doh-rollout@mozilla.org': Reading manifest: Invalid extension permission: networkStatus
1591543505758	addons.webextension.screenshots@mozilla.org	WARN	Loading extension 'screenshots@mozilla.org': Reading manifest: Invalid extension permission: mozillaAddons
1591543505759	addons.webextension.screenshots@mozilla.org	WARN	Loading extension 'screenshots@mozilla.org': Reading manifest: Invalid extension permission: telemetry
1591543505759	addons.webextension.screenshots@mozilla.org	WARN	Loading extension 'screenshots@mozilla.org': Reading manifest: Invalid extension permission: resource://pdf.js/
1591543505759	addons.webextension.screenshots@mozilla.org	WARN	Loading extension 'screenshots@mozilla.org': Reading manifest: Invalid extension permission: about:reader*
1591543507031	Marionette	INFO	Listening on port 55267
1591543507109	Marionette	WARN	TLS certificate errors will be ignored for this session
Jun 07, 2020 8:25:07 AM org.openqa.selenium.remote.ProtocolHandshake createSession
INFO: Detected dialect: W3C
Video recording
[/Users/anaraimasheva/GitHub/roman/romancepractice/video/Registration tests_recording_2020_07_06_08_24_27.avi]
]]></system-err>
  </testcase>
  <testcase name="testRegistrationForInvalidPasswordTestCase33" classname="com.romanceabroad.ui.RegistrationTests" time="20.341">
    <failure message="Expected condition failed: waiting for element to be clickable: By.xpath: //button[@data-action=&apos;next-page&apos;][text()=&apos;Next&apos;] (tried for 20 second(s) with 500 milliseconds interval)&#10;Build info: version: &apos;3.141.59&apos;, revision: &apos;e82be7d358&apos;, time: &apos;2018-11-14T08:17:03&apos;&#10;System info: host: &apos;Anaras-MacBook-Pro.local&apos;, ip: &apos;2601:647:4a00:ccf0:0:0:0:f5fd%en0&apos;, os.name: &apos;Mac OS X&apos;, os.arch: &apos;x86_64&apos;, os.version: &apos;10.14.6&apos;, java.version: &apos;11.0.7&apos;&#10;Driver info: org.openqa.selenium.chrome.ChromeDriver&#10;Capabilities {acceptInsecureCerts: false, browserName: chrome, browserVersion: 83.0.4103.61, chrome: {chromedriverVersion: 83.0.4103.39 (ccbf011cb2d2b..., userDataDir: /var/folders/6y/hllg1rhd29j...}, goog:chromeOptions: {debuggerAddress: localhost:55926}, javascriptEnabled: true, networkConnectionEnabled: false, pageLoadStrategy: normal, platform: MAC, platformName: MAC, proxy: Proxy(), setWindowRect: true, strictFileInteractability: false, timeouts: {implicit: 0, pageLoad: 300000, script: 30000}, unhandledPromptBehavior: dismiss and notify, webauthn:virtualAuthenticators: true}&#10;Session ID: caf5f2d1ccc617b0b18e5c2a4725ec78" type="org.openqa.selenium.TimeoutException">org.openqa.selenium.TimeoutException: 
Expected condition failed: waiting for element to be clickable: By.xpath: //button[@data-action='next-page'][text()='Next'] (tried for 20 second(s) with 500 milliseconds interval)
Build info: version: '3.141.59', revision: 'e82be7d358', time: '2018-11-14T08:17:03'
System info: host: 'Anaras-MacBook-Pro.local', ip: '2601:647:4a00:ccf0:0:0:0:f5fd%en0', os.name: 'Mac OS X', os.arch: 'x86_64', os.version: '10.14.6', java.version: '11.0.7'
Driver info: org.openqa.selenium.chrome.ChromeDriver
Capabilities {acceptInsecureCerts: false, browserName: chrome, browserVersion: 83.0.4103.61, chrome: {chromedriverVersion: 83.0.4103.39 (ccbf011cb2d2b..., userDataDir: /var/folders/6y/hllg1rhd29j...}, goog:chromeOptions: {debuggerAddress: localhost:55926}, javascriptEnabled: true, networkConnectionEnabled: false, pageLoadStrategy: normal, platform: MAC, platformName: MAC, proxy: Proxy(), setWindowRect: true, strictFileInteractability: false, timeouts: {implicit: 0, pageLoad: 300000, script: 30000}, unhandledPromptBehavior: dismiss and notify, webauthn:virtualAuthenticators: true}
Session ID: caf5f2d1ccc617b0b18e5c2a4725ec78
	at com.romanceabroad.ui.RegistrationTests.testRegistrationForInvalidPasswordTestCase33(RegistrationTests.java:103)
</failure>
    <system-out><![CDATA[Wait Join button
Click Join button
Wait email text field
Type email in text field11@yandex.com
Wait password text field
Type password in text field12
Wait Next button
]]></system-out>
    <system-err><![CDATA[Starting ChromeDriver 83.0.4103.39 (ccbf011cb2d2b19b506d844400483861342c20cd-refs/branch-heads/4103@{#416}) on port 11676
Only local connections are allowed.
Please see https://chromedriver.chromium.org/security-considerations for suggestions on keeping ChromeDriver safe.
ChromeDriver was started successfully.
Jun 07, 2020 8:26:44 AM org.openqa.selenium.remote.ProtocolHandshake createSession
INFO: Detected dialect: W3C
Video recording
[/Users/anaraimasheva/GitHub/roman/romancepractice/video/Registration tests_recording_2020_07_06_08_26_28.avi]
]]></system-err>
  </testcase>
  <testcase name="testRegistration1" classname="com.romanceabroad.ui.RegistrationTests" time="0">
    <skipped message="You appear to be running MAC. The IE driver only runs on Windows.&#10;Build info: version: &apos;3.141.59&apos;, revision: &apos;e82be7d358&apos;, time: &apos;2018-11-14T08:17:03&apos;&#10;System info: host: &apos;Anaras-MacBook-Pro.local&apos;, ip: &apos;2601:647:4a00:ccf0:0:0:0:f5fd%en0&apos;, os.name: &apos;Mac OS X&apos;, os.arch: &apos;x86_64&apos;, os.version: &apos;10.14.6&apos;, java.version: &apos;11.0.7&apos;&#10;Driver info: driver.version: InternetExplorerDriver"/>
    <system-err><![CDATA[Video recording
[/Users/anaraimasheva/GitHub/roman/romancepractice/video/Registration tests_recording_2020_07_06_08_23_31.avi]
]]></system-err>
  </testcase>
  <testcase name="testRegistration1" classname="com.romanceabroad.ui.RegistrationTests" time="0">
    <skipped message="You appear to be running MAC. The IE driver only runs on Windows.&#10;Build info: version: &apos;3.141.59&apos;, revision: &apos;e82be7d358&apos;, time: &apos;2018-11-14T08:17:03&apos;&#10;System info: host: &apos;Anaras-MacBook-Pro.local&apos;, ip: &apos;2601:647:4a00:ccf0:0:0:0:f5fd%en0&apos;, os.name: &apos;Mac OS X&apos;, os.arch: &apos;x86_64&apos;, os.version: &apos;10.14.6&apos;, java.version: &apos;11.0.7&apos;&#10;Driver info: driver.version: InternetExplorerDriver"/>
    <system-err><![CDATA[Video recording
[/Users/anaraimasheva/GitHub/roman/romancepractice/video/Registration tests_recording_2020_07_06_08_23_31.avi]
]]></system-err>
  </testcase>
  <testcase name="testRegistration1" classname="com.romanceabroad.ui.RegistrationTests" time="4.529"/>
  <testcase name="testRegistration1" classname="com.romanceabroad.ui.RegistrationTests" time="3.945"/>
  <testcase name="testRegistration1" classname="com.romanceabroad.ui.RegistrationTests" time="3.692"/>
  <testcase name="testRegistration1" classname="com.romanceabroad.ui.RegistrationTests" time="3.866"/>
</testsuite>