<?xml version="1.0" encoding="UTF-8"?>
<!-- Generated by org.testng.reporters.JUnitReportReporter -->
<testsuite hostname="Anaras-MacBook-Pro.local" failures="0" tests="3" name="com.romanceabroad.ui.BlogPageTest" time="44.601" errors="0" timestamp="2020-06-09T16:45:51 PDT" skipped="0">
  <testcase classname="com.romanceabroad.ui.BlogPageTest" name="testBlogPageTestCase27" time="11.367"/>
  <testcase classname="com.romanceabroad.ui.BlogPageTest" name="testArticlesAndTitlesTestCase28" time="23.985"/>
  <testcase classname="com.romanceabroad.ui.BlogPageTest" name="testLinksBlogPageTestCase29" time="9.249"/>
</testsuite> <!-- com.romanceabroad.ui.BlogPageTest -->
