<?xml version="1.0" encoding="UTF-8"?>
<!-- Generated by org.testng.reporters.JUnitReportReporter -->
<testsuite hostname="Anaras-MacBook-Pro.local" failures="0" tests="10" name="com.romanceabroad.ui.MainPageTests" time="169.219" errors="0" timestamp="2020-06-09T16:45:51 PDT" skipped="0">
  <testcase classname="com.romanceabroad.ui.MainPageTests" name="checkTabsTestCase10" time="6.815"/>
  <testcase classname="com.romanceabroad.ui.MainPageTests" name="checkLinksWithAssertionsTestCase11" time="54.863"/>
  <testcase classname="com.romanceabroad.ui.MainPageTests" name="checkTabsNamesTestCase12" time="7.566"/>
  <testcase classname="com.romanceabroad.ui.MainPageTests" name="verifyIFrameSizeOnMainPageTestCase13" time="8.302"/>
  <testcase classname="com.romanceabroad.ui.MainPageTests" name="testMainPageIFrameTestCase14" time="9.466"/>
  <testcase classname="com.romanceabroad.ui.MainPageTests" name="testBookNowTestCase15" time="5.018"/>
  <testcase classname="com.romanceabroad.ui.MainPageTests" name="testDiscountAlertTestCase16" time="7.224"/>
  <testcase classname="com.romanceabroad.ui.MainPageTests" name="verifyRomanceAbroadHeaderTestCase17" time="7.638"/>
  <testcase classname="com.romanceabroad.ui.MainPageTests" name="testLinksOnMainPageTestCase18" time="32.014"/>
  <testcase classname="com.romanceabroad.ui.MainPageTests" name="smokeTestMainPageTestCase19" time="30.313"/>
</testsuite> <!-- com.romanceabroad.ui.MainPageTests -->
