<?xml version="1.0" encoding="UTF-8"?>
<!-- Generated by org.testng.reporters.JUnitReportReporter -->
<testsuite hostname="Anaras-MacBook-Pro.local" failures="0" tests="3" name="com.romanceabroad.ui.GiftsTest" time="24.632" errors="0" timestamp="2020-06-09T16:45:51 PDT" skipped="0">
  <testcase classname="com.romanceabroad.ui.GiftsTest" name="testGiftsPageTestCase20" time="10.667"/>
  <testcase classname="com.romanceabroad.ui.GiftsTest" name="testSelectionOfBestsellersTestCase21" time="6.882"/>
  <testcase classname="com.romanceabroad.ui.GiftsTest" name="testSelectionOfRegularGiftsTestCase22" time="7.083"/>
</testsuite> <!-- com.romanceabroad.ui.GiftsTest -->
