<?xml version="1.0" encoding="UTF-8"?>
<!-- Generated by org.testng.reporters.JUnitReportReporter -->
<testsuite hostname="Anaras-MacBook-Pro.local" failures="0" tests="5" name="com.romanceabroad.ui.ContactUsPageTest" time="72.523" errors="0" timestamp="2020-06-09T16:45:51 PDT" skipped="0">
  <testcase classname="com.romanceabroad.ui.ContactUsPageTest" name="testContactUsPageTestCase23" time="10.698"/>
  <testcase classname="com.romanceabroad.ui.ContactUsPageTest" name="verifySelectReasonDropDownTestCase24" time="10.416"/>
  <testcase classname="com.romanceabroad.ui.ContactUsPageTest" name="verifyDropDownListTestCase25" time="15.027"/>
  <testcase classname="com.romanceabroad.ui.ContactUsPageTest" name="fillOutContactAdministratorForm" time="16.678"/>
  <testcase classname="com.romanceabroad.ui.ContactUsPageTest" name="fillOutContactAdministratorFormTestCase26" time="19.704"/>
</testsuite> <!-- com.romanceabroad.ui.ContactUsPageTest -->
