<?xml version="1.0" encoding="UTF-8"?>
<!-- Generated by org.testng.reporters.JUnitReportReporter -->
<testsuite hostname="Anaras-MacBook-Pro.local" failures="0" tests="6" name="com.romanceabroad.ui.PhotosPageTest" time="139.027" errors="0" timestamp="2020-06-09T16:45:51 PDT" skipped="0">
  <testcase classname="com.romanceabroad.ui.PhotosPageTest" name="testPhotosPageTestCase8" time="13.325"/>
  <testcase classname="com.romanceabroad.ui.PhotosPageTest" name="checkPhotosListTestCase9" time="17.353"/>
  <testcase classname="com.romanceabroad.ui.PhotosPageTest" name="testUserTabs" time="28.418"/>
  <testcase classname="com.romanceabroad.ui.PhotosPageTest" name="testUserTabsWithMoreVerifications" time="20.147"/>
  <testcase classname="com.romanceabroad.ui.PhotosPageTest" name="testUserTabs2" time="26.752"/>
  <testcase classname="com.romanceabroad.ui.PhotosPageTest" name="testUserTabs3" time="33.032"/>
</testsuite> <!-- com.romanceabroad.ui.PhotosPageTest -->
