<?xml version="1.0" encoding="UTF-8"?>
<testsuite xmlns:xsi="http://www.w3.org/2001/XMLSchema-instance" xsi:noNamespaceSchemaLocation="https://maven.apache.org/surefire/maven-surefire-plugin/xsd/surefire-test-report-3.0.xsd" version="3.0" name="TestSuite" time="9.339" tests="748" errors="0" skipped="480" failures="268">
  <properties>
    <property name="gopherProxySet" value="false"/>
    <property name="awt.toolkit" value="sun.lwawt.macosx.LWCToolkit"/>
    <property name="java.specification.version" value="11"/>
    <property name="sun.cpu.isalist" value=""/>
    <property name="sun.jnu.encoding" value="UTF-8"/>
    <property name="java.class.path" value="/Users/anaraimasheva/GitHub/roman/romancepractice/target/test-classes:/Users/anaraimasheva/GitHub/roman/romancepractice/target/classes:/Users/anaraimasheva/.m2/repository/org/apache/commons/commons-lang3/3.4/commons-lang3-3.4.jar:/Users/anaraimasheva/.m2/repository/org/seleniumhq/selenium/selenium-java/3.141.59/selenium-java-3.141.59.jar:/Users/anaraimasheva/.m2/repository/org/seleniumhq/selenium/selenium-api/3.141.59/selenium-api-3.141.59.jar:/Users/anaraimasheva/.m2/repository/org/seleniumhq/selenium/selenium-chrome-driver/3.141.59/selenium-chrome-driver-3.141.59.jar:/Users/anaraimasheva/.m2/repository/org/seleniumhq/selenium/selenium-edge-driver/3.141.59/selenium-edge-driver-3.141.59.jar:/Users/anaraimasheva/.m2/repository/org/seleniumhq/selenium/selenium-firefox-driver/3.141.59/selenium-firefox-driver-3.141.59.jar:/Users/anaraimasheva/.m2/repository/org/seleniumhq/selenium/selenium-ie-driver/3.141.59/selenium-ie-driver-3.141.59.jar:/Users/anaraimasheva/.m2/repository/org/seleniumhq/selenium/selenium-opera-driver/3.141.59/selenium-opera-driver-3.141.59.jar:/Users/anaraimasheva/.m2/repository/org/seleniumhq/selenium/selenium-remote-driver/3.141.59/selenium-remote-driver-3.141.59.jar:/Users/anaraimasheva/.m2/repository/org/seleniumhq/selenium/selenium-safari-driver/3.141.59/selenium-safari-driver-3.141.59.jar:/Users/anaraimasheva/.m2/repository/org/seleniumhq/selenium/selenium-support/3.141.59/selenium-support-3.141.59.jar:/Users/anaraimasheva/.m2/repository/net/bytebuddy/byte-buddy/1.8.15/byte-buddy-1.8.15.jar:/Users/anaraimasheva/.m2/repository/org/apache/commons/commons-exec/1.3/commons-exec-1.3.jar:/Users/anaraimasheva/.m2/repository/com/google/guava/guava/25.0-jre/guava-25.0-jre.jar:/Users/anaraimasheva/.m2/repository/com/google/code/findbugs/jsr305/1.3.9/jsr305-1.3.9.jar:/Users/anaraimasheva/.m2/repository/org/checkerframework/checker-compat-qual/2.0.0/checker-compat-qual-2.0.0.jar:/Users/anaraimasheva/.m2/repository/com/google/errorprone/error_prone_annotations/2.1.3/error_prone_annotations-2.1.3.jar:/Users/anaraimasheva/.m2/repository/com/google/j2objc/j2objc-annotations/1.1/j2objc-annotations-1.1.jar:/Users/anaraimasheva/.m2/repository/org/codehaus/mojo/animal-sniffer-annotations/1.14/animal-sniffer-annotations-1.14.jar:/Users/anaraimasheva/.m2/repository/com/squareup/okhttp3/okhttp/3.11.0/okhttp-3.11.0.jar:/Users/anaraimasheva/.m2/repository/com/squareup/okio/okio/1.14.0/okio-1.14.0.jar:/Users/anaraimasheva/.m2/repository/io/rest-assured/rest-assured/3.3.0/rest-assured-3.3.0.jar:/Users/anaraimasheva/.m2/repository/org/codehaus/groovy/groovy/2.4.15/groovy-2.4.15.jar:/Users/anaraimasheva/.m2/repository/org/codehaus/groovy/groovy-xml/2.4.15/groovy-xml-2.4.15.jar:/Users/anaraimasheva/.m2/repository/org/apache/httpcomponents/httpclient/4.5.3/httpclient-4.5.3.jar:/Users/anaraimasheva/.m2/repository/org/apache/httpcomponents/httpcore/4.4.6/httpcore-4.4.6.jar:/Users/anaraimasheva/.m2/repository/commons-logging/commons-logging/1.2/commons-logging-1.2.jar:/Users/anaraimasheva/.m2/repository/commons-codec/commons-codec/1.9/commons-codec-1.9.jar:/Users/anaraimasheva/.m2/repository/org/apache/httpcomponents/httpmime/4.5.3/httpmime-4.5.3.jar:/Users/anaraimasheva/.m2/repository/org/hamcrest/hamcrest-core/1.3/hamcrest-core-1.3.jar:/Users/anaraimasheva/.m2/repository/org/hamcrest/hamcrest-library/1.3/hamcrest-library-1.3.jar:/Users/anaraimasheva/.m2/repository/org/ccil/cowan/tagsoup/tagsoup/1.2.1/tagsoup-1.2.1.jar:/Users/anaraimasheva/.m2/repository/io/rest-assured/json-path/3.3.0/json-path-3.3.0.jar:/Users/anaraimasheva/.m2/repository/org/codehaus/groovy/groovy-json/2.4.15/groovy-json-2.4.15.jar:/Users/anaraimasheva/.m2/repository/io/rest-assured/rest-assured-common/3.3.0/rest-assured-common-3.3.0.jar:/Users/anaraimasheva/.m2/repository/io/rest-assured/xml-path/3.3.0/xml-path-3.3.0.jar:/Users/anaraimasheva/.m2/repository/javax/xml/bind/jaxb-api/2.2.12/jaxb-api-2.2.12.jar:/Users/anaraimasheva/.m2/repository/com/sun/xml/bind/jaxb-osgi/2.2.10/jaxb-osgi-2.2.10.jar:/Users/anaraimasheva/.m2/repository/org/apache/sling/org.apache.sling.javax.activation/0.1.0/org.apache.sling.javax.activation-0.1.0.jar:/Users/anaraimasheva/.m2/repository/javax/activation/activation/1.1.1/activation-1.1.1.jar:/Users/anaraimasheva/.m2/repository/org/testng/testng/7.0.0/testng-7.0.0.jar:/Users/anaraimasheva/.m2/repository/com/beust/jcommander/1.72/jcommander-1.72.jar:/Users/anaraimasheva/.m2/repository/com/aventstack/extentreports/3.1.5/extentreports-3.1.5.jar:/Users/anaraimasheva/.m2/repository/org/freemarker/freemarker/2.3.23/freemarker-2.3.23.jar:/Users/anaraimasheva/.m2/repository/org/mongodb/mongodb-driver/3.3.0/mongodb-driver-3.3.0.jar:/Users/anaraimasheva/.m2/repository/org/mongodb/bson/3.3.0/bson-3.3.0.jar:/Users/anaraimasheva/.m2/repository/org/mongodb/mongodb-driver-core/3.3.0/mongodb-driver-core-3.3.0.jar:/Users/anaraimasheva/.m2/repository/org/jsoup/jsoup/1.9.2/jsoup-1.9.2.jar:/Users/anaraimasheva/.m2/repository/com/google/code/gson/gson/2.8.0/gson-2.8.0.jar:/Users/anaraimasheva/.m2/repository/com/automation-remarks/video-recorder-testng/1.0/video-recorder-testng-1.0.jar:/Users/anaraimasheva/.m2/repository/com/automation-remarks/video-recorder-core/1.0/video-recorder-core-1.0.jar:/Users/anaraimasheva/.m2/repository/ru/yandex/qatools/allure/allure-java-annotations/1.4.23/allure-java-annotations-1.4.23.jar:/Users/anaraimasheva/.m2/repository/ru/yandex/qatools/allure/allure-model/1.4.23/allure-model-1.4.23.jar:/Users/anaraimasheva/.m2/repository/org/jvnet/jaxb2_commons/jaxb2-basics-runtime/0.9.3/jaxb2-basics-runtime-0.9.3.jar:/Users/anaraimasheva/.m2/repository/ru/yandex/qatools/properties/properties-loader/1.5/properties-loader-1.5.jar:/Users/anaraimasheva/.m2/repository/commons-beanutils/commons-beanutils-core/1.8.3/commons-beanutils-core-1.8.3.jar:/Users/anaraimasheva/.m2/repository/org/slf4j/slf4j-api/1.7.12/slf4j-api-1.7.12.jar:"/>
    <property name="java.vm.vendor" value="Oracle Corporation"/>
    <property name="sun.arch.data.model" value="64"/>
    <property name="java.vendor.url" value="http://java.oracle.com/"/>
    <property name="user.timezone" value=""/>
    <property name="java.vm.specification.version" value="11"/>
    <property name="os.name" value="Mac OS X"/>
    <property name="sun.java.launcher" value="SUN_STANDARD"/>
    <property name="user.country" value="US"/>
    <property name="sun.boot.library.path" value="/Library/Java/JavaVirtualMachines/jdk-11.0.5.jdk/Contents/Home/lib"/>
    <property name="sun.java.command" value="/Users/anaraimasheva/GitHub/roman/romancepractice/target/surefire/surefirebooter15448438833045169799.jar /Users/anaraimasheva/GitHub/roman/romancepractice/target/surefire 2020-06-09T20-48-42_910-jvmRun1 surefire2637021321843486628tmp surefire_015056378068953507826tmp"/>
    <property name="http.nonProxyHosts" value="local|*.local|169.254/16|*.169.254/16"/>
    <property name="jdk.debug" value="release"/>
    <property name="surefire.test.class.path" value="/Users/anaraimasheva/GitHub/roman/romancepractice/target/test-classes:/Users/anaraimasheva/GitHub/roman/romancepractice/target/classes:/Users/anaraimasheva/.m2/repository/org/apache/commons/commons-lang3/3.4/commons-lang3-3.4.jar:/Users/anaraimasheva/.m2/repository/org/seleniumhq/selenium/selenium-java/3.141.59/selenium-java-3.141.59.jar:/Users/anaraimasheva/.m2/repository/org/seleniumhq/selenium/selenium-api/3.141.59/selenium-api-3.141.59.jar:/Users/anaraimasheva/.m2/repository/org/seleniumhq/selenium/selenium-chrome-driver/3.141.59/selenium-chrome-driver-3.141.59.jar:/Users/anaraimasheva/.m2/repository/org/seleniumhq/selenium/selenium-edge-driver/3.141.59/selenium-edge-driver-3.141.59.jar:/Users/anaraimasheva/.m2/repository/org/seleniumhq/selenium/selenium-firefox-driver/3.141.59/selenium-firefox-driver-3.141.59.jar:/Users/anaraimasheva/.m2/repository/org/seleniumhq/selenium/selenium-ie-driver/3.141.59/selenium-ie-driver-3.141.59.jar:/Users/anaraimasheva/.m2/repository/org/seleniumhq/selenium/selenium-opera-driver/3.141.59/selenium-opera-driver-3.141.59.jar:/Users/anaraimasheva/.m2/repository/org/seleniumhq/selenium/selenium-remote-driver/3.141.59/selenium-remote-driver-3.141.59.jar:/Users/anaraimasheva/.m2/repository/org/seleniumhq/selenium/selenium-safari-driver/3.141.59/selenium-safari-driver-3.141.59.jar:/Users/anaraimasheva/.m2/repository/org/seleniumhq/selenium/selenium-support/3.141.59/selenium-support-3.141.59.jar:/Users/anaraimasheva/.m2/repository/net/bytebuddy/byte-buddy/1.8.15/byte-buddy-1.8.15.jar:/Users/anaraimasheva/.m2/repository/org/apache/commons/commons-exec/1.3/commons-exec-1.3.jar:/Users/anaraimasheva/.m2/repository/com/google/guava/guava/25.0-jre/guava-25.0-jre.jar:/Users/anaraimasheva/.m2/repository/com/google/code/findbugs/jsr305/1.3.9/jsr305-1.3.9.jar:/Users/anaraimasheva/.m2/repository/org/checkerframework/checker-compat-qual/2.0.0/checker-compat-qual-2.0.0.jar:/Users/anaraimasheva/.m2/repository/com/google/errorprone/error_prone_annotations/2.1.3/error_prone_annotations-2.1.3.jar:/Users/anaraimasheva/.m2/repository/com/google/j2objc/j2objc-annotations/1.1/j2objc-annotations-1.1.jar:/Users/anaraimasheva/.m2/repository/org/codehaus/mojo/animal-sniffer-annotations/1.14/animal-sniffer-annotations-1.14.jar:/Users/anaraimasheva/.m2/repository/com/squareup/okhttp3/okhttp/3.11.0/okhttp-3.11.0.jar:/Users/anaraimasheva/.m2/repository/com/squareup/okio/okio/1.14.0/okio-1.14.0.jar:/Users/anaraimasheva/.m2/repository/io/rest-assured/rest-assured/3.3.0/rest-assured-3.3.0.jar:/Users/anaraimasheva/.m2/repository/org/codehaus/groovy/groovy/2.4.15/groovy-2.4.15.jar:/Users/anaraimasheva/.m2/repository/org/codehaus/groovy/groovy-xml/2.4.15/groovy-xml-2.4.15.jar:/Users/anaraimasheva/.m2/repository/org/apache/httpcomponents/httpclient/4.5.3/httpclient-4.5.3.jar:/Users/anaraimasheva/.m2/repository/org/apache/httpcomponents/httpcore/4.4.6/httpcore-4.4.6.jar:/Users/anaraimasheva/.m2/repository/commons-logging/commons-logging/1.2/commons-logging-1.2.jar:/Users/anaraimasheva/.m2/repository/commons-codec/commons-codec/1.9/commons-codec-1.9.jar:/Users/anaraimasheva/.m2/repository/org/apache/httpcomponents/httpmime/4.5.3/httpmime-4.5.3.jar:/Users/anaraimasheva/.m2/repository/org/hamcrest/hamcrest-core/1.3/hamcrest-core-1.3.jar:/Users/anaraimasheva/.m2/repository/org/hamcrest/hamcrest-library/1.3/hamcrest-library-1.3.jar:/Users/anaraimasheva/.m2/repository/org/ccil/cowan/tagsoup/tagsoup/1.2.1/tagsoup-1.2.1.jar:/Users/anaraimasheva/.m2/repository/io/rest-assured/json-path/3.3.0/json-path-3.3.0.jar:/Users/anaraimasheva/.m2/repository/org/codehaus/groovy/groovy-json/2.4.15/groovy-json-2.4.15.jar:/Users/anaraimasheva/.m2/repository/io/rest-assured/rest-assured-common/3.3.0/rest-assured-common-3.3.0.jar:/Users/anaraimasheva/.m2/repository/io/rest-assured/xml-path/3.3.0/xml-path-3.3.0.jar:/Users/anaraimasheva/.m2/repository/javax/xml/bind/jaxb-api/2.2.12/jaxb-api-2.2.12.jar:/Users/anaraimasheva/.m2/repository/com/sun/xml/bind/jaxb-osgi/2.2.10/jaxb-osgi-2.2.10.jar:/Users/anaraimasheva/.m2/repository/org/apache/sling/org.apache.sling.javax.activation/0.1.0/org.apache.sling.javax.activation-0.1.0.jar:/Users/anaraimasheva/.m2/repository/javax/activation/activation/1.1.1/activation-1.1.1.jar:/Users/anaraimasheva/.m2/repository/org/testng/testng/7.0.0/testng-7.0.0.jar:/Users/anaraimasheva/.m2/repository/com/beust/jcommander/1.72/jcommander-1.72.jar:/Users/anaraimasheva/.m2/repository/com/aventstack/extentreports/3.1.5/extentreports-3.1.5.jar:/Users/anaraimasheva/.m2/repository/org/freemarker/freemarker/2.3.23/freemarker-2.3.23.jar:/Users/anaraimasheva/.m2/repository/org/mongodb/mongodb-driver/3.3.0/mongodb-driver-3.3.0.jar:/Users/anaraimasheva/.m2/repository/org/mongodb/bson/3.3.0/bson-3.3.0.jar:/Users/anaraimasheva/.m2/repository/org/mongodb/mongodb-driver-core/3.3.0/mongodb-driver-core-3.3.0.jar:/Users/anaraimasheva/.m2/repository/org/jsoup/jsoup/1.9.2/jsoup-1.9.2.jar:/Users/anaraimasheva/.m2/repository/com/google/code/gson/gson/2.8.0/gson-2.8.0.jar:/Users/anaraimasheva/.m2/repository/com/automation-remarks/video-recorder-testng/1.0/video-recorder-testng-1.0.jar:/Users/anaraimasheva/.m2/repository/com/automation-remarks/video-recorder-core/1.0/video-recorder-core-1.0.jar:/Users/anaraimasheva/.m2/repository/ru/yandex/qatools/allure/allure-java-annotations/1.4.23/allure-java-annotations-1.4.23.jar:/Users/anaraimasheva/.m2/repository/ru/yandex/qatools/allure/allure-model/1.4.23/allure-model-1.4.23.jar:/Users/anaraimasheva/.m2/repository/org/jvnet/jaxb2_commons/jaxb2-basics-runtime/0.9.3/jaxb2-basics-runtime-0.9.3.jar:/Users/anaraimasheva/.m2/repository/ru/yandex/qatools/properties/properties-loader/1.5/properties-loader-1.5.jar:/Users/anaraimasheva/.m2/repository/commons-beanutils/commons-beanutils-core/1.8.3/commons-beanutils-core-1.8.3.jar:/Users/anaraimasheva/.m2/repository/org/slf4j/slf4j-api/1.7.12/slf4j-api-1.7.12.jar:"/>
    <property name="sun.cpu.endian" value="little"/>
    <property name="user.home" value="/Users/anaraimasheva"/>
    <property name="user.language" value="en"/>
    <property name="java.specification.vendor" value="Oracle Corporation"/>
    <property name="java.version.date" value="2019-10-15"/>
    <property name="java.home" value="/Library/Java/JavaVirtualMachines/jdk-11.0.5.jdk/Contents/Home"/>
    <property name="file.separator" value="/"/>
    <property name="basedir" value="/Users/anaraimasheva/GitHub/roman/romancepractice"/>
    <property name="java.vm.compressedOopsMode" value="Zero based"/>
    <property name="line.separator" value="&#10;"/>
    <property name="java.specification.name" value="Java Platform API Specification"/>
    <property name="java.vm.specification.vendor" value="Oracle Corporation"/>
    <property name="java.awt.graphicsenv" value="sun.awt.CGraphicsEnvironment"/>
    <property name="surefire.real.class.path" value="/Users/anaraimasheva/GitHub/roman/romancepractice/target/surefire/surefirebooter15448438833045169799.jar"/>
    <property name="sun.management.compiler" value="HotSpot 64-Bit Tiered Compilers"/>
    <property name="ftp.nonProxyHosts" value="local|*.local|169.254/16|*.169.254/16"/>
    <property name="java.runtime.version" value="11.0.5+10-LTS"/>
    <property name="user.name" value="anaraimasheva"/>
    <property name="path.separator" value=":"/>
    <property name="os.version" value="10.14.6"/>
    <property name="java.runtime.name" value="Java(TM) SE Runtime Environment"/>
    <property name="file.encoding" value="UTF-8"/>
    <property name="java.vm.name" value="Java HotSpot(TM) 64-Bit Server VM"/>
    <property name="java.vendor.version" value="18.9"/>
    <property name="localRepository" value="/Users/anaraimasheva/.m2/repository"/>
    <property name="java.vendor.url.bug" value="http://bugreport.java.com/bugreport/"/>
    <property name="java.io.tmpdir" value="/var/folders/6y/hllg1rhd29j8k1dgnzkw8tl00000gn/T/"/>
    <property name="java.version" value="11.0.5"/>
    <property name="user.dir" value="/Users/anaraimasheva/GitHub/roman/romancepractice"/>
    <property name="os.arch" value="x86_64"/>
    <property name="java.vm.specification.name" value="Java Virtual Machine Specification"/>
    <property name="java.awt.printerjob" value="sun.lwawt.macosx.CPrinterJob"/>
    <property name="sun.os.patch.level" value="unknown"/>
    <property name="java.library.path" value="/Users/anaraimasheva/Library/Java/Extensions:/Library/Java/Extensions:/Network/Library/Java/Extensions:/System/Library/Java/Extensions:/usr/lib/java:."/>
    <property name="java.vendor" value="Oracle Corporation"/>
    <property name="java.vm.info" value="mixed mode"/>
    <property name="java.vm.version" value="11.0.5+10-LTS"/>
    <property name="sun.io.unicode.encoding" value="UnicodeBig"/>
    <property name="java.class.version" value="55.0"/>
    <property name="socksNonProxyHosts" value="local|*.local|169.254/16|*.169.254/16"/>
  </properties>
  <testcase name="setup" classname="com.romanceabroad.ui.RegistrationTests" time="0.943">
    <failure type="java.lang.NullPointerException">java.lang.NullPointerException
</failure>
  </testcase>
  <testcase name="setup" classname="com.romanceabroad.ui.RegistrationTests" time="0.945">
    <failure type="java.lang.NullPointerException">java.lang.NullPointerException
</failure>
  </testcase>
  <testcase name="setup" classname="com.romanceabroad.ui.RegistrationTests" time="0.945">
    <failure type="java.lang.NullPointerException">java.lang.NullPointerException
</failure>
  </testcase>
  <testcase name="setup" classname="com.romanceabroad.ui.RegistrationTests" time="0.032">
    <failure type="java.lang.NullPointerException">java.lang.NullPointerException
</failure>
  </testcase>
  <testcase name="setup" classname="com.romanceabroad.ui.RegistrationTests" time="0.168">
    <failure type="java.lang.NullPointerException">java.lang.NullPointerException
</failure>
  </testcase>
  <testcase name="setup" classname="com.romanceabroad.ui.RegistrationTests" time="0.003">
    <failure type="java.lang.NullPointerException">java.lang.NullPointerException
</failure>
  </testcase>
  <testcase name="setup" classname="com.romanceabroad.ui.RegistrationTests" time="0.003">
    <failure type="java.lang.NullPointerException">java.lang.NullPointerException
</failure>
  </testcase>
  <testcase name="setup" classname="com.romanceabroad.ui.RegistrationTests" time="0.315">
    <failure type="java.lang.NullPointerException">java.lang.NullPointerException
</failure>
    <system-err><![CDATA[Video recording
[/Users/anaraimasheva/GitHub/roman/romancepractice/video/PrettyWomen Tests_recording_2020_09_06_20_48_48.avi]
]]></system-err>
  </testcase>
  <testcase name="setup" classname="com.romanceabroad.ui.RegistrationTests" time="0">
    <failure type="java.lang.NullPointerException">java.lang.NullPointerException
</failure>
  </testcase>
  <testcase name="setup" classname="com.romanceabroad.ui.RegistrationTests" time="0.003">
    <failure type="java.lang.NullPointerException">java.lang.NullPointerException
</failure>
  </testcase>
  <testcase name="setup" classname="com.romanceabroad.ui.RegistrationTests" time="0">
    <failure type="java.lang.NullPointerException">java.lang.NullPointerException
</failure>
    <system-err><![CDATA[Video recording
[/Users/anaraimasheva/GitHub/roman/romancepractice/video/PrettyWomen Tests_recording_2020_09_06_20_48_48.avi]
]]></system-err>
  </testcase>
  <testcase name="setup" classname="com.romanceabroad.ui.RegistrationTests" time="0">
    <failure type="java.lang.NullPointerException">java.lang.NullPointerException
</failure>
  </testcase>
  <testcase name="setup" classname="com.romanceabroad.ui.RegistrationTests" time="0">
    <failure type="java.lang.NullPointerException">java.lang.NullPointerException
</failure>
  </testcase>
  <testcase name="setup" classname="com.romanceabroad.ui.RegistrationTests" time="0">
    <failure type="java.lang.NullPointerException">java.lang.NullPointerException
</failure>
  </testcase>
  <testcase name="setup" classname="com.romanceabroad.ui.RegistrationTests" time="0.001">
    <failure type="java.lang.NullPointerException">java.lang.NullPointerException
</failure>
  </testcase>
  <testcase name="setup" classname="com.romanceabroad.ui.RegistrationTests" time="0">
    <failure type="java.lang.NullPointerException">java.lang.NullPointerException
</failure>
  </testcase>
  <testcase name="setup" classname="com.romanceabroad.ui.RegistrationTests" time="0">
    <failure type="java.lang.NullPointerException">java.lang.NullPointerException
</failure>
    <system-err><![CDATA[Video recording
[/Users/anaraimasheva/GitHub/roman/romancepractice/video/PrettyWomen Tests_recording_2020_09_06_20_48_48.avi]
]]></system-err>
  </testcase>
  <testcase name="setup" classname="com.romanceabroad.ui.RegistrationTests" time="0">
    <failure type="java.lang.NullPointerException">java.lang.NullPointerException
</failure>
  </testcase>
  <testcase name="setup" classname="com.romanceabroad.ui.RegistrationTests" time="0.001">
    <failure type="java.lang.NullPointerException">java.lang.NullPointerException
</failure>
  </testcase>
  <testcase name="setup" classname="com.romanceabroad.ui.RegistrationTests" time="0">
    <failure type="java.lang.NullPointerException">java.lang.NullPointerException
</failure>
  </testcase>
  <testcase name="setup" classname="com.romanceabroad.ui.RegistrationTests" time="0.662">
    <failure type="java.lang.NullPointerException">java.lang.NullPointerException
</failure>
  </testcase>
  <testcase name="setup" classname="com.romanceabroad.ui.RegistrationTests" time="0.004">
    <failure type="java.lang.NullPointerException">java.lang.NullPointerException
</failure>
  </testcase>
  <testcase name="setup" classname="com.romanceabroad.ui.RegistrationTests" time="0.324">
    <failure type="java.lang.NullPointerException">java.lang.NullPointerException
</failure>
  </testcase>
  <testcase name="setup" classname="com.romanceabroad.ui.RegistrationTests" time="0.001">
    <failure type="java.lang.NullPointerException">java.lang.NullPointerException
</failure>
  </testcase>
  <testcase name="setup" classname="com.romanceabroad.ui.RegistrationTests" time="0.001">
    <failure type="java.lang.NullPointerException">java.lang.NullPointerException
</failure>
  </testcase>
  <testcase name="setup" classname="com.romanceabroad.ui.RegistrationTests" time="0.002">
    <failure type="java.lang.NullPointerException">java.lang.NullPointerException
</failure>
  </testcase>
  <testcase name="setup" classname="com.romanceabroad.ui.RegistrationTests" time="0">
    <failure type="java.lang.NullPointerException">java.lang.NullPointerException
</failure>
    <system-err><![CDATA[Video recording
[/Users/anaraimasheva/GitHub/roman/romancepractice/video/PrettyWomen Tests_recording_2020_09_06_20_48_51.avi]
]]></system-err>
  </testcase>
  <testcase name="setup" classname="com.romanceabroad.ui.RegistrationTests" time="0.001">
    <failure type="java.lang.NullPointerException">java.lang.NullPointerException
</failure>
  </testcase>
  <testcase name="setup" classname="com.romanceabroad.ui.RegistrationTests" time="0.001">
    <failure type="java.lang.NullPointerException">java.lang.NullPointerException
</failure>
    <system-err><![CDATA[Video recording
[/Users/anaraimasheva/GitHub/roman/romancepractice/video/PrettyWomen Tests_recording_2020_09_06_20_48_51.avi]
]]></system-err>
  </testcase>
  <testcase name="setup" classname="com.romanceabroad.ui.RegistrationTests" time="0">
    <failure type="java.lang.NullPointerException">java.lang.NullPointerException
</failure>
  </testcase>
  <testcase name="setup" classname="com.romanceabroad.ui.RegistrationTests" time="0.001">
    <failure type="java.lang.NullPointerException">java.lang.NullPointerException
</failure>
  </testcase>
  <testcase name="setup" classname="com.romanceabroad.ui.RegistrationTests" time="0">
    <failure type="java.lang.NullPointerException">java.lang.NullPointerException
</failure>
  </testcase>
  <testcase name="setup" classname="com.romanceabroad.ui.RegistrationTests" time="0">
    <failure type="java.lang.NullPointerException">java.lang.NullPointerException
</failure>
  </testcase>
  <testcase name="setup" classname="com.romanceabroad.ui.RegistrationTests" time="0.007">
    <failure type="java.lang.NullPointerException">java.lang.NullPointerException
</failure>
  </testcase>
  <testcase name="testBoolean" classname="com.romanceabroad.ui.RegistrationTests" time="0">
    <skipped/>
  </testcase>
  <testcase name="testBoolean" classname="com.romanceabroad.ui.RegistrationTests" time="0">
    <skipped/>
  </testcase>
  <testcase name="testBoolean" classname="com.romanceabroad.ui.RegistrationTests" time="0">
    <skipped/>
  </testcase>
  <testcase name="testBoolean" classname="com.romanceabroad.ui.RegistrationTests" time="0">
    <skipped/>
    <system-err><![CDATA[Video recording
[/Users/anaraimasheva/GitHub/roman/romancepractice/video/PrettyWomen Tests_recording_2020_09_06_20_48_48.avi]
]]></system-err>
  </testcase>
  <testcase name="testBoolean" classname="com.romanceabroad.ui.RegistrationTests" time="0">
    <skipped/>
    <system-err><![CDATA[Video recording
[/Users/anaraimasheva/GitHub/roman/romancepractice/video/PrettyWomen Tests_recording_2020_09_06_20_48_48.avi]
]]></system-err>
  </testcase>
  <testcase name="closeBrowser" classname="com.romanceabroad.ui.RegistrationTests" time="0">
    <skipped/>
  </testcase>
  <testcase name="closeBrowser" classname="com.romanceabroad.ui.RegistrationTests" time="0">
    <skipped/>
  </testcase>
  <testcase name="closeBrowser" classname="com.romanceabroad.ui.RegistrationTests" time="0">
    <skipped/>
  </testcase>
  <testcase name="closeBrowser" classname="com.romanceabroad.ui.RegistrationTests" time="0">
    <skipped/>
  </testcase>
  <testcase name="closeBrowser" classname="com.romanceabroad.ui.RegistrationTests" time="0">
    <skipped/>
  </testcase>
  <testcase name="closeBrowser" classname="com.romanceabroad.ui.RegistrationTests" time="0">
    <skipped/>
  </testcase>
  <testcase name="closeBrowser" classname="com.romanceabroad.ui.RegistrationTests" time="0">
    <skipped/>
  </testcase>
  <testcase name="closeBrowser" classname="com.romanceabroad.ui.RegistrationTests" time="0">
    <skipped/>
    <system-err><![CDATA[Video recording
[/Users/anaraimasheva/GitHub/roman/romancepractice/video/PrettyWomen Tests_recording_2020_09_06_20_48_48.avi]
]]></system-err>
  </testcase>
  <testcase name="closeBrowser" classname="com.romanceabroad.ui.RegistrationTests" time="0">
    <skipped/>
  </testcase>
  <testcase name="closeBrowser" classname="com.romanceabroad.ui.RegistrationTests" time="0">
    <skipped/>
  </testcase>
  <testcase name="closeBrowser" classname="com.romanceabroad.ui.RegistrationTests" time="0">
    <skipped/>
  </testcase>
  <testcase name="closeBrowser" classname="com.romanceabroad.ui.RegistrationTests" time="0">
    <skipped/>
    <system-err><![CDATA[Video recording
[/Users/anaraimasheva/GitHub/roman/romancepractice/video/PrettyWomen Tests_recording_2020_09_06_20_48_48.avi]
]]></system-err>
  </testcase>
  <testcase name="closeBrowser" classname="com.romanceabroad.ui.RegistrationTests" time="0">
    <skipped/>
  </testcase>
  <testcase name="closeBrowser" classname="com.romanceabroad.ui.RegistrationTests" time="0">
    <skipped/>
  </testcase>
  <testcase name="closeBrowser" classname="com.romanceabroad.ui.RegistrationTests" time="0">
    <skipped/>
  </testcase>
  <testcase name="closeBrowser" classname="com.romanceabroad.ui.RegistrationTests" time="0">
    <skipped/>
  </testcase>
  <testcase name="closeBrowser" classname="com.romanceabroad.ui.RegistrationTests" time="0">
    <skipped/>
  </testcase>
  <testcase name="closeBrowser" classname="com.romanceabroad.ui.RegistrationTests" time="0">
    <skipped/>
  </testcase>
  <testcase name="closeBrowser" classname="com.romanceabroad.ui.RegistrationTests" time="0">
    <skipped/>
  </testcase>
  <testcase name="closeBrowser" classname="com.romanceabroad.ui.RegistrationTests" time="0">
    <skipped/>
  </testcase>
  <testcase name="closeBrowser" classname="com.romanceabroad.ui.RegistrationTests" time="0">
    <skipped/>
  </testcase>
  <testcase name="closeBrowser" classname="com.romanceabroad.ui.RegistrationTests" time="0">
    <skipped/>
  </testcase>
  <testcase name="closeBrowser" classname="com.romanceabroad.ui.RegistrationTests" time="0">
    <skipped/>
    <system-err><![CDATA[Video recording
[/Users/anaraimasheva/GitHub/roman/romancepractice/video/PrettyWomen Tests_recording_2020_09_06_20_48_51.avi]
]]></system-err>
  </testcase>
  <testcase name="closeBrowser" classname="com.romanceabroad.ui.RegistrationTests" time="0">
    <skipped/>
  </testcase>
  <testcase name="closeBrowser" classname="com.romanceabroad.ui.RegistrationTests" time="0">
    <skipped/>
  </testcase>
  <testcase name="closeBrowser" classname="com.romanceabroad.ui.RegistrationTests" time="0">
    <skipped/>
  </testcase>
  <testcase name="closeBrowser" classname="com.romanceabroad.ui.RegistrationTests" time="0">
    <skipped/>
  </testcase>
  <testcase name="closeBrowser" classname="com.romanceabroad.ui.RegistrationTests" time="0">
    <skipped/>
  </testcase>
  <testcase name="closeBrowser" classname="com.romanceabroad.ui.RegistrationTests" time="0">
    <skipped/>
    <system-err><![CDATA[Video recording
[/Users/anaraimasheva/GitHub/roman/romancepractice/video/PrettyWomen Tests_recording_2020_09_06_20_48_51.avi]
]]></system-err>
  </testcase>
  <testcase name="closeBrowser" classname="com.romanceabroad.ui.RegistrationTests" time="0">
    <skipped/>
  </testcase>
  <testcase name="closeBrowser" classname="com.romanceabroad.ui.RegistrationTests" time="0">
    <skipped/>
  </testcase>
  <testcase name="setup" classname="com.romanceabroad.ui.SignInTest" time="0.007">
    <failure type="java.lang.NullPointerException">java.lang.NullPointerException
</failure>
  </testcase>
  <testcase name="setup" classname="com.romanceabroad.ui.SignInTest" time="0.007">
    <failure type="java.lang.NullPointerException">java.lang.NullPointerException
</failure>
  </testcase>
  <testcase name="setup" classname="com.romanceabroad.ui.SignInTest" time="0">
    <failure type="java.lang.NullPointerException">java.lang.NullPointerException
</failure>
  </testcase>
  <testcase name="setup" classname="com.romanceabroad.ui.SignInTest" time="0.001">
    <failure type="java.lang.NullPointerException">java.lang.NullPointerException
</failure>
  </testcase>
  <testcase name="setup" classname="com.romanceabroad.ui.SignInTest" time="0.001">
    <failure type="java.lang.NullPointerException">java.lang.NullPointerException
</failure>
  </testcase>
  <testcase name="testSignInTestCase1" classname="com.romanceabroad.ui.SignInTest" time="0.476">
    <failure type="java.lang.NullPointerException">java.lang.NullPointerException
</failure>
  </testcase>
  <testcase name="testSignInTestCase1" classname="com.romanceabroad.ui.SignInTest" time="0.476">
    <failure type="java.lang.NullPointerException">java.lang.NullPointerException
</failure>
  </testcase>
  <testcase name="testSignInTestCase1" classname="com.romanceabroad.ui.SignInTest" time="0">
    <skipped/>
    <system-err><![CDATA[Video recording
[/Users/anaraimasheva/GitHub/roman/romancepractice/video/MainPage Tests_recording_2020_09_06_20_48_45.avi, /Users/anaraimasheva/GitHub/roman/romancepractice/video/MainPage Tests_recording_2020_09_06_20_48_45.avi]
]]></system-err>
  </testcase>
  <testcase name="testSignInTestCase1" classname="com.romanceabroad.ui.SignInTest" time="0">
    <skipped/>
    <system-err><![CDATA[Video recording
[/Users/anaraimasheva/GitHub/roman/romancepractice/video/SignIn test_recording_2020_09_06_20_48_49.avi]
]]></system-err>
  </testcase>
  <testcase name="testSignInTestCase1" classname="com.romanceabroad.ui.SignInTest" time="0">
    <skipped/>
    <system-err><![CDATA[Video recording
[/Users/anaraimasheva/GitHub/roman/romancepractice/video/SignIn test_recording_2020_09_06_20_48_49.avi]
]]></system-err>
  </testcase>
  <testcase name="setup" classname="com.romanceabroad.ui.PrettyWomenTest" time="0.478">
    <failure type="java.lang.NullPointerException">java.lang.NullPointerException
</failure>
  </testcase>
  <testcase name="setup" classname="com.romanceabroad.ui.PrettyWomenTest" time="0.001">
    <failure type="java.lang.NullPointerException">java.lang.NullPointerException
</failure>
  </testcase>
  <testcase name="setup" classname="com.romanceabroad.ui.PrettyWomenTest" time="0.698">
    <failure type="java.lang.NullPointerException">java.lang.NullPointerException
</failure>
  </testcase>
  <testcase name="setup" classname="com.romanceabroad.ui.PrettyWomenTest" time="0.18">
    <failure type="java.lang.NullPointerException">java.lang.NullPointerException
</failure>
  </testcase>
  <testcase name="setup" classname="com.romanceabroad.ui.PrettyWomenTest" time="0.39">
    <failure type="java.lang.NullPointerException">java.lang.NullPointerException
</failure>
  </testcase>
  <testcase name="setup" classname="com.romanceabroad.ui.PrettyWomenTest" time="0.001">
    <failure type="java.lang.NullPointerException">java.lang.NullPointerException
</failure>
  </testcase>
  <testcase name="setup" classname="com.romanceabroad.ui.PrettyWomenTest" time="0.005">
    <failure type="java.lang.NullPointerException">java.lang.NullPointerException
</failure>
  </testcase>
  <testcase name="setup" classname="com.romanceabroad.ui.PrettyWomenTest" time="0.001">
    <failure type="java.lang.NullPointerException">java.lang.NullPointerException
</failure>
  </testcase>
  <testcase name="setup" classname="com.romanceabroad.ui.PrettyWomenTest" time="0.001">
    <failure type="java.lang.NullPointerException">java.lang.NullPointerException
</failure>
  </testcase>
  <testcase name="setup" classname="com.romanceabroad.ui.PrettyWomenTest" time="0.002">
    <failure type="java.lang.NullPointerException">java.lang.NullPointerException
</failure>
  </testcase>
  <testcase name="setup" classname="com.romanceabroad.ui.PrettyWomenTest" time="0">
    <failure type="java.lang.NullPointerException">java.lang.NullPointerException
</failure>
    <system-err><![CDATA[Video recording
[/Users/anaraimasheva/GitHub/roman/romancepractice/video/PrettyWomen Tests_recording_2020_09_06_20_48_48.avi]
]]></system-err>
  </testcase>
  <testcase name="setup" classname="com.romanceabroad.ui.PrettyWomenTest" time="0">
    <failure type="java.lang.NullPointerException">java.lang.NullPointerException
</failure>
  </testcase>
  <testcase name="setup" classname="com.romanceabroad.ui.PrettyWomenTest" time="0">
    <failure type="java.lang.NullPointerException">java.lang.NullPointerException
</failure>
  </testcase>
  <testcase name="setup" classname="com.romanceabroad.ui.PrettyWomenTest" time="0">
    <failure type="java.lang.NullPointerException">java.lang.NullPointerException
</failure>
  </testcase>
  <testcase name="setup" classname="com.romanceabroad.ui.PrettyWomenTest" time="0">
    <failure type="java.lang.NullPointerException">java.lang.NullPointerException
</failure>
    <system-err><![CDATA[Video recording
[/Users/anaraimasheva/GitHub/roman/romancepractice/video/PrettyWomen Tests_recording_2020_09_06_20_48_48.avi]
]]></system-err>
  </testcase>
  <testcase name="setup" classname="com.romanceabroad.ui.PrettyWomenTest" time="0">
    <failure type="java.lang.NullPointerException">java.lang.NullPointerException
</failure>
  </testcase>
  <testcase name="setup" classname="com.romanceabroad.ui.PrettyWomenTest" time="0.001">
    <failure type="java.lang.NullPointerException">java.lang.NullPointerException
</failure>
  </testcase>
  <testcase name="setup" classname="com.romanceabroad.ui.PrettyWomenTest" time="0.001">
    <failure type="java.lang.NullPointerException">java.lang.NullPointerException
</failure>
  </testcase>
  <testcase name="setup" classname="com.romanceabroad.ui.PrettyWomenTest" time="0">
    <failure type="java.lang.NullPointerException">java.lang.NullPointerException
</failure>
  </testcase>
  <testcase name="setup" classname="com.romanceabroad.ui.PrettyWomenTest" time="0">
    <failure type="java.lang.NullPointerException">java.lang.NullPointerException
</failure>
    <system-err><![CDATA[Video recording
[/Users/anaraimasheva/GitHub/roman/romancepractice/video/PrettyWomen Tests_recording_2020_09_06_20_48_48.avi]
]]></system-err>
  </testcase>
  <testcase name="setup" classname="com.romanceabroad.ui.PrettyWomenTest" time="0.001">
    <failure type="java.lang.NullPointerException">java.lang.NullPointerException
</failure>
  </testcase>
  <testcase name="setup" classname="com.romanceabroad.ui.PrettyWomenTest" time="0">
    <failure type="java.lang.NullPointerException">java.lang.NullPointerException
</failure>
    <system-err><![CDATA[Video recording
[/Users/anaraimasheva/GitHub/roman/romancepractice/video/PrettyWomen Tests_recording_2020_09_06_20_48_48.avi]
]]></system-err>
  </testcase>
  <testcase name="setup" classname="com.romanceabroad.ui.PrettyWomenTest" time="0.002">
    <failure type="java.lang.NullPointerException">java.lang.NullPointerException
</failure>
  </testcase>
  <testcase name="setup" classname="com.romanceabroad.ui.PrettyWomenTest" time="0.002">
    <failure type="java.lang.NullPointerException">java.lang.NullPointerException
</failure>
  </testcase>
  <testcase name="setup" classname="com.romanceabroad.ui.PrettyWomenTest" time="0.002">
    <failure type="java.lang.NullPointerException">java.lang.NullPointerException
</failure>
  </testcase>
  <testcase name="setup" classname="com.romanceabroad.ui.PrettyWomenTest" time="0.001">
    <failure type="java.lang.NullPointerException">java.lang.NullPointerException
</failure>
  </testcase>
  <testcase name="setup" classname="com.romanceabroad.ui.PrettyWomenTest" time="0.002">
    <failure type="java.lang.NullPointerException">java.lang.NullPointerException
</failure>
    <system-err><![CDATA[Video recording
[/Users/anaraimasheva/GitHub/roman/romancepractice/video/PrettyWomen Tests_recording_2020_09_06_20_48_48.avi]
]]></system-err>
  </testcase>
  <testcase name="setup" classname="com.romanceabroad.ui.PrettyWomenTest" time="0.001">
    <failure type="java.lang.NullPointerException">java.lang.NullPointerException
</failure>
  </testcase>
  <testcase name="setup" classname="com.romanceabroad.ui.PrettyWomenTest" time="0.001">
    <failure type="java.lang.NullPointerException">java.lang.NullPointerException
</failure>
  </testcase>
  <testcase name="setup" classname="com.romanceabroad.ui.PrettyWomenTest" time="0">
    <failure type="java.lang.NullPointerException">java.lang.NullPointerException
</failure>
    <system-err><![CDATA[Video recording
[/Users/anaraimasheva/GitHub/roman/romancepractice/video/PrettyWomen Tests_recording_2020_09_06_20_48_48.avi]
]]></system-err>
  </testcase>
  <testcase name="setup" classname="com.romanceabroad.ui.PrettyWomenTest" time="0">
    <failure type="java.lang.NullPointerException">java.lang.NullPointerException
</failure>
  </testcase>
  <testcase name="setup" classname="com.romanceabroad.ui.PrettyWomenTest" time="0.001">
    <failure type="java.lang.NullPointerException">java.lang.NullPointerException
</failure>
  </testcase>
  <testcase name="setup" classname="com.romanceabroad.ui.PrettyWomenTest" time="0">
    <failure type="java.lang.NullPointerException">java.lang.NullPointerException
</failure>
    <system-err><![CDATA[Video recording
[/Users/anaraimasheva/GitHub/roman/romancepractice/video/PrettyWomen Tests_recording_2020_09_06_20_48_48.avi]
]]></system-err>
  </testcase>
  <testcase name="setup" classname="com.romanceabroad.ui.PrettyWomenTest" time="0.002">
    <failure type="java.lang.NullPointerException">java.lang.NullPointerException
</failure>
  </testcase>
  <testcase name="setup" classname="com.romanceabroad.ui.PrettyWomenTest" time="0.001">
    <failure type="java.lang.NullPointerException">java.lang.NullPointerException
</failure>
  </testcase>
  <testcase name="setup" classname="com.romanceabroad.ui.PrettyWomenTest" time="0.001">
    <failure type="java.lang.NullPointerException">java.lang.NullPointerException
</failure>
    <system-err><![CDATA[Video recording
[/Users/anaraimasheva/GitHub/roman/romancepractice/video/PrettyWomen Tests_recording_2020_09_06_20_48_48.avi]
]]></system-err>
  </testcase>
  <testcase name="setup" classname="com.romanceabroad.ui.PrettyWomenTest" time="0.001">
    <failure type="java.lang.NullPointerException">java.lang.NullPointerException
</failure>
  </testcase>
  <testcase name="setup" classname="com.romanceabroad.ui.PrettyWomenTest" time="0">
    <failure type="java.lang.NullPointerException">java.lang.NullPointerException
</failure>
  </testcase>
  <testcase name="setup" classname="com.romanceabroad.ui.PrettyWomenTest" time="0">
    <failure type="java.lang.NullPointerException">java.lang.NullPointerException
</failure>
  </testcase>
  <testcase name="setup" classname="com.romanceabroad.ui.PrettyWomenTest" time="0">
    <failure type="java.lang.NullPointerException">java.lang.NullPointerException
</failure>
    <system-err><![CDATA[Video recording
[/Users/anaraimasheva/GitHub/roman/romancepractice/video/PrettyWomen Tests_recording_2020_09_06_20_48_48.avi]
]]></system-err>
  </testcase>
  <testcase name="setup" classname="com.romanceabroad.ui.PrettyWomenTest" time="0.001">
    <failure type="java.lang.NullPointerException">java.lang.NullPointerException
</failure>
  </testcase>
  <testcase name="setup" classname="com.romanceabroad.ui.PrettyWomenTest" time="0">
    <failure type="java.lang.NullPointerException">java.lang.NullPointerException
</failure>
    <system-err><![CDATA[Video recording
[/Users/anaraimasheva/GitHub/roman/romancepractice/video/PrettyWomen Tests_recording_2020_09_06_20_48_48.avi]
]]></system-err>
  </testcase>
  <testcase name="setup" classname="com.romanceabroad.ui.PrettyWomenTest" time="0">
    <failure type="java.lang.NullPointerException">java.lang.NullPointerException
</failure>
  </testcase>
  <testcase name="setup" classname="com.romanceabroad.ui.PrettyWomenTest" time="0">
    <failure type="java.lang.NullPointerException">java.lang.NullPointerException
</failure>
    <system-err><![CDATA[Video recording
[/Users/anaraimasheva/GitHub/roman/romancepractice/video/PrettyWomen Tests_recording_2020_09_06_20_48_48.avi]
]]></system-err>
  </testcase>
  <testcase name="setup" classname="com.romanceabroad.ui.PrettyWomenTest" time="0.003">
    <failure type="java.lang.NullPointerException">java.lang.NullPointerException
</failure>
  </testcase>
  <testcase name="setup" classname="com.romanceabroad.ui.PrettyWomenTest" time="0.003">
    <failure type="java.lang.NullPointerException">java.lang.NullPointerException
</failure>
  </testcase>
  <testcase name="setup" classname="com.romanceabroad.ui.PrettyWomenTest" time="0.003">
    <failure type="java.lang.NullPointerException">java.lang.NullPointerException
</failure>
  </testcase>
  <testcase name="setup" classname="com.romanceabroad.ui.PrettyWomenTest" time="0.002">
    <failure type="java.lang.NullPointerException">java.lang.NullPointerException
</failure>
  </testcase>
  <testcase name="setup" classname="com.romanceabroad.ui.PrettyWomenTest" time="0.001">
    <failure type="java.lang.NullPointerException">java.lang.NullPointerException
</failure>
  </testcase>
  <testcase name="setup" classname="com.romanceabroad.ui.PrettyWomenTest" time="0.002">
    <failure type="java.lang.NullPointerException">java.lang.NullPointerException
</failure>
  </testcase>
  <testcase name="setup" classname="com.romanceabroad.ui.PrettyWomenTest" time="0.003">
    <failure type="java.lang.NullPointerException">java.lang.NullPointerException
</failure>
  </testcase>
  <testcase name="setup" classname="com.romanceabroad.ui.PrettyWomenTest" time="0.337">
    <failure type="java.lang.NullPointerException">java.lang.NullPointerException
</failure>
  </testcase>
  <testcase name="setup" classname="com.romanceabroad.ui.PrettyWomenTest" time="0.005">
    <failure type="java.lang.NullPointerException">java.lang.NullPointerException
</failure>
  </testcase>
  <testcase name="setup" classname="com.romanceabroad.ui.PrettyWomenTest" time="0.252">
    <failure type="java.lang.NullPointerException">java.lang.NullPointerException
</failure>
  </testcase>
  <testcase name="setup" classname="com.romanceabroad.ui.PrettyWomenTest" time="0.105">
    <failure type="java.lang.NullPointerException">java.lang.NullPointerException
</failure>
  </testcase>
  <testcase name="setup" classname="com.romanceabroad.ui.PrettyWomenTest" time="0.001">
    <failure type="java.lang.NullPointerException">java.lang.NullPointerException
</failure>
  </testcase>
  <testcase name="setup" classname="com.romanceabroad.ui.PrettyWomenTest" time="0.002">
    <failure type="java.lang.NullPointerException">java.lang.NullPointerException
</failure>
  </testcase>
  <testcase name="setup" classname="com.romanceabroad.ui.PrettyWomenTest" time="0">
    <failure type="java.lang.NullPointerException">java.lang.NullPointerException
</failure>
  </testcase>
  <testcase name="setup" classname="com.romanceabroad.ui.PrettyWomenTest" time="0">
    <failure type="java.lang.NullPointerException">java.lang.NullPointerException
</failure>
  </testcase>
  <testcase name="setup" classname="com.romanceabroad.ui.PrettyWomenTest" time="0.004">
    <failure type="java.lang.NullPointerException">java.lang.NullPointerException
</failure>
  </testcase>
  <testcase name="setup" classname="com.romanceabroad.ui.PrettyWomenTest" time="0">
    <failure type="java.lang.NullPointerException">java.lang.NullPointerException
</failure>
  </testcase>
  <testcase name="setup" classname="com.romanceabroad.ui.PrettyWomenTest" time="0">
    <failure type="java.lang.NullPointerException">java.lang.NullPointerException
</failure>
    <system-err><![CDATA[Video recording
[/Users/anaraimasheva/GitHub/roman/romancepractice/video/PrettyWomen Tests_recording_2020_09_06_20_48_51.avi]
]]></system-err>
  </testcase>
  <testcase name="setup" classname="com.romanceabroad.ui.PrettyWomenTest" time="0">
    <failure type="java.lang.NullPointerException">java.lang.NullPointerException
</failure>
  </testcase>
  <testcase name="setup" classname="com.romanceabroad.ui.PrettyWomenTest" time="0.002">
    <failure type="java.lang.NullPointerException">java.lang.NullPointerException
</failure>
  </testcase>
  <testcase name="setup" classname="com.romanceabroad.ui.PrettyWomenTest" time="0.001">
    <failure type="java.lang.NullPointerException">java.lang.NullPointerException
</failure>
  </testcase>
  <testcase name="setup" classname="com.romanceabroad.ui.PrettyWomenTest" time="0.001">
    <failure type="java.lang.NullPointerException">java.lang.NullPointerException
</failure>
  </testcase>
  <testcase name="setup" classname="com.romanceabroad.ui.PrettyWomenTest" time="0">
    <failure type="java.lang.NullPointerException">java.lang.NullPointerException
</failure>
  </testcase>
  <testcase name="setup" classname="com.romanceabroad.ui.PrettyWomenTest" time="0">
    <failure type="java.lang.NullPointerException">java.lang.NullPointerException
</failure>
  </testcase>
  <testcase name="setup" classname="com.romanceabroad.ui.PrettyWomenTest" time="0">
    <failure type="java.lang.NullPointerException">java.lang.NullPointerException
</failure>
  </testcase>
  <testcase name="setup" classname="com.romanceabroad.ui.PrettyWomenTest" time="0">
    <failure type="java.lang.NullPointerException">java.lang.NullPointerException
</failure>
    <system-err><![CDATA[Video recording
[/Users/anaraimasheva/GitHub/roman/romancepractice/video/PrettyWomen Tests_recording_2020_09_06_20_48_51.avi]
]]></system-err>
  </testcase>
  <testcase name="setup" classname="com.romanceabroad.ui.PrettyWomenTest" time="0">
    <failure type="java.lang.NullPointerException">java.lang.NullPointerException
</failure>
  </testcase>
  <testcase name="setup" classname="com.romanceabroad.ui.PrettyWomenTest" time="0">
    <failure type="java.lang.NullPointerException">java.lang.NullPointerException
</failure>
  </testcase>
  <testcase name="setup" classname="com.romanceabroad.ui.PrettyWomenTest" time="0">
    <failure type="java.lang.NullPointerException">java.lang.NullPointerException
</failure>
  </testcase>
  <testcase name="setup" classname="com.romanceabroad.ui.PrettyWomenTest" time="0">
    <failure type="java.lang.NullPointerException">java.lang.NullPointerException
</failure>
    <system-err><![CDATA[Video recording
[/Users/anaraimasheva/GitHub/roman/romancepractice/video/PrettyWomen Tests_recording_2020_09_06_20_48_51.avi]
]]></system-err>
  </testcase>
  <testcase name="setup" classname="com.romanceabroad.ui.PrettyWomenTest" time="0.001">
    <failure type="java.lang.NullPointerException">java.lang.NullPointerException
</failure>
  </testcase>
  <testcase name="setup" classname="com.romanceabroad.ui.PrettyWomenTest" time="0">
    <failure type="java.lang.NullPointerException">java.lang.NullPointerException
</failure>
  </testcase>
  <testcase name="setup" classname="com.romanceabroad.ui.PrettyWomenTest" time="0.002">
    <failure type="java.lang.NullPointerException">java.lang.NullPointerException
</failure>
  </testcase>
  <testcase name="setup" classname="com.romanceabroad.ui.PrettyWomenTest" time="0">
    <failure type="java.lang.NullPointerException">java.lang.NullPointerException
</failure>
    <system-err><![CDATA[Video recording
[/Users/anaraimasheva/GitHub/roman/romancepractice/video/PrettyWomen Tests_recording_2020_09_06_20_48_51.avi]
]]></system-err>
  </testcase>
  <testcase name="setup" classname="com.romanceabroad.ui.PrettyWomenTest" time="0">
    <failure type="java.lang.NullPointerException">java.lang.NullPointerException
</failure>
  </testcase>
  <testcase name="setup" classname="com.romanceabroad.ui.PrettyWomenTest" time="0.008">
    <failure type="java.lang.NullPointerException">java.lang.NullPointerException
</failure>
  </testcase>
  <testcase name="setup" classname="com.romanceabroad.ui.PrettyWomenTest" time="0">
    <failure type="java.lang.NullPointerException">java.lang.NullPointerException
</failure>
  </testcase>
  <testcase name="setup" classname="com.romanceabroad.ui.PrettyWomenTest" time="0.002">
    <failure type="java.lang.NullPointerException">java.lang.NullPointerException
</failure>
  </testcase>
  <testcase name="setup" classname="com.romanceabroad.ui.PrettyWomenTest" time="0">
    <failure type="java.lang.NullPointerException">java.lang.NullPointerException
</failure>
  </testcase>
  <testcase name="setup" classname="com.romanceabroad.ui.PrettyWomenTest" time="0.003">
    <failure type="java.lang.NullPointerException">java.lang.NullPointerException
</failure>
  </testcase>
  <testcase name="setup" classname="com.romanceabroad.ui.PrettyWomenTest" time="0.001">
    <failure type="java.lang.NullPointerException">java.lang.NullPointerException
</failure>
  </testcase>
  <testcase name="testSplit" classname="com.romanceabroad.ui.PrettyWomenTest" time="0">
    <skipped/>
    <system-err><![CDATA[Video recording
[/Users/anaraimasheva/GitHub/roman/romancepractice/video/SignIn test_recording_2020_09_06_20_48_45.avi]
Video recording
[/Users/anaraimasheva/GitHub/roman/romancepractice/video/SignIn test_recording_2020_09_06_20_48_45.avi]
]]></system-err>
  </testcase>
  <testcase name="testSplit" classname="com.romanceabroad.ui.PrettyWomenTest" time="0">
    <skipped/>
  </testcase>
  <testcase name="testSplit" classname="com.romanceabroad.ui.PrettyWomenTest" time="0.273">
    <failure type="java.lang.NullPointerException">java.lang.NullPointerException
</failure>
  </testcase>
  <testcase name="testSplit" classname="com.romanceabroad.ui.PrettyWomenTest" time="0">
    <skipped/>
    <system-err><![CDATA[Video recording
[/Users/anaraimasheva/GitHub/roman/romancepractice/video/SignIn test_recording_2020_09_06_20_48_49.avi]
]]></system-err>
  </testcase>
  <testcase name="testSplit" classname="com.romanceabroad.ui.PrettyWomenTest" time="0.097">
    <failure type="java.lang.NullPointerException">java.lang.NullPointerException
</failure>
  </testcase>
  <testcase name="closeBrowser" classname="com.romanceabroad.ui.PrettyWomenTest" time="0">
    <skipped/>
  </testcase>
  <testcase name="closeBrowser" classname="com.romanceabroad.ui.PrettyWomenTest" time="0">
    <skipped/>
  </testcase>
  <testcase name="closeBrowser" classname="com.romanceabroad.ui.PrettyWomenTest" time="0">
    <skipped/>
  </testcase>
  <testcase name="closeBrowser" classname="com.romanceabroad.ui.PrettyWomenTest" time="0">
    <skipped/>
  </testcase>
  <testcase name="closeBrowser" classname="com.romanceabroad.ui.PrettyWomenTest" time="0">
    <skipped/>
  </testcase>
  <testcase name="closeBrowser" classname="com.romanceabroad.ui.PrettyWomenTest" time="0">
    <skipped/>
  </testcase>
  <testcase name="closeBrowser" classname="com.romanceabroad.ui.PrettyWomenTest" time="0">
    <skipped/>
  </testcase>
  <testcase name="closeBrowser" classname="com.romanceabroad.ui.PrettyWomenTest" time="0">
    <skipped/>
  </testcase>
  <testcase name="closeBrowser" classname="com.romanceabroad.ui.PrettyWomenTest" time="0">
    <skipped/>
  </testcase>
  <testcase name="closeBrowser" classname="com.romanceabroad.ui.PrettyWomenTest" time="0">
    <skipped/>
  </testcase>
  <testcase name="closeBrowser" classname="com.romanceabroad.ui.PrettyWomenTest" time="0">
    <skipped/>
    <system-err><![CDATA[Video recording
[/Users/anaraimasheva/GitHub/roman/romancepractice/video/PrettyWomen Tests_recording_2020_09_06_20_48_48.avi]
]]></system-err>
  </testcase>
  <testcase name="closeBrowser" classname="com.romanceabroad.ui.PrettyWomenTest" time="0">
    <skipped/>
  </testcase>
  <testcase name="closeBrowser" classname="com.romanceabroad.ui.PrettyWomenTest" time="0">
    <skipped/>
  </testcase>
  <testcase name="closeBrowser" classname="com.romanceabroad.ui.PrettyWomenTest" time="0">
    <skipped/>
  </testcase>
  <testcase name="closeBrowser" classname="com.romanceabroad.ui.PrettyWomenTest" time="0">
    <skipped/>
  </testcase>
  <testcase name="closeBrowser" classname="com.romanceabroad.ui.PrettyWomenTest" time="0">
    <skipped/>
    <system-err><![CDATA[Video recording
[/Users/anaraimasheva/GitHub/roman/romancepractice/video/PrettyWomen Tests_recording_2020_09_06_20_48_48.avi]
]]></system-err>
  </testcase>
  <testcase name="closeBrowser" classname="com.romanceabroad.ui.PrettyWomenTest" time="0">
    <skipped/>
  </testcase>
  <testcase name="closeBrowser" classname="com.romanceabroad.ui.PrettyWomenTest" time="0">
    <skipped/>
  </testcase>
  <testcase name="closeBrowser" classname="com.romanceabroad.ui.PrettyWomenTest" time="0">
    <skipped/>
  </testcase>
  <testcase name="closeBrowser" classname="com.romanceabroad.ui.PrettyWomenTest" time="0">
    <skipped/>
  </testcase>
  <testcase name="closeBrowser" classname="com.romanceabroad.ui.PrettyWomenTest" time="0">
    <skipped/>
  </testcase>
  <testcase name="closeBrowser" classname="com.romanceabroad.ui.PrettyWomenTest" time="0">
    <skipped/>
  </testcase>
  <testcase name="closeBrowser" classname="com.romanceabroad.ui.PrettyWomenTest" time="0">
    <skipped/>
  </testcase>
  <testcase name="closeBrowser" classname="com.romanceabroad.ui.PrettyWomenTest" time="0">
    <skipped/>
  </testcase>
  <testcase name="closeBrowser" classname="com.romanceabroad.ui.PrettyWomenTest" time="0">
    <skipped/>
  </testcase>
  <testcase name="closeBrowser" classname="com.romanceabroad.ui.PrettyWomenTest" time="0">
    <skipped/>
  </testcase>
  <testcase name="closeBrowser" classname="com.romanceabroad.ui.PrettyWomenTest" time="0">
    <skipped/>
  </testcase>
  <testcase name="closeBrowser" classname="com.romanceabroad.ui.PrettyWomenTest" time="0">
    <skipped/>
    <system-err><![CDATA[Video recording
[/Users/anaraimasheva/GitHub/roman/romancepractice/video/PrettyWomen Tests_recording_2020_09_06_20_48_48.avi]
]]></system-err>
  </testcase>
  <testcase name="closeBrowser" classname="com.romanceabroad.ui.PrettyWomenTest" time="0">
    <skipped/>
  </testcase>
  <testcase name="closeBrowser" classname="com.romanceabroad.ui.PrettyWomenTest" time="0">
    <skipped/>
  </testcase>
  <testcase name="closeBrowser" classname="com.romanceabroad.ui.PrettyWomenTest" time="0">
    <skipped/>
  </testcase>
  <testcase name="closeBrowser" classname="com.romanceabroad.ui.PrettyWomenTest" time="0">
    <skipped/>
  </testcase>
  <testcase name="closeBrowser" classname="com.romanceabroad.ui.PrettyWomenTest" time="0">
    <skipped/>
  </testcase>
  <testcase name="closeBrowser" classname="com.romanceabroad.ui.PrettyWomenTest" time="0">
    <skipped/>
  </testcase>
  <testcase name="closeBrowser" classname="com.romanceabroad.ui.PrettyWomenTest" time="0">
    <skipped/>
    <system-err><![CDATA[Video recording
[/Users/anaraimasheva/GitHub/roman/romancepractice/video/PrettyWomen Tests_recording_2020_09_06_20_48_48.avi]
]]></system-err>
  </testcase>
  <testcase name="closeBrowser" classname="com.romanceabroad.ui.PrettyWomenTest" time="0">
    <skipped/>
  </testcase>
  <testcase name="closeBrowser" classname="com.romanceabroad.ui.PrettyWomenTest" time="0">
    <skipped/>
    <system-err><![CDATA[Video recording
[/Users/anaraimasheva/GitHub/roman/romancepractice/video/PrettyWomen Tests_recording_2020_09_06_20_48_48.avi]
]]></system-err>
  </testcase>
  <testcase name="closeBrowser" classname="com.romanceabroad.ui.PrettyWomenTest" time="0">
    <skipped/>
  </testcase>
  <testcase name="closeBrowser" classname="com.romanceabroad.ui.PrettyWomenTest" time="0">
    <skipped/>
  </testcase>
  <testcase name="closeBrowser" classname="com.romanceabroad.ui.PrettyWomenTest" time="0">
    <skipped/>
  </testcase>
  <testcase name="closeBrowser" classname="com.romanceabroad.ui.PrettyWomenTest" time="0">
    <skipped/>
  </testcase>
  <testcase name="closeBrowser" classname="com.romanceabroad.ui.PrettyWomenTest" time="0">
    <skipped/>
  </testcase>
  <testcase name="closeBrowser" classname="com.romanceabroad.ui.PrettyWomenTest" time="0">
    <skipped/>
  </testcase>
  <testcase name="closeBrowser" classname="com.romanceabroad.ui.PrettyWomenTest" time="0">
    <skipped/>
  </testcase>
  <testcase name="closeBrowser" classname="com.romanceabroad.ui.PrettyWomenTest" time="0">
    <skipped/>
  </testcase>
  <testcase name="closeBrowser" classname="com.romanceabroad.ui.PrettyWomenTest" time="0">
    <skipped/>
  </testcase>
  <testcase name="closeBrowser" classname="com.romanceabroad.ui.PrettyWomenTest" time="0">
    <skipped/>
  </testcase>
  <testcase name="closeBrowser" classname="com.romanceabroad.ui.PrettyWomenTest" time="0">
    <skipped/>
  </testcase>
  <testcase name="closeBrowser" classname="com.romanceabroad.ui.PrettyWomenTest" time="0">
    <skipped/>
  </testcase>
  <testcase name="closeBrowser" classname="com.romanceabroad.ui.PrettyWomenTest" time="0">
    <skipped/>
  </testcase>
  <testcase name="closeBrowser" classname="com.romanceabroad.ui.PrettyWomenTest" time="0">
    <skipped/>
  </testcase>
  <testcase name="closeBrowser" classname="com.romanceabroad.ui.PrettyWomenTest" time="0">
    <skipped/>
  </testcase>
  <testcase name="closeBrowser" classname="com.romanceabroad.ui.PrettyWomenTest" time="0">
    <skipped/>
  </testcase>
  <testcase name="closeBrowser" classname="com.romanceabroad.ui.PrettyWomenTest" time="0">
    <skipped/>
  </testcase>
  <testcase name="closeBrowser" classname="com.romanceabroad.ui.PrettyWomenTest" time="0">
    <skipped/>
  </testcase>
  <testcase name="closeBrowser" classname="com.romanceabroad.ui.PrettyWomenTest" time="0">
    <skipped/>
    <system-err><![CDATA[Video recording
[/Users/anaraimasheva/GitHub/roman/romancepractice/video/PrettyWomen Tests_recording_2020_09_06_20_48_51.avi]
]]></system-err>
  </testcase>
  <testcase name="closeBrowser" classname="com.romanceabroad.ui.PrettyWomenTest" time="0">
    <skipped/>
  </testcase>
  <testcase name="closeBrowser" classname="com.romanceabroad.ui.PrettyWomenTest" time="0">
    <skipped/>
  </testcase>
  <testcase name="closeBrowser" classname="com.romanceabroad.ui.PrettyWomenTest" time="0">
    <skipped/>
    <system-err><![CDATA[Video recording
[/Users/anaraimasheva/GitHub/roman/romancepractice/video/PrettyWomen Tests_recording_2020_09_06_20_48_51.avi]
]]></system-err>
  </testcase>
  <testcase name="closeBrowser" classname="com.romanceabroad.ui.PrettyWomenTest" time="0">
    <skipped/>
  </testcase>
  <testcase name="closeBrowser" classname="com.romanceabroad.ui.PrettyWomenTest" time="0">
    <skipped/>
  </testcase>
  <testcase name="closeBrowser" classname="com.romanceabroad.ui.PrettyWomenTest" time="0">
    <skipped/>
  </testcase>
  <testcase name="closeBrowser" classname="com.romanceabroad.ui.PrettyWomenTest" time="0">
    <skipped/>
  </testcase>
  <testcase name="closeBrowser" classname="com.romanceabroad.ui.PrettyWomenTest" time="0">
    <skipped/>
  </testcase>
  <testcase name="closeBrowser" classname="com.romanceabroad.ui.PrettyWomenTest" time="0">
    <skipped/>
  </testcase>
  <testcase name="closeBrowser" classname="com.romanceabroad.ui.PrettyWomenTest" time="0">
    <skipped/>
  </testcase>
  <testcase name="closeBrowser" classname="com.romanceabroad.ui.PrettyWomenTest" time="0">
    <skipped/>
  </testcase>
  <testcase name="closeBrowser" classname="com.romanceabroad.ui.PrettyWomenTest" time="0">
    <skipped/>
  </testcase>
  <testcase name="closeBrowser" classname="com.romanceabroad.ui.PrettyWomenTest" time="0">
    <skipped/>
  </testcase>
  <testcase name="closeBrowser" classname="com.romanceabroad.ui.PrettyWomenTest" time="0">
    <skipped/>
  </testcase>
  <testcase name="closeBrowser" classname="com.romanceabroad.ui.PrettyWomenTest" time="0">
    <skipped/>
  </testcase>
  <testcase name="closeBrowser" classname="com.romanceabroad.ui.PrettyWomenTest" time="0">
    <skipped/>
  </testcase>
  <testcase name="closeBrowser" classname="com.romanceabroad.ui.PrettyWomenTest" time="0">
    <skipped/>
  </testcase>
  <testcase name="closeBrowser" classname="com.romanceabroad.ui.PrettyWomenTest" time="0">
    <skipped/>
  </testcase>
  <testcase name="closeBrowser" classname="com.romanceabroad.ui.PrettyWomenTest" time="0">
    <skipped/>
  </testcase>
  <testcase name="closeBrowser" classname="com.romanceabroad.ui.PrettyWomenTest" time="0">
    <skipped/>
  </testcase>
  <testcase name="closeBrowser" classname="com.romanceabroad.ui.PrettyWomenTest" time="0">
    <skipped/>
  </testcase>
  <testcase name="closeBrowser" classname="com.romanceabroad.ui.PrettyWomenTest" time="0">
    <skipped/>
  </testcase>
  <testcase name="closeBrowser" classname="com.romanceabroad.ui.PrettyWomenTest" time="0">
    <skipped/>
  </testcase>
  <testcase name="closeBrowser" classname="com.romanceabroad.ui.PrettyWomenTest" time="0">
    <skipped/>
  </testcase>
  <testcase name="setup" classname="com.romanceabroad.ui.MainPageTests" time="0.006">
    <failure type="java.lang.NullPointerException">java.lang.NullPointerException
</failure>
  </testcase>
  <testcase name="setup" classname="com.romanceabroad.ui.MainPageTests" time="0">
    <failure type="java.lang.NullPointerException">java.lang.NullPointerException
</failure>
  </testcase>
  <testcase name="setup" classname="com.romanceabroad.ui.MainPageTests" time="0.274">
    <failure type="java.lang.NullPointerException">java.lang.NullPointerException
</failure>
  </testcase>
  <testcase name="setup" classname="com.romanceabroad.ui.MainPageTests" time="0.083">
    <failure type="java.lang.NullPointerException">java.lang.NullPointerException
</failure>
  </testcase>
  <testcase name="setup" classname="com.romanceabroad.ui.MainPageTests" time="0.147">
    <failure type="java.lang.NullPointerException">java.lang.NullPointerException
</failure>
    <system-err><![CDATA[Video recording
[/Users/anaraimasheva/GitHub/roman/romancepractice/video/PhotosPage Tests_recording_2020_09_06_20_48_47.avi]
]]></system-err>
  </testcase>
  <testcase name="setup" classname="com.romanceabroad.ui.MainPageTests" time="0.002">
    <failure type="java.lang.NullPointerException">java.lang.NullPointerException
</failure>
  </testcase>
  <testcase name="setup" classname="com.romanceabroad.ui.MainPageTests" time="0">
    <failure type="java.lang.NullPointerException">java.lang.NullPointerException
</failure>
  </testcase>
  <testcase name="setup" classname="com.romanceabroad.ui.MainPageTests" time="0.002">
    <failure type="java.lang.NullPointerException">java.lang.NullPointerException
</failure>
  </testcase>
  <testcase name="setup" classname="com.romanceabroad.ui.MainPageTests" time="0">
    <failure type="java.lang.NullPointerException">java.lang.NullPointerException
</failure>
  </testcase>
  <testcase name="setup" classname="com.romanceabroad.ui.MainPageTests" time="0">
    <failure type="java.lang.NullPointerException">java.lang.NullPointerException
</failure>
    <system-err><![CDATA[Video recording
[/Users/anaraimasheva/GitHub/roman/romancepractice/video/PrettyWomen Tests_recording_2020_09_06_20_48_48.avi]
]]></system-err>
  </testcase>
  <testcase name="setup" classname="com.romanceabroad.ui.MainPageTests" time="0.001">
    <failure type="java.lang.NullPointerException">java.lang.NullPointerException
</failure>
    <system-err><![CDATA[Video recording
[/Users/anaraimasheva/GitHub/roman/romancepractice/video/PrettyWomen Tests_recording_2020_09_06_20_48_48.avi]
]]></system-err>
  </testcase>
  <testcase name="setup" classname="com.romanceabroad.ui.MainPageTests" time="0">
    <failure type="java.lang.NullPointerException">java.lang.NullPointerException
</failure>
  </testcase>
  <testcase name="setup" classname="com.romanceabroad.ui.MainPageTests" time="0">
    <failure type="java.lang.NullPointerException">java.lang.NullPointerException
</failure>
    <system-err><![CDATA[Video recording
[/Users/anaraimasheva/GitHub/roman/romancepractice/video/PrettyWomen Tests_recording_2020_09_06_20_48_48.avi]
]]></system-err>
  </testcase>
  <testcase name="setup" classname="com.romanceabroad.ui.MainPageTests" time="0.001">
    <failure type="java.lang.NullPointerException">java.lang.NullPointerException
</failure>
  </testcase>
  <testcase name="setup" classname="com.romanceabroad.ui.MainPageTests" time="0.002">
    <failure type="java.lang.NullPointerException">java.lang.NullPointerException
</failure>
  </testcase>
  <testcase name="setup" classname="com.romanceabroad.ui.MainPageTests" time="0.002">
    <failure type="java.lang.NullPointerException">java.lang.NullPointerException
</failure>
  </testcase>
  <testcase name="setup" classname="com.romanceabroad.ui.MainPageTests" time="0">
    <failure type="java.lang.NullPointerException">java.lang.NullPointerException
</failure>
  </testcase>
  <testcase name="setup" classname="com.romanceabroad.ui.MainPageTests" time="0">
    <failure type="java.lang.NullPointerException">java.lang.NullPointerException
</failure>
  </testcase>
  <testcase name="setup" classname="com.romanceabroad.ui.MainPageTests" time="0">
    <failure type="java.lang.NullPointerException">java.lang.NullPointerException
</failure>
  </testcase>
  <testcase name="setup" classname="com.romanceabroad.ui.MainPageTests" time="0">
    <failure type="java.lang.NullPointerException">java.lang.NullPointerException
</failure>
    <system-err><![CDATA[Video recording
[/Users/anaraimasheva/GitHub/roman/romancepractice/video/PrettyWomen Tests_recording_2020_09_06_20_48_48.avi]
]]></system-err>
  </testcase>
  <testcase name="setup" classname="com.romanceabroad.ui.MainPageTests" time="0.004">
    <failure type="java.lang.NullPointerException">java.lang.NullPointerException
</failure>
  </testcase>
  <testcase name="setup" classname="com.romanceabroad.ui.MainPageTests" time="0">
    <failure type="java.lang.NullPointerException">java.lang.NullPointerException
</failure>
  </testcase>
  <testcase name="setup" classname="com.romanceabroad.ui.MainPageTests" time="0.004">
    <failure type="java.lang.NullPointerException">java.lang.NullPointerException
</failure>
  </testcase>
  <testcase name="setup" classname="com.romanceabroad.ui.MainPageTests" time="0.004">
    <failure type="java.lang.NullPointerException">java.lang.NullPointerException
</failure>
  </testcase>
  <testcase name="setup" classname="com.romanceabroad.ui.MainPageTests" time="0.003">
    <failure type="java.lang.NullPointerException">java.lang.NullPointerException
</failure>
  </testcase>
  <testcase name="setup" classname="com.romanceabroad.ui.MainPageTests" time="0.001">
    <failure type="java.lang.NullPointerException">java.lang.NullPointerException
</failure>
  </testcase>
  <testcase name="setup" classname="com.romanceabroad.ui.MainPageTests" time="0">
    <failure type="java.lang.NullPointerException">java.lang.NullPointerException
</failure>
    <system-err><![CDATA[Video recording
[/Users/anaraimasheva/GitHub/roman/romancepractice/video/PrettyWomen Tests_recording_2020_09_06_20_48_48.avi]
]]></system-err>
  </testcase>
  <testcase name="setup" classname="com.romanceabroad.ui.MainPageTests" time="0.001">
    <failure type="java.lang.NullPointerException">java.lang.NullPointerException
</failure>
  </testcase>
  <testcase name="setup" classname="com.romanceabroad.ui.MainPageTests" time="0.003">
    <failure type="java.lang.NullPointerException">java.lang.NullPointerException
</failure>
  </testcase>
  <testcase name="setup" classname="com.romanceabroad.ui.MainPageTests" time="0.003">
    <failure type="java.lang.NullPointerException">java.lang.NullPointerException
</failure>
  </testcase>
  <testcase name="setup" classname="com.romanceabroad.ui.MainPageTests" time="0.001">
    <failure type="java.lang.NullPointerException">java.lang.NullPointerException
</failure>
  </testcase>
  <testcase name="setup" classname="com.romanceabroad.ui.MainPageTests" time="0.099">
    <failure type="java.lang.NullPointerException">java.lang.NullPointerException
</failure>
  </testcase>
  <testcase name="setup" classname="com.romanceabroad.ui.MainPageTests" time="0.162">
    <failure type="java.lang.NullPointerException">java.lang.NullPointerException
</failure>
  </testcase>
  <testcase name="setup" classname="com.romanceabroad.ui.MainPageTests" time="0.001">
    <failure type="java.lang.NullPointerException">java.lang.NullPointerException
</failure>
  </testcase>
  <testcase name="setup" classname="com.romanceabroad.ui.MainPageTests" time="0.001">
    <failure type="java.lang.NullPointerException">java.lang.NullPointerException
</failure>
  </testcase>
  <testcase name="setup" classname="com.romanceabroad.ui.MainPageTests" time="0">
    <failure type="java.lang.NullPointerException">java.lang.NullPointerException
</failure>
  </testcase>
  <testcase name="setup" classname="com.romanceabroad.ui.MainPageTests" time="0">
    <failure type="java.lang.NullPointerException">java.lang.NullPointerException
</failure>
  </testcase>
  <testcase name="setup" classname="com.romanceabroad.ui.MainPageTests" time="0">
    <failure type="java.lang.NullPointerException">java.lang.NullPointerException
</failure>
  </testcase>
  <testcase name="setup" classname="com.romanceabroad.ui.MainPageTests" time="0.004">
    <failure type="java.lang.NullPointerException">java.lang.NullPointerException
</failure>
    <system-err><![CDATA[Video recording
[/Users/anaraimasheva/GitHub/roman/romancepractice/video/PrettyWomen Tests_recording_2020_09_06_20_48_51.avi]
]]></system-err>
  </testcase>
  <testcase name="setup" classname="com.romanceabroad.ui.MainPageTests" time="0">
    <failure type="java.lang.NullPointerException">java.lang.NullPointerException
</failure>
    <system-err><![CDATA[Video recording
[/Users/anaraimasheva/GitHub/roman/romancepractice/video/PrettyWomen Tests_recording_2020_09_06_20_48_51.avi]
]]></system-err>
  </testcase>
  <testcase name="setup" classname="com.romanceabroad.ui.MainPageTests" time="0">
    <failure type="java.lang.NullPointerException">java.lang.NullPointerException
</failure>
  </testcase>
  <testcase name="setup" classname="com.romanceabroad.ui.MainPageTests" time="0.004">
    <failure type="java.lang.NullPointerException">java.lang.NullPointerException
</failure>
  </testcase>
  <testcase name="setup" classname="com.romanceabroad.ui.MainPageTests" time="0.007">
    <failure type="java.lang.NullPointerException">java.lang.NullPointerException
</failure>
  </testcase>
  <testcase name="setup" classname="com.romanceabroad.ui.MainPageTests" time="0">
    <failure type="java.lang.NullPointerException">java.lang.NullPointerException
</failure>
    <system-err><![CDATA[Video recording
[/Users/anaraimasheva/GitHub/roman/romancepractice/video/PrettyWomen Tests_recording_2020_09_06_20_48_51.avi]
]]></system-err>
  </testcase>
  <testcase name="setup" classname="com.romanceabroad.ui.MainPageTests" time="0.008">
    <failure type="java.lang.NullPointerException">java.lang.NullPointerException
</failure>
  </testcase>
  <testcase name="setup" classname="com.romanceabroad.ui.MainPageTests" time="0">
    <failure type="java.lang.NullPointerException">java.lang.NullPointerException
</failure>
  </testcase>
  <testcase name="setup" classname="com.romanceabroad.ui.MainPageTests" time="0">
    <failure type="java.lang.NullPointerException">java.lang.NullPointerException
</failure>
  </testcase>
  <testcase name="setup" classname="com.romanceabroad.ui.MainPageTests" time="0.002">
    <failure type="java.lang.NullPointerException">java.lang.NullPointerException
</failure>
  </testcase>
  <testcase name="setup" classname="com.romanceabroad.ui.MainPageTests" time="0.001">
    <failure type="java.lang.NullPointerException">java.lang.NullPointerException
</failure>
  </testcase>
  <testcase name="setup" classname="com.romanceabroad.ui.MainPageTests" time="0.004">
    <failure type="java.lang.NullPointerException">java.lang.NullPointerException
</failure>
  </testcase>
  <testcase name="checkTabsTestCase10" classname="com.romanceabroad.ui.MainPageTests" time="0.013">
    <failure message="Index 0 out of bounds for length 0" type="java.lang.IndexOutOfBoundsException">java.lang.IndexOutOfBoundsException: Index 0 out of bounds for length 0
</failure>
  </testcase>
  <testcase name="checkTabsTestCase10" classname="com.romanceabroad.ui.MainPageTests" time="0.121">
    <failure type="java.lang.NullPointerException">java.lang.NullPointerException
</failure>
  </testcase>
  <testcase name="checkTabsTestCase10" classname="com.romanceabroad.ui.MainPageTests" time="0">
    <skipped/>
    <system-err><![CDATA[Video recording
[/Users/anaraimasheva/GitHub/roman/romancepractice/video/Gifts Test_recording_2020_09_06_20_48_46.avi]
]]></system-err>
  </testcase>
  <testcase name="checkTabsTestCase10" classname="com.romanceabroad.ui.MainPageTests" time="0">
    <skipped/>
    <system-err><![CDATA[Video recording
[/Users/anaraimasheva/GitHub/roman/romancepractice/video/MainPage Tests_recording_2020_09_06_20_48_49.avi]
]]></system-err>
  </testcase>
  <testcase name="checkTabsTestCase10" classname="com.romanceabroad.ui.MainPageTests" time="0">
    <skipped/>
    <system-err><![CDATA[Video recording
[/Users/anaraimasheva/GitHub/roman/romancepractice/video/MainPage Tests_recording_2020_09_06_20_48_49.avi]
]]></system-err>
  </testcase>
  <testcase name="setup" classname="com.romanceabroad.ui.BlogPageTest" time="0.015">
    <failure type="java.lang.NullPointerException">java.lang.NullPointerException
</failure>
  </testcase>
  <testcase name="setup" classname="com.romanceabroad.ui.BlogPageTest" time="0.123">
    <failure type="java.lang.NullPointerException">java.lang.NullPointerException
</failure>
  </testcase>
  <testcase name="setup" classname="com.romanceabroad.ui.BlogPageTest" time="0.007">
    <failure type="java.lang.NullPointerException">java.lang.NullPointerException
</failure>
  </testcase>
  <testcase name="setup" classname="com.romanceabroad.ui.BlogPageTest" time="0.005">
    <failure type="java.lang.NullPointerException">java.lang.NullPointerException
</failure>
  </testcase>
  <testcase name="setup" classname="com.romanceabroad.ui.BlogPageTest" time="0">
    <failure type="java.lang.NullPointerException">java.lang.NullPointerException
</failure>
  </testcase>
  <testcase name="setup" classname="com.romanceabroad.ui.BlogPageTest" time="0.099">
    <failure type="java.lang.NullPointerException">java.lang.NullPointerException
</failure>
  </testcase>
  <testcase name="setup" classname="com.romanceabroad.ui.BlogPageTest" time="0">
    <failure type="java.lang.NullPointerException">java.lang.NullPointerException
</failure>
  </testcase>
  <testcase name="setup" classname="com.romanceabroad.ui.BlogPageTest" time="0">
    <failure type="java.lang.NullPointerException">java.lang.NullPointerException
</failure>
  </testcase>
  <testcase name="setup" classname="com.romanceabroad.ui.BlogPageTest" time="0">
    <failure type="java.lang.NullPointerException">java.lang.NullPointerException
</failure>
  </testcase>
  <testcase name="setup" classname="com.romanceabroad.ui.BlogPageTest" time="0.288">
    <failure type="java.lang.NullPointerException">java.lang.NullPointerException
</failure>
  </testcase>
  <testcase name="setup" classname="com.romanceabroad.ui.BlogPageTest" time="0.123">
    <failure type="java.lang.NullPointerException">java.lang.NullPointerException
</failure>
  </testcase>
  <testcase name="setup" classname="com.romanceabroad.ui.BlogPageTest" time="0.001">
    <failure type="java.lang.NullPointerException">java.lang.NullPointerException
</failure>
  </testcase>
  <testcase name="setup" classname="com.romanceabroad.ui.BlogPageTest" time="0.001">
    <failure type="java.lang.NullPointerException">java.lang.NullPointerException
</failure>
  </testcase>
  <testcase name="setup" classname="com.romanceabroad.ui.BlogPageTest" time="0">
    <failure type="java.lang.NullPointerException">java.lang.NullPointerException
</failure>
    <system-err><![CDATA[Video recording
[/Users/anaraimasheva/GitHub/roman/romancepractice/video/PrettyWomen Tests_recording_2020_09_06_20_48_51.avi]
]]></system-err>
  </testcase>
  <testcase name="setup" classname="com.romanceabroad.ui.BlogPageTest" time="0.001">
    <failure type="java.lang.NullPointerException">java.lang.NullPointerException
</failure>
  </testcase>
  <testcase name="closeBrowser" classname="com.romanceabroad.ui.SignInTest" time="0">
    <skipped/>
  </testcase>
  <testcase name="closeBrowser" classname="com.romanceabroad.ui.SignInTest" time="0">
    <skipped/>
  </testcase>
  <testcase name="closeBrowser" classname="com.romanceabroad.ui.SignInTest" time="0">
    <skipped/>
  </testcase>
  <testcase name="testBlogPageTestCase27" classname="com.romanceabroad.ui.BlogPageTest" time="0">
    <skipped/>
    <system-err><![CDATA[Video recording
[/Users/anaraimasheva/GitHub/roman/romancepractice/video/BlogPage Test_recording_2020_09_06_20_48_45.avi]
]]></system-err>
  </testcase>
  <testcase name="testBlogPageTestCase27" classname="com.romanceabroad.ui.BlogPageTest" time="0">
    <skipped/>
    <system-err><![CDATA[Video recording
[/Users/anaraimasheva/GitHub/roman/romancepractice/video/BlogPage Test_recording_2020_09_06_20_48_45.avi]
]]></system-err>
  </testcase>
  <testcase name="testBlogPageTestCase27" classname="com.romanceabroad.ui.BlogPageTest" time="0">
    <skipped/>
    <system-err><![CDATA[Video recording
[/Users/anaraimasheva/GitHub/roman/romancepractice/video/BlogPage Test_recording_2020_09_06_20_48_46.avi]
]]></system-err>
  </testcase>
  <testcase name="testBlogPageTestCase27" classname="com.romanceabroad.ui.BlogPageTest" time="0">
    <skipped/>
    <system-err><![CDATA[Video recording
[/Users/anaraimasheva/GitHub/roman/romancepractice/video/BlogPage Test_recording_2020_09_06_20_48_50.avi]
]]></system-err>
  </testcase>
  <testcase name="testBlogPageTestCase27" classname="com.romanceabroad.ui.BlogPageTest" time="0">
    <skipped/>
    <system-err><![CDATA[Video recording
[/Users/anaraimasheva/GitHub/roman/romancepractice/video/BlogPage Test_recording_2020_09_06_20_48_50.avi]
]]></system-err>
  </testcase>
  <testcase name="closeBrowser" classname="com.romanceabroad.ui.BlogPageTest" time="0">
    <skipped/>
  </testcase>
  <testcase name="closeBrowser" classname="com.romanceabroad.ui.BlogPageTest" time="0">
    <skipped/>
  </testcase>
  <testcase name="closeBrowser" classname="com.romanceabroad.ui.BlogPageTest" time="0">
    <skipped/>
  </testcase>
  <testcase name="closeBrowser" classname="com.romanceabroad.ui.BlogPageTest" time="0">
    <skipped/>
  </testcase>
  <testcase name="closeBrowser" classname="com.romanceabroad.ui.BlogPageTest" time="0">
    <skipped/>
  </testcase>
  <testcase name="closeBrowser" classname="com.romanceabroad.ui.BlogPageTest" time="0">
    <skipped/>
  </testcase>
  <testcase name="closeBrowser" classname="com.romanceabroad.ui.BlogPageTest" time="0">
    <skipped/>
  </testcase>
  <testcase name="closeBrowser" classname="com.romanceabroad.ui.BlogPageTest" time="0">
    <skipped/>
  </testcase>
  <testcase name="closeBrowser" classname="com.romanceabroad.ui.BlogPageTest" time="0">
    <skipped/>
  </testcase>
  <testcase name="closeBrowser" classname="com.romanceabroad.ui.BlogPageTest" time="0">
    <skipped/>
  </testcase>
  <testcase name="closeBrowser" classname="com.romanceabroad.ui.BlogPageTest" time="0">
    <skipped/>
  </testcase>
  <testcase name="closeBrowser" classname="com.romanceabroad.ui.BlogPageTest" time="0">
    <skipped/>
  </testcase>
  <testcase name="closeBrowser" classname="com.romanceabroad.ui.BlogPageTest" time="0">
    <skipped/>
  </testcase>
  <testcase name="closeBrowser" classname="com.romanceabroad.ui.BlogPageTest" time="0">
    <skipped/>
    <system-err><![CDATA[Video recording
[/Users/anaraimasheva/GitHub/roman/romancepractice/video/PrettyWomen Tests_recording_2020_09_06_20_48_51.avi]
]]></system-err>
  </testcase>
  <testcase name="setup" classname="com.romanceabroad.ui.ContactUsPageTest" time="0.141">
    <failure type="java.lang.NullPointerException">java.lang.NullPointerException
</failure>
  </testcase>
  <testcase name="setup" classname="com.romanceabroad.ui.ContactUsPageTest" time="0.166">
    <failure type="java.lang.NullPointerException">java.lang.NullPointerException
</failure>
  </testcase>
  <testcase name="setup" classname="com.romanceabroad.ui.ContactUsPageTest" time="0.001">
    <failure type="java.lang.NullPointerException">java.lang.NullPointerException
</failure>
  </testcase>
  <testcase name="setup" classname="com.romanceabroad.ui.ContactUsPageTest" time="0.001">
    <failure type="java.lang.NullPointerException">java.lang.NullPointerException
</failure>
  </testcase>
  <testcase name="setup" classname="com.romanceabroad.ui.ContactUsPageTest" time="0">
    <failure type="java.lang.NullPointerException">java.lang.NullPointerException
</failure>
  </testcase>
  <testcase name="setup" classname="com.romanceabroad.ui.ContactUsPageTest" time="0">
    <failure type="java.lang.NullPointerException">java.lang.NullPointerException
</failure>
  </testcase>
  <testcase name="setup" classname="com.romanceabroad.ui.ContactUsPageTest" time="0">
    <failure type="java.lang.NullPointerException">java.lang.NullPointerException
</failure>
    <system-err><![CDATA[Video recording
[/Users/anaraimasheva/GitHub/roman/romancepractice/video/PrettyWomen Tests_recording_2020_09_06_20_48_48.avi]
]]></system-err>
  </testcase>
  <testcase name="setup" classname="com.romanceabroad.ui.ContactUsPageTest" time="0.001">
    <failure type="java.lang.NullPointerException">java.lang.NullPointerException
</failure>
  </testcase>
  <testcase name="setup" classname="com.romanceabroad.ui.ContactUsPageTest" time="0">
    <failure type="java.lang.NullPointerException">java.lang.NullPointerException
</failure>
  </testcase>
  <testcase name="setup" classname="com.romanceabroad.ui.ContactUsPageTest" time="0">
    <failure type="java.lang.NullPointerException">java.lang.NullPointerException
</failure>
  </testcase>
  <testcase name="setup" classname="com.romanceabroad.ui.ContactUsPageTest" time="0.166">
    <failure type="java.lang.NullPointerException">java.lang.NullPointerException
</failure>
  </testcase>
  <testcase name="setup" classname="com.romanceabroad.ui.ContactUsPageTest" time="0.178">
    <failure type="java.lang.NullPointerException">java.lang.NullPointerException
</failure>
  </testcase>
  <testcase name="setup" classname="com.romanceabroad.ui.ContactUsPageTest" time="0.001">
    <failure type="java.lang.NullPointerException">java.lang.NullPointerException
</failure>
  </testcase>
  <testcase name="setup" classname="com.romanceabroad.ui.ContactUsPageTest" time="0">
    <failure type="java.lang.NullPointerException">java.lang.NullPointerException
</failure>
  </testcase>
  <testcase name="setup" classname="com.romanceabroad.ui.ContactUsPageTest" time="0">
    <failure type="java.lang.NullPointerException">java.lang.NullPointerException
</failure>
  </testcase>
  <testcase name="setup" classname="com.romanceabroad.ui.ContactUsPageTest" time="0">
    <failure type="java.lang.NullPointerException">java.lang.NullPointerException
</failure>
  </testcase>
  <testcase name="setup" classname="com.romanceabroad.ui.ContactUsPageTest" time="0">
    <failure type="java.lang.NullPointerException">java.lang.NullPointerException
</failure>
  </testcase>
  <testcase name="setup" classname="com.romanceabroad.ui.ContactUsPageTest" time="0">
    <failure type="java.lang.NullPointerException">java.lang.NullPointerException
</failure>
  </testcase>
  <testcase name="setup" classname="com.romanceabroad.ui.ContactUsPageTest" time="0">
    <failure type="java.lang.NullPointerException">java.lang.NullPointerException
</failure>
    <system-err><![CDATA[Video recording
[/Users/anaraimasheva/GitHub/roman/romancepractice/video/PrettyWomen Tests_recording_2020_09_06_20_48_51.avi]
]]></system-err>
  </testcase>
  <testcase name="setup" classname="com.romanceabroad.ui.ContactUsPageTest" time="0.003">
    <failure type="java.lang.NullPointerException">java.lang.NullPointerException
</failure>
  </testcase>
  <testcase name="setup" classname="com.romanceabroad.ui.GiftsTest" time="0.002">
    <failure type="java.lang.NullPointerException">java.lang.NullPointerException
</failure>
  </testcase>
  <testcase name="setup" classname="com.romanceabroad.ui.GiftsTest" time="0.251">
    <failure type="java.lang.NullPointerException">java.lang.NullPointerException
</failure>
  </testcase>
  <testcase name="setup" classname="com.romanceabroad.ui.GiftsTest" time="0.115">
    <failure type="java.lang.NullPointerException">java.lang.NullPointerException
</failure>
  </testcase>
  <testcase name="setup" classname="com.romanceabroad.ui.GiftsTest" time="0.001">
    <failure type="java.lang.NullPointerException">java.lang.NullPointerException
</failure>
  </testcase>
  <testcase name="setup" classname="com.romanceabroad.ui.GiftsTest" time="0.001">
    <failure type="java.lang.NullPointerException">java.lang.NullPointerException
</failure>
  </testcase>
  <testcase name="setup" classname="com.romanceabroad.ui.GiftsTest" time="0.001">
    <failure type="java.lang.NullPointerException">java.lang.NullPointerException
</failure>
  </testcase>
  <testcase name="setup" classname="com.romanceabroad.ui.GiftsTest" time="0">
    <failure type="java.lang.NullPointerException">java.lang.NullPointerException
</failure>
  </testcase>
  <testcase name="setup" classname="com.romanceabroad.ui.GiftsTest" time="0.002">
    <failure type="java.lang.NullPointerException">java.lang.NullPointerException
</failure>
  </testcase>
  <testcase name="setup" classname="com.romanceabroad.ui.GiftsTest" time="0">
    <failure type="java.lang.NullPointerException">java.lang.NullPointerException
</failure>
    <system-err><![CDATA[Video recording
[/Users/anaraimasheva/GitHub/roman/romancepractice/video/PrettyWomen Tests_recording_2020_09_06_20_48_48.avi]
]]></system-err>
  </testcase>
  <testcase name="setup" classname="com.romanceabroad.ui.GiftsTest" time="0.128">
    <failure type="java.lang.NullPointerException">java.lang.NullPointerException
</failure>
  </testcase>
  <testcase name="setup" classname="com.romanceabroad.ui.GiftsTest" time="0.251">
    <failure type="java.lang.NullPointerException">java.lang.NullPointerException
</failure>
  </testcase>
  <testcase name="setup" classname="com.romanceabroad.ui.GiftsTest" time="0.001">
    <failure type="java.lang.NullPointerException">java.lang.NullPointerException
</failure>
  </testcase>
  <testcase name="setup" classname="com.romanceabroad.ui.GiftsTest" time="0.003">
    <failure type="java.lang.NullPointerException">java.lang.NullPointerException
</failure>
  </testcase>
  <testcase name="setup" classname="com.romanceabroad.ui.GiftsTest" time="0">
    <failure type="java.lang.NullPointerException">java.lang.NullPointerException
</failure>
    <system-err><![CDATA[Video recording
[/Users/anaraimasheva/GitHub/roman/romancepractice/video/PrettyWomen Tests_recording_2020_09_06_20_48_51.avi]
]]></system-err>
  </testcase>
  <testcase name="setup" classname="com.romanceabroad.ui.GiftsTest" time="0">
    <failure type="java.lang.NullPointerException">java.lang.NullPointerException
</failure>
  </testcase>
  <testcase name="closeBrowser" classname="com.romanceabroad.ui.MainPageTests" time="0">
    <skipped/>
  </testcase>
  <testcase name="closeBrowser" classname="com.romanceabroad.ui.MainPageTests" time="0">
    <skipped/>
    <system-err><![CDATA[Video recording
[/Users/anaraimasheva/GitHub/roman/romancepractice/video/PhotosPage Tests_recording_2020_09_06_20_48_47.avi]
]]></system-err>
  </testcase>
  <testcase name="closeBrowser" classname="com.romanceabroad.ui.MainPageTests" time="0">
    <skipped/>
  </testcase>
  <testcase name="closeBrowser" classname="com.romanceabroad.ui.MainPageTests" time="0">
    <skipped/>
  </testcase>
  <testcase name="closeBrowser" classname="com.romanceabroad.ui.MainPageTests" time="0">
    <skipped/>
  </testcase>
  <testcase name="closeBrowser" classname="com.romanceabroad.ui.MainPageTests" time="0">
    <skipped/>
    <system-err><![CDATA[Video recording
[/Users/anaraimasheva/GitHub/roman/romancepractice/video/PrettyWomen Tests_recording_2020_09_06_20_48_48.avi]
]]></system-err>
  </testcase>
  <testcase name="closeBrowser" classname="com.romanceabroad.ui.MainPageTests" time="0">
    <skipped/>
  </testcase>
  <testcase name="closeBrowser" classname="com.romanceabroad.ui.MainPageTests" time="0">
    <skipped/>
  </testcase>
  <testcase name="closeBrowser" classname="com.romanceabroad.ui.MainPageTests" time="0">
    <skipped/>
  </testcase>
  <testcase name="closeBrowser" classname="com.romanceabroad.ui.MainPageTests" time="0">
    <skipped/>
  </testcase>
  <testcase name="closeBrowser" classname="com.romanceabroad.ui.MainPageTests" time="0">
    <skipped/>
  </testcase>
  <testcase name="closeBrowser" classname="com.romanceabroad.ui.MainPageTests" time="0">
    <skipped/>
  </testcase>
  <testcase name="closeBrowser" classname="com.romanceabroad.ui.MainPageTests" time="0">
    <skipped/>
  </testcase>
  <testcase name="closeBrowser" classname="com.romanceabroad.ui.MainPageTests" time="0">
    <skipped/>
  </testcase>
  <testcase name="closeBrowser" classname="com.romanceabroad.ui.MainPageTests" time="0">
    <skipped/>
  </testcase>
  <testcase name="closeBrowser" classname="com.romanceabroad.ui.MainPageTests" time="0">
    <skipped/>
  </testcase>
  <testcase name="closeBrowser" classname="com.romanceabroad.ui.MainPageTests" time="0">
    <skipped/>
  </testcase>
  <testcase name="closeBrowser" classname="com.romanceabroad.ui.MainPageTests" time="0">
    <skipped/>
  </testcase>
  <testcase name="closeBrowser" classname="com.romanceabroad.ui.MainPageTests" time="0">
    <skipped/>
  </testcase>
  <testcase name="closeBrowser" classname="com.romanceabroad.ui.MainPageTests" time="0">
    <skipped/>
  </testcase>
  <testcase name="closeBrowser" classname="com.romanceabroad.ui.MainPageTests" time="0">
    <skipped/>
  </testcase>
  <testcase name="closeBrowser" classname="com.romanceabroad.ui.MainPageTests" time="0">
    <skipped/>
  </testcase>
  <testcase name="closeBrowser" classname="com.romanceabroad.ui.MainPageTests" time="0">
    <skipped/>
  </testcase>
  <testcase name="closeBrowser" classname="com.romanceabroad.ui.MainPageTests" time="0">
    <skipped/>
  </testcase>
  <testcase name="closeBrowser" classname="com.romanceabroad.ui.MainPageTests" time="0">
    <skipped/>
  </testcase>
  <testcase name="closeBrowser" classname="com.romanceabroad.ui.MainPageTests" time="0">
    <skipped/>
  </testcase>
  <testcase name="closeBrowser" classname="com.romanceabroad.ui.MainPageTests" time="0">
    <skipped/>
  </testcase>
  <testcase name="closeBrowser" classname="com.romanceabroad.ui.MainPageTests" time="0">
    <skipped/>
  </testcase>
  <testcase name="closeBrowser" classname="com.romanceabroad.ui.MainPageTests" time="0">
    <skipped/>
  </testcase>
  <testcase name="closeBrowser" classname="com.romanceabroad.ui.MainPageTests" time="0">
    <skipped/>
  </testcase>
  <testcase name="closeBrowser" classname="com.romanceabroad.ui.MainPageTests" time="0">
    <skipped/>
  </testcase>
  <testcase name="closeBrowser" classname="com.romanceabroad.ui.MainPageTests" time="0">
    <skipped/>
  </testcase>
  <testcase name="closeBrowser" classname="com.romanceabroad.ui.MainPageTests" time="0">
    <skipped/>
  </testcase>
  <testcase name="closeBrowser" classname="com.romanceabroad.ui.MainPageTests" time="0">
    <skipped/>
    <system-err><![CDATA[Video recording
[/Users/anaraimasheva/GitHub/roman/romancepractice/video/PrettyWomen Tests_recording_2020_09_06_20_48_51.avi]
]]></system-err>
  </testcase>
  <testcase name="closeBrowser" classname="com.romanceabroad.ui.MainPageTests" time="0">
    <skipped/>
  </testcase>
  <testcase name="closeBrowser" classname="com.romanceabroad.ui.MainPageTests" time="0">
    <skipped/>
  </testcase>
  <testcase name="closeBrowser" classname="com.romanceabroad.ui.MainPageTests" time="0">
    <skipped/>
  </testcase>
  <testcase name="closeBrowser" classname="com.romanceabroad.ui.MainPageTests" time="0">
    <skipped/>
  </testcase>
  <testcase name="closeBrowser" classname="com.romanceabroad.ui.MainPageTests" time="0">
    <skipped/>
  </testcase>
  <testcase name="closeBrowser" classname="com.romanceabroad.ui.MainPageTests" time="0">
    <skipped/>
    <system-err><![CDATA[Video recording
[/Users/anaraimasheva/GitHub/roman/romancepractice/video/PrettyWomen Tests_recording_2020_09_06_20_48_51.avi]
]]></system-err>
  </testcase>
  <testcase name="closeBrowser" classname="com.romanceabroad.ui.MainPageTests" time="0">
    <skipped/>
  </testcase>
  <testcase name="closeBrowser" classname="com.romanceabroad.ui.MainPageTests" time="0">
    <skipped/>
  </testcase>
  <testcase name="closeBrowser" classname="com.romanceabroad.ui.MainPageTests" time="0">
    <skipped/>
    <system-err><![CDATA[Video recording
[/Users/anaraimasheva/GitHub/roman/romancepractice/video/PrettyWomen Tests_recording_2020_09_06_20_48_51.avi]
]]></system-err>
  </testcase>
  <testcase name="closeBrowser" classname="com.romanceabroad.ui.MainPageTests" time="0">
    <skipped/>
  </testcase>
  <testcase name="closeBrowser" classname="com.romanceabroad.ui.MainPageTests" time="0">
    <skipped/>
  </testcase>
  <testcase name="closeBrowser" classname="com.romanceabroad.ui.MainPageTests" time="0">
    <skipped/>
  </testcase>
  <testcase name="closeBrowser" classname="com.romanceabroad.ui.MainPageTests" time="0">
    <skipped/>
  </testcase>
  <testcase name="closeBrowser" classname="com.romanceabroad.ui.MainPageTests" time="0">
    <skipped/>
  </testcase>
  <testcase name="testContactUsPageTestCase23" classname="com.romanceabroad.ui.ContactUsPageTest" time="0">
    <skipped/>
    <system-err><![CDATA[Video recording
[/Users/anaraimasheva/GitHub/roman/romancepractice/video/ContactUsPage Test_recording_2020_09_06_20_48_46.avi]
]]></system-err>
  </testcase>
  <testcase name="testContactUsPageTestCase23" classname="com.romanceabroad.ui.ContactUsPageTest" time="0">
    <skipped/>
    <system-err><![CDATA[Video recording
[/Users/anaraimasheva/GitHub/roman/romancepractice/video/ContactUsPage Test_recording_2020_09_06_20_48_46.avi]
]]></system-err>
  </testcase>
  <testcase name="testContactUsPageTestCase23" classname="com.romanceabroad.ui.ContactUsPageTest" time="0">
    <skipped/>
    <system-err><![CDATA[Video recording
[/Users/anaraimasheva/GitHub/roman/romancepractice/video/ContactUsPage Test_recording_2020_09_06_20_48_50.avi]
]]></system-err>
  </testcase>
  <testcase name="testContactUsPageTestCase23" classname="com.romanceabroad.ui.ContactUsPageTest" time="0">
    <skipped/>
    <system-err><![CDATA[Video recording
[/Users/anaraimasheva/GitHub/roman/romancepractice/video/ContactUsPage Test_recording_2020_09_06_20_48_50.avi]
]]></system-err>
  </testcase>
  <testcase name="closeBrowser" classname="com.romanceabroad.ui.ContactUsPageTest" time="0">
    <skipped/>
  </testcase>
  <testcase name="closeBrowser" classname="com.romanceabroad.ui.ContactUsPageTest" time="0">
    <skipped/>
  </testcase>
  <testcase name="closeBrowser" classname="com.romanceabroad.ui.ContactUsPageTest" time="0">
    <skipped/>
  </testcase>
  <testcase name="closeBrowser" classname="com.romanceabroad.ui.ContactUsPageTest" time="0">
    <skipped/>
  </testcase>
  <testcase name="closeBrowser" classname="com.romanceabroad.ui.ContactUsPageTest" time="0">
    <skipped/>
  </testcase>
  <testcase name="closeBrowser" classname="com.romanceabroad.ui.ContactUsPageTest" time="0">
    <skipped/>
  </testcase>
  <testcase name="closeBrowser" classname="com.romanceabroad.ui.ContactUsPageTest" time="0">
    <skipped/>
  </testcase>
  <testcase name="closeBrowser" classname="com.romanceabroad.ui.ContactUsPageTest" time="0">
    <skipped/>
  </testcase>
  <testcase name="closeBrowser" classname="com.romanceabroad.ui.ContactUsPageTest" time="0">
    <skipped/>
  </testcase>
  <testcase name="closeBrowser" classname="com.romanceabroad.ui.ContactUsPageTest" time="0">
    <skipped/>
    <system-err><![CDATA[Video recording
[/Users/anaraimasheva/GitHub/roman/romancepractice/video/PrettyWomen Tests_recording_2020_09_06_20_48_48.avi]
]]></system-err>
  </testcase>
  <testcase name="closeBrowser" classname="com.romanceabroad.ui.ContactUsPageTest" time="0">
    <skipped/>
  </testcase>
  <testcase name="closeBrowser" classname="com.romanceabroad.ui.ContactUsPageTest" time="0">
    <skipped/>
  </testcase>
  <testcase name="closeBrowser" classname="com.romanceabroad.ui.ContactUsPageTest" time="0">
    <skipped/>
  </testcase>
  <testcase name="closeBrowser" classname="com.romanceabroad.ui.ContactUsPageTest" time="0">
    <skipped/>
    <system-err><![CDATA[Video recording
[/Users/anaraimasheva/GitHub/roman/romancepractice/video/PrettyWomen Tests_recording_2020_09_06_20_48_51.avi]
]]></system-err>
  </testcase>
  <testcase name="closeBrowser" classname="com.romanceabroad.ui.ContactUsPageTest" time="0">
    <skipped/>
  </testcase>
  <testcase name="closeBrowser" classname="com.romanceabroad.ui.ContactUsPageTest" time="0">
    <skipped/>
  </testcase>
  <testcase name="closeBrowser" classname="com.romanceabroad.ui.ContactUsPageTest" time="0">
    <skipped/>
  </testcase>
  <testcase name="closeBrowser" classname="com.romanceabroad.ui.ContactUsPageTest" time="0">
    <skipped/>
  </testcase>
  <testcase name="closeBrowser" classname="com.romanceabroad.ui.ContactUsPageTest" time="0">
    <skipped/>
  </testcase>
  <testcase name="closeBrowser" classname="com.romanceabroad.ui.ContactUsPageTest" time="0">
    <skipped/>
  </testcase>
  <testcase name="testGiftsPageTestCase20" classname="com.romanceabroad.ui.GiftsTest" time="0">
    <skipped/>
    <system-err><![CDATA[Video recording
[/Users/anaraimasheva/GitHub/roman/romancepractice/video/Gifts Test_recording_2020_09_06_20_48_46.avi]
]]></system-err>
  </testcase>
  <testcase name="testGiftsPageTestCase20" classname="com.romanceabroad.ui.GiftsTest" time="0">
    <skipped/>
    <system-err><![CDATA[Video recording
[/Users/anaraimasheva/GitHub/roman/romancepractice/video/Gifts Test_recording_2020_09_06_20_48_46.avi]
]]></system-err>
  </testcase>
  <testcase name="testGiftsPageTestCase20" classname="com.romanceabroad.ui.GiftsTest" time="0">
    <skipped/>
    <system-err><![CDATA[Video recording
[/Users/anaraimasheva/GitHub/roman/romancepractice/video/Gifts Test_recording_2020_09_06_20_48_47.avi]
]]></system-err>
  </testcase>
  <testcase name="testGiftsPageTestCase20" classname="com.romanceabroad.ui.GiftsTest" time="0">
    <skipped/>
    <system-err><![CDATA[Video recording
[/Users/anaraimasheva/GitHub/roman/romancepractice/video/Gifts Test_recording_2020_09_06_20_48_50.avi]
]]></system-err>
  </testcase>
  <testcase name="testGiftsPageTestCase20" classname="com.romanceabroad.ui.GiftsTest" time="0">
    <skipped/>
    <system-err><![CDATA[Video recording
[/Users/anaraimasheva/GitHub/roman/romancepractice/video/Gifts Test_recording_2020_09_06_20_48_51.avi]
]]></system-err>
  </testcase>
  <testcase name="closeBrowser" classname="com.romanceabroad.ui.GiftsTest" time="0">
    <skipped/>
  </testcase>
  <testcase name="closeBrowser" classname="com.romanceabroad.ui.GiftsTest" time="0">
    <skipped/>
  </testcase>
  <testcase name="closeBrowser" classname="com.romanceabroad.ui.GiftsTest" time="0">
    <skipped/>
  </testcase>
  <testcase name="closeBrowser" classname="com.romanceabroad.ui.GiftsTest" time="0">
    <skipped/>
  </testcase>
  <testcase name="closeBrowser" classname="com.romanceabroad.ui.GiftsTest" time="0">
    <skipped/>
  </testcase>
  <testcase name="closeBrowser" classname="com.romanceabroad.ui.GiftsTest" time="0">
    <skipped/>
  </testcase>
  <testcase name="closeBrowser" classname="com.romanceabroad.ui.GiftsTest" time="0">
    <skipped/>
  </testcase>
  <testcase name="closeBrowser" classname="com.romanceabroad.ui.GiftsTest" time="0">
    <skipped/>
  </testcase>
  <testcase name="closeBrowser" classname="com.romanceabroad.ui.GiftsTest" time="0">
    <skipped/>
    <system-err><![CDATA[Video recording
[/Users/anaraimasheva/GitHub/roman/romancepractice/video/PrettyWomen Tests_recording_2020_09_06_20_48_48.avi]
]]></system-err>
  </testcase>
  <testcase name="closeBrowser" classname="com.romanceabroad.ui.GiftsTest" time="0">
    <skipped/>
  </testcase>
  <testcase name="closeBrowser" classname="com.romanceabroad.ui.GiftsTest" time="0">
    <skipped/>
  </testcase>
  <testcase name="closeBrowser" classname="com.romanceabroad.ui.GiftsTest" time="0">
    <skipped/>
  </testcase>
  <testcase name="closeBrowser" classname="com.romanceabroad.ui.GiftsTest" time="0">
    <skipped/>
  </testcase>
  <testcase name="closeBrowser" classname="com.romanceabroad.ui.GiftsTest" time="0">
    <skipped/>
  </testcase>
  <testcase name="closeBrowser" classname="com.romanceabroad.ui.GiftsTest" time="0">
    <skipped/>
  </testcase>
  <testcase name="setup" classname="com.romanceabroad.ui.PhotosPageTest" time="0.124">
    <failure type="java.lang.NullPointerException">java.lang.NullPointerException
</failure>
  </testcase>
  <testcase name="setup" classname="com.romanceabroad.ui.PhotosPageTest" time="0.253">
    <failure type="java.lang.NullPointerException">java.lang.NullPointerException
</failure>
  </testcase>
  <testcase name="setup" classname="com.romanceabroad.ui.PhotosPageTest" time="0.009">
    <failure type="java.lang.NullPointerException">java.lang.NullPointerException
</failure>
  </testcase>
  <testcase name="setup" classname="com.romanceabroad.ui.PhotosPageTest" time="0.002">
    <failure type="java.lang.NullPointerException">java.lang.NullPointerException
</failure>
  </testcase>
  <testcase name="setup" classname="com.romanceabroad.ui.PhotosPageTest" time="0.002">
    <failure type="java.lang.NullPointerException">java.lang.NullPointerException
</failure>
  </testcase>
  <testcase name="setup" classname="com.romanceabroad.ui.PhotosPageTest" time="0.001">
    <failure type="java.lang.NullPointerException">java.lang.NullPointerException
</failure>
  </testcase>
  <testcase name="setup" classname="com.romanceabroad.ui.PhotosPageTest" time="0">
    <failure type="java.lang.NullPointerException">java.lang.NullPointerException
</failure>
    <system-err><![CDATA[Video recording
[/Users/anaraimasheva/GitHub/roman/romancepractice/video/PrettyWomen Tests_recording_2020_09_06_20_48_48.avi]
]]></system-err>
  </testcase>
  <testcase name="setup" classname="com.romanceabroad.ui.PhotosPageTest" time="0">
    <failure type="java.lang.NullPointerException">java.lang.NullPointerException
</failure>
  </testcase>
  <testcase name="setup" classname="com.romanceabroad.ui.PhotosPageTest" time="0.001">
    <failure type="java.lang.NullPointerException">java.lang.NullPointerException
</failure>
  </testcase>
  <testcase name="setup" classname="com.romanceabroad.ui.PhotosPageTest" time="0">
    <failure type="java.lang.NullPointerException">java.lang.NullPointerException
</failure>
  </testcase>
  <testcase name="setup" classname="com.romanceabroad.ui.PhotosPageTest" time="0">
    <failure type="java.lang.NullPointerException">java.lang.NullPointerException
</failure>
  </testcase>
  <testcase name="setup" classname="com.romanceabroad.ui.PhotosPageTest" time="0">
    <failure type="java.lang.NullPointerException">java.lang.NullPointerException
</failure>
  </testcase>
  <testcase name="setup" classname="com.romanceabroad.ui.PhotosPageTest" time="0">
    <failure type="java.lang.NullPointerException">java.lang.NullPointerException
</failure>
    <system-err><![CDATA[Video recording
[/Users/anaraimasheva/GitHub/roman/romancepractice/video/PrettyWomen Tests_recording_2020_09_06_20_48_48.avi]
]]></system-err>
  </testcase>
  <testcase name="setup" classname="com.romanceabroad.ui.PhotosPageTest" time="0.001">
    <failure type="java.lang.NullPointerException">java.lang.NullPointerException
</failure>
  </testcase>
  <testcase name="setup" classname="com.romanceabroad.ui.PhotosPageTest" time="0.002">
    <failure type="java.lang.NullPointerException">java.lang.NullPointerException
</failure>
  </testcase>
  <testcase name="setup" classname="com.romanceabroad.ui.PhotosPageTest" time="0">
    <failure type="java.lang.NullPointerException">java.lang.NullPointerException
</failure>
  </testcase>
  <testcase name="setup" classname="com.romanceabroad.ui.PhotosPageTest" time="0">
    <failure type="java.lang.NullPointerException">java.lang.NullPointerException
</failure>
  </testcase>
  <testcase name="setup" classname="com.romanceabroad.ui.PhotosPageTest" time="0.003">
    <failure type="java.lang.NullPointerException">java.lang.NullPointerException
</failure>
  </testcase>
  <testcase name="setup" classname="com.romanceabroad.ui.PhotosPageTest" time="0.081">
    <failure type="java.lang.NullPointerException">java.lang.NullPointerException
</failure>
  </testcase>
  <testcase name="setup" classname="com.romanceabroad.ui.PhotosPageTest" time="0.142">
    <failure type="java.lang.NullPointerException">java.lang.NullPointerException
</failure>
  </testcase>
  <testcase name="setup" classname="com.romanceabroad.ui.PhotosPageTest" time="0.001">
    <failure type="java.lang.NullPointerException">java.lang.NullPointerException
</failure>
  </testcase>
  <testcase name="setup" classname="com.romanceabroad.ui.PhotosPageTest" time="0.001">
    <failure type="java.lang.NullPointerException">java.lang.NullPointerException
</failure>
  </testcase>
  <testcase name="setup" classname="com.romanceabroad.ui.PhotosPageTest" time="0">
    <failure type="java.lang.NullPointerException">java.lang.NullPointerException
</failure>
    <system-err><![CDATA[Video recording
[/Users/anaraimasheva/GitHub/roman/romancepractice/video/PrettyWomen Tests_recording_2020_09_06_20_48_51.avi]
]]></system-err>
  </testcase>
  <testcase name="setup" classname="com.romanceabroad.ui.PhotosPageTest" time="0.004">
    <failure type="java.lang.NullPointerException">java.lang.NullPointerException
</failure>
  </testcase>
  <testcase name="setup" classname="com.romanceabroad.ui.PhotosPageTest" time="0">
    <failure type="java.lang.NullPointerException">java.lang.NullPointerException
</failure>
  </testcase>
  <testcase name="setup" classname="com.romanceabroad.ui.PhotosPageTest" time="0">
    <failure type="java.lang.NullPointerException">java.lang.NullPointerException
</failure>
  </testcase>
  <testcase name="setup" classname="com.romanceabroad.ui.PhotosPageTest" time="0.003">
    <failure type="java.lang.NullPointerException">java.lang.NullPointerException
</failure>
  </testcase>
  <testcase name="setup" classname="com.romanceabroad.ui.PhotosPageTest" time="0">
    <failure type="java.lang.NullPointerException">java.lang.NullPointerException
</failure>
  </testcase>
  <testcase name="setup" classname="com.romanceabroad.ui.PhotosPageTest" time="0">
    <failure type="java.lang.NullPointerException">java.lang.NullPointerException
</failure>
  </testcase>
  <testcase name="setup" classname="com.romanceabroad.ui.PhotosPageTest" time="0">
    <failure type="java.lang.NullPointerException">java.lang.NullPointerException
</failure>
  </testcase>
  <testcase name="testPhotosPageTestCase8" classname="com.romanceabroad.ui.PhotosPageTest" time="0">
    <skipped/>
    <system-err><![CDATA[Video recording
[/Users/anaraimasheva/GitHub/roman/romancepractice/video/PhotosPage Tests_recording_2020_09_06_20_48_47.avi]
]]></system-err>
  </testcase>
  <testcase name="testPhotosPageTestCase8" classname="com.romanceabroad.ui.PhotosPageTest" time="0">
    <skipped/>
    <system-err><![CDATA[Video recording
[/Users/anaraimasheva/GitHub/roman/romancepractice/video/PhotosPage Tests_recording_2020_09_06_20_48_47.avi]
]]></system-err>
  </testcase>
  <testcase name="testPhotosPageTestCase8" classname="com.romanceabroad.ui.PhotosPageTest" time="0.144">
    <failure type="java.lang.NullPointerException">java.lang.NullPointerException
</failure>
  </testcase>
  <testcase name="testPhotosPageTestCase8" classname="com.romanceabroad.ui.PhotosPageTest" time="0">
    <skipped/>
    <system-err><![CDATA[Video recording
[/Users/anaraimasheva/GitHub/roman/romancepractice/video/PhotosPage Tests_recording_2020_09_06_20_48_51.avi]
]]></system-err>
  </testcase>
  <testcase name="testPhotosPageTestCase8" classname="com.romanceabroad.ui.PhotosPageTest" time="0">
    <skipped/>
    <system-err><![CDATA[Video recording
[/Users/anaraimasheva/GitHub/roman/romancepractice/video/PhotosPage Tests_recording_2020_09_06_20_48_51.avi]
]]></system-err>
  </testcase>
  <testcase name="closeBrowser" classname="com.romanceabroad.ui.PhotosPageTest" time="0">
    <skipped/>
  </testcase>
  <testcase name="closeBrowser" classname="com.romanceabroad.ui.PhotosPageTest" time="0">
    <skipped/>
  </testcase>
  <testcase name="closeBrowser" classname="com.romanceabroad.ui.PhotosPageTest" time="0">
    <skipped/>
  </testcase>
  <testcase name="closeBrowser" classname="com.romanceabroad.ui.PhotosPageTest" time="0">
    <skipped/>
  </testcase>
  <testcase name="closeBrowser" classname="com.romanceabroad.ui.PhotosPageTest" time="0">
    <skipped/>
  </testcase>
  <testcase name="closeBrowser" classname="com.romanceabroad.ui.PhotosPageTest" time="0">
    <skipped/>
  </testcase>
  <testcase name="closeBrowser" classname="com.romanceabroad.ui.PhotosPageTest" time="0">
    <skipped/>
    <system-err><![CDATA[Video recording
[/Users/anaraimasheva/GitHub/roman/romancepractice/video/PrettyWomen Tests_recording_2020_09_06_20_48_48.avi]
]]></system-err>
  </testcase>
  <testcase name="closeBrowser" classname="com.romanceabroad.ui.PhotosPageTest" time="0">
    <skipped/>
    <system-err><![CDATA[Video recording
[/Users/anaraimasheva/GitHub/roman/romancepractice/video/PrettyWomen Tests_recording_2020_09_06_20_48_48.avi]
]]></system-err>
  </testcase>
  <testcase name="closeBrowser" classname="com.romanceabroad.ui.PhotosPageTest" time="0">
    <skipped/>
    <system-err><![CDATA[Video recording
[/Users/anaraimasheva/GitHub/roman/romancepractice/video/PrettyWomen Tests_recording_2020_09_06_20_48_48.avi]
]]></system-err>
  </testcase>
  <testcase name="closeBrowser" classname="com.romanceabroad.ui.PhotosPageTest" time="0">
    <skipped/>
  </testcase>
  <testcase name="closeBrowser" classname="com.romanceabroad.ui.PhotosPageTest" time="0">
    <skipped/>
  </testcase>
  <testcase name="closeBrowser" classname="com.romanceabroad.ui.PhotosPageTest" time="0">
    <skipped/>
  </testcase>
  <testcase name="closeBrowser" classname="com.romanceabroad.ui.PhotosPageTest" time="0">
    <skipped/>
  </testcase>
  <testcase name="closeBrowser" classname="com.romanceabroad.ui.PhotosPageTest" time="0">
    <skipped/>
  </testcase>
  <testcase name="closeBrowser" classname="com.romanceabroad.ui.PhotosPageTest" time="0">
    <skipped/>
  </testcase>
  <testcase name="closeBrowser" classname="com.romanceabroad.ui.PhotosPageTest" time="0">
    <skipped/>
  </testcase>
  <testcase name="closeBrowser" classname="com.romanceabroad.ui.PhotosPageTest" time="0">
    <skipped/>
  </testcase>
  <testcase name="closeBrowser" classname="com.romanceabroad.ui.PhotosPageTest" time="0">
    <skipped/>
  </testcase>
  <testcase name="closeBrowser" classname="com.romanceabroad.ui.PhotosPageTest" time="0">
    <skipped/>
  </testcase>
  <testcase name="closeBrowser" classname="com.romanceabroad.ui.PhotosPageTest" time="0">
    <skipped/>
  </testcase>
  <testcase name="closeBrowser" classname="com.romanceabroad.ui.PhotosPageTest" time="0">
    <skipped/>
  </testcase>
  <testcase name="closeBrowser" classname="com.romanceabroad.ui.PhotosPageTest" time="0">
    <skipped/>
  </testcase>
  <testcase name="closeBrowser" classname="com.romanceabroad.ui.PhotosPageTest" time="0">
    <skipped/>
  </testcase>
  <testcase name="closeBrowser" classname="com.romanceabroad.ui.PhotosPageTest" time="0">
    <skipped/>
  </testcase>
  <testcase name="closeBrowser" classname="com.romanceabroad.ui.PhotosPageTest" time="0">
    <skipped/>
  </testcase>
  <testcase name="closeBrowser" classname="com.romanceabroad.ui.PhotosPageTest" time="0">
    <skipped/>
  </testcase>
  <testcase name="closeBrowser" classname="com.romanceabroad.ui.PhotosPageTest" time="0">
    <skipped/>
  </testcase>
  <testcase name="closeBrowser" classname="com.romanceabroad.ui.PhotosPageTest" time="0">
    <skipped/>
  </testcase>
  <testcase name="closeBrowser" classname="com.romanceabroad.ui.PhotosPageTest" time="0">
    <skipped/>
  </testcase>
  <testcase name="testPrettyWomenPageTestCase3" classname="com.romanceabroad.ui.PrettyWomenTest" time="0">
    <skipped/>
    <system-err><![CDATA[Video recording
[/Users/anaraimasheva/GitHub/roman/romancepractice/video/PrettyWomen Tests_recording_2020_09_06_20_48_47.avi]
]]></system-err>
  </testcase>
  <testcase name="testPrettyWomenPageTestCase3" classname="com.romanceabroad.ui.PrettyWomenTest" time="0">
    <skipped/>
    <system-err><![CDATA[Video recording
[/Users/anaraimasheva/GitHub/roman/romancepractice/video/PrettyWomen Tests_recording_2020_09_06_20_48_47.avi]
]]></system-err>
  </testcase>
  <testcase name="testPrettyWomenPageTestCase3" classname="com.romanceabroad.ui.PrettyWomenTest" time="0.313">
    <failure type="java.lang.NullPointerException">java.lang.NullPointerException
</failure>
  </testcase>
  <testcase name="testPrettyWomenPageTestCase3" classname="com.romanceabroad.ui.PrettyWomenTest" time="0">
    <skipped/>
    <system-err><![CDATA[Video recording
[/Users/anaraimasheva/GitHub/roman/romancepractice/video/PrettyWomen Tests_recording_2020_09_06_20_48_51.avi]
]]></system-err>
  </testcase>
  <testcase name="testPrettyWomenPageTestCase3" classname="com.romanceabroad.ui.PrettyWomenTest" time="0">
    <skipped/>
    <system-err><![CDATA[Video recording
[/Users/anaraimasheva/GitHub/roman/romancepractice/video/PrettyWomen Tests_recording_2020_09_06_20_48_51.avi]
]]></system-err>
  </testcase>
  <testcase name="testRegistration2" classname="com.romanceabroad.ui.RegistrationTests" time="0.081">
    <failure type="java.lang.NullPointerException">java.lang.NullPointerException
</failure>
  </testcase>
  <testcase name="testRegistration2" classname="com.romanceabroad.ui.RegistrationTests" time="0.145">
    <failure type="java.lang.NullPointerException">java.lang.NullPointerException
</failure>
  </testcase>
  <testcase name="testRegistration2" classname="com.romanceabroad.ui.RegistrationTests" time="0">
    <skipped/>
    <system-err><![CDATA[Video recording
[/Users/anaraimasheva/GitHub/roman/romancepractice/video/PrettyWomen Tests_recording_2020_09_06_20_48_48.avi]
Video recording
[/Users/anaraimasheva/GitHub/roman/romancepractice/video/PrettyWomen Tests_recording_2020_09_06_20_48_48.avi]
]]></system-err>
  </testcase>
  <testcase name="testRegistration2" classname="com.romanceabroad.ui.RegistrationTests" time="0">
    <skipped/>
    <system-err><![CDATA[Video recording
[/Users/anaraimasheva/GitHub/roman/romancepractice/video/PrettyWomen Tests_recording_2020_09_06_20_48_48.avi]
]]></system-err>
  </testcase>
  <testcase name="testRegistration2" classname="com.romanceabroad.ui.RegistrationTests" time="0">
    <skipped/>
    <system-err><![CDATA[Video recording
[/Users/anaraimasheva/GitHub/roman/romancepractice/video/PrettyWomen Tests_recording_2020_09_06_20_48_48.avi]
]]></system-err>
  </testcase>
  <testcase name="testRegistration2" classname="com.romanceabroad.ui.RegistrationTests" time="0.161">
    <failure type="java.lang.NullPointerException">java.lang.NullPointerException
</failure>
  </testcase>
  <testcase name="testRegistration2" classname="com.romanceabroad.ui.RegistrationTests" time="0">
    <skipped/>
    <system-err><![CDATA[Video recording
[/Users/anaraimasheva/GitHub/roman/romancepractice/video/PrettyWomen Tests_recording_2020_09_06_20_48_51.avi]
Video recording
[/Users/anaraimasheva/GitHub/roman/romancepractice/video/PrettyWomen Tests_recording_2020_09_06_20_48_51.avi]
]]></system-err>
  </testcase>
  <testcase name="testRegistration2" classname="com.romanceabroad.ui.RegistrationTests" time="0">
    <skipped/>
    <system-err><![CDATA[Video recording
[/Users/anaraimasheva/GitHub/roman/romancepractice/video/PrettyWomen Tests_recording_2020_09_06_20_48_51.avi]
Video recording
[/Users/anaraimasheva/GitHub/roman/romancepractice/video/PrettyWomen Tests_recording_2020_09_06_20_48_51.avi]
]]></system-err>
  </testcase>
  <testcase name="testRegistration2" classname="com.romanceabroad.ui.RegistrationTests" time="0">
    <skipped/>
  </testcase>
  <testcase name="checkLinksWithAssertionsTestCase11" classname="com.romanceabroad.ui.MainPageTests" time="0">
    <skipped/>
  </testcase>
  <testcase name="checkLinksWithAssertionsTestCase11" classname="com.romanceabroad.ui.MainPageTests" time="0">
    <skipped/>
  </testcase>
  <testcase name="checkLinksWithAssertionsTestCase11" classname="com.romanceabroad.ui.MainPageTests" time="0">
    <skipped/>
  </testcase>
  <testcase name="checkLinksWithAssertionsTestCase11" classname="com.romanceabroad.ui.MainPageTests" time="0">
    <skipped/>
    <system-err><![CDATA[Video recording
[/Users/anaraimasheva/GitHub/roman/romancepractice/video/PrettyWomen Tests_recording_2020_09_06_20_48_51.avi]
]]></system-err>
  </testcase>
  <testcase name="checkLinksWithAssertionsTestCase11" classname="com.romanceabroad.ui.MainPageTests" time="0">
    <skipped/>
    <system-err><![CDATA[Video recording
[/Users/anaraimasheva/GitHub/roman/romancepractice/video/PrettyWomen Tests_recording_2020_09_06_20_48_51.avi]
Video recording
[/Users/anaraimasheva/GitHub/roman/romancepractice/video/PrettyWomen Tests_recording_2020_09_06_20_48_51.avi]
]]></system-err>
  </testcase>
  <testcase name="checkPhotosListTestCase9" classname="com.romanceabroad.ui.PhotosPageTest" time="0">
    <skipped/>
    <system-err><![CDATA[Video recording
[/Users/anaraimasheva/GitHub/roman/romancepractice/video/PhotosPage Tests_recording_2020_09_06_20_48_47.avi]
Video recording
[/Users/anaraimasheva/GitHub/roman/romancepractice/video/PhotosPage Tests_recording_2020_09_06_20_48_47.avi]
]]></system-err>
  </testcase>
  <testcase name="checkPhotosListTestCase9" classname="com.romanceabroad.ui.PhotosPageTest" time="0">
    <skipped/>
  </testcase>
  <testcase name="checkPhotosListTestCase9" classname="com.romanceabroad.ui.PhotosPageTest" time="0">
    <skipped/>
  </testcase>
  <testcase name="checkPhotosListTestCase9" classname="com.romanceabroad.ui.PhotosPageTest" time="0">
    <skipped/>
  </testcase>
  <testcase name="checkPhotosListTestCase9" classname="com.romanceabroad.ui.PhotosPageTest" time="0">
    <skipped/>
    <system-err><![CDATA[Video recording
[/Users/anaraimasheva/GitHub/roman/romancepractice/video/PrettyWomen Tests_recording_2020_09_06_20_48_51.avi]
Video recording
[/Users/anaraimasheva/GitHub/roman/romancepractice/video/PrettyWomen Tests_recording_2020_09_06_20_48_51.avi]
]]></system-err>
  </testcase>
  <testcase name="testArticlesAndTitlesTestCase28" classname="com.romanceabroad.ui.BlogPageTest" time="0">
    <skipped/>
    <system-err><![CDATA[Video recording
[/Users/anaraimasheva/GitHub/roman/romancepractice/video/PhotosPage Tests_recording_2020_09_06_20_48_47.avi]
]]></system-err>
  </testcase>
  <testcase name="testArticlesAndTitlesTestCase28" classname="com.romanceabroad.ui.BlogPageTest" time="0">
    <skipped/>
    <system-err><![CDATA[Video recording
[/Users/anaraimasheva/GitHub/roman/romancepractice/video/PhotosPage Tests_recording_2020_09_06_20_48_47.avi]
]]></system-err>
  </testcase>
  <testcase name="testArticlesAndTitlesTestCase28" classname="com.romanceabroad.ui.BlogPageTest" time="0">
    <skipped/>
  </testcase>
  <testcase name="testArticlesAndTitlesTestCase28" classname="com.romanceabroad.ui.BlogPageTest" time="0">
    <skipped/>
  </testcase>
  <testcase name="testArticlesAndTitlesTestCase28" classname="com.romanceabroad.ui.BlogPageTest" time="0">
    <skipped/>
  </testcase>
  <testcase name="testRegistrationForInvalidEmailTestCase31" classname="com.romanceabroad.ui.RegistrationTests" time="0">
    <skipped/>
    <system-err><![CDATA[Video recording
[/Users/anaraimasheva/GitHub/roman/romancepractice/video/PhotosPage Tests_recording_2020_09_06_20_48_47.avi]
]]></system-err>
  </testcase>
  <testcase name="testRegistrationForInvalidEmailTestCase31" classname="com.romanceabroad.ui.RegistrationTests" time="0">
    <skipped/>
    <system-err><![CDATA[Video recording
[/Users/anaraimasheva/GitHub/roman/romancepractice/video/PrettyWomen Tests_recording_2020_09_06_20_48_48.avi]
]]></system-err>
  </testcase>
  <testcase name="testRegistrationForInvalidEmailTestCase31" classname="com.romanceabroad.ui.RegistrationTests" time="0">
    <skipped/>
  </testcase>
  <testcase name="testRegistrationForInvalidEmailTestCase31" classname="com.romanceabroad.ui.RegistrationTests" time="0">
    <skipped/>
  </testcase>
  <testcase name="testRegistrationForInvalidEmailTestCase31" classname="com.romanceabroad.ui.RegistrationTests" time="0">
    <skipped/>
    <system-err><![CDATA[Video recording
[/Users/anaraimasheva/GitHub/roman/romancepractice/video/PrettyWomen Tests_recording_2020_09_06_20_48_51.avi]
Video recording
[/Users/anaraimasheva/GitHub/roman/romancepractice/video/PrettyWomen Tests_recording_2020_09_06_20_48_51.avi]
]]></system-err>
  </testcase>
  <testcase name="testSearchByAgeTestCase4" classname="com.romanceabroad.ui.PrettyWomenTest" time="0">
    <skipped/>
    <system-err><![CDATA[Video recording
[/Users/anaraimasheva/GitHub/roman/romancepractice/video/PrettyWomen Tests_recording_2020_09_06_20_48_48.avi]
]]></system-err>
  </testcase>
  <testcase name="testSearchByAgeTestCase4" classname="com.romanceabroad.ui.PrettyWomenTest" time="0">
    <skipped/>
    <system-err><![CDATA[Video recording
[/Users/anaraimasheva/GitHub/roman/romancepractice/video/PrettyWomen Tests_recording_2020_09_06_20_48_48.avi]
]]></system-err>
  </testcase>
  <testcase name="testSearchByAgeTestCase4" classname="com.romanceabroad.ui.PrettyWomenTest" time="0">
    <skipped/>
  </testcase>
  <testcase name="testSearchByAgeTestCase4" classname="com.romanceabroad.ui.PrettyWomenTest" time="0">
    <skipped/>
  </testcase>
  <testcase name="testSearchByAgeTestCase4" classname="com.romanceabroad.ui.PrettyWomenTest" time="0">
    <skipped/>
    <system-err><![CDATA[Video recording
[/Users/anaraimasheva/GitHub/roman/romancepractice/video/PrettyWomen Tests_recording_2020_09_06_20_48_51.avi]
]]></system-err>
  </testcase>
  <testcase name="testSelectionOfBestsellersTestCase21" classname="com.romanceabroad.ui.GiftsTest" time="0">
    <skipped/>
    <system-err><![CDATA[Video recording
[/Users/anaraimasheva/GitHub/roman/romancepractice/video/PrettyWomen Tests_recording_2020_09_06_20_48_48.avi]
]]></system-err>
  </testcase>
  <testcase name="testSelectionOfBestsellersTestCase21" classname="com.romanceabroad.ui.GiftsTest" time="0">
    <skipped/>
  </testcase>
  <testcase name="testSelectionOfBestsellersTestCase21" classname="com.romanceabroad.ui.GiftsTest" time="0">
    <skipped/>
    <system-err><![CDATA[Video recording
[/Users/anaraimasheva/GitHub/roman/romancepractice/video/PrettyWomen Tests_recording_2020_09_06_20_48_48.avi]
]]></system-err>
  </testcase>
  <testcase name="testSelectionOfBestsellersTestCase21" classname="com.romanceabroad.ui.GiftsTest" time="0">
    <skipped/>
  </testcase>
  <testcase name="testSelectionOfBestsellersTestCase21" classname="com.romanceabroad.ui.GiftsTest" time="0">
    <skipped/>
    <system-err><![CDATA[Video recording
[/Users/anaraimasheva/GitHub/roman/romancepractice/video/PrettyWomen Tests_recording_2020_09_06_20_48_51.avi]
]]></system-err>
  </testcase>
  <testcase name="verifySelectReasonDropDownTestCase24" classname="com.romanceabroad.ui.ContactUsPageTest" time="0">
    <skipped/>
    <system-err><![CDATA[Video recording
[/Users/anaraimasheva/GitHub/roman/romancepractice/video/PrettyWomen Tests_recording_2020_09_06_20_48_48.avi]
Video recording
[/Users/anaraimasheva/GitHub/roman/romancepractice/video/PrettyWomen Tests_recording_2020_09_06_20_48_48.avi]
]]></system-err>
  </testcase>
  <testcase name="verifySelectReasonDropDownTestCase24" classname="com.romanceabroad.ui.ContactUsPageTest" time="0">
    <skipped/>
    <system-err><![CDATA[Video recording
[/Users/anaraimasheva/GitHub/roman/romancepractice/video/PrettyWomen Tests_recording_2020_09_06_20_48_48.avi]
]]></system-err>
  </testcase>
  <testcase name="verifySelectReasonDropDownTestCase24" classname="com.romanceabroad.ui.ContactUsPageTest" time="0">
    <skipped/>
    <system-err><![CDATA[Video recording
[/Users/anaraimasheva/GitHub/roman/romancepractice/video/PrettyWomen Tests_recording_2020_09_06_20_48_51.avi]
Video recording
[/Users/anaraimasheva/GitHub/roman/romancepractice/video/PrettyWomen Tests_recording_2020_09_06_20_48_51.avi]
]]></system-err>
  </testcase>
  <testcase name="verifySelectReasonDropDownTestCase24" classname="com.romanceabroad.ui.ContactUsPageTest" time="0">
    <skipped/>
  </testcase>
  <testcase name="checkTabsNamesTestCase12" classname="com.romanceabroad.ui.MainPageTests" time="0">
    <skipped/>
    <system-err><![CDATA[Video recording
[/Users/anaraimasheva/GitHub/roman/romancepractice/video/PrettyWomen Tests_recording_2020_09_06_20_48_48.avi]
]]></system-err>
  </testcase>
  <testcase name="checkTabsNamesTestCase12" classname="com.romanceabroad.ui.MainPageTests" time="0">
    <skipped/>
    <system-err><![CDATA[Video recording
[/Users/anaraimasheva/GitHub/roman/romancepractice/video/PrettyWomen Tests_recording_2020_09_06_20_48_48.avi]
]]></system-err>
  </testcase>
  <testcase name="checkTabsNamesTestCase12" classname="com.romanceabroad.ui.MainPageTests" time="0">
    <skipped/>
  </testcase>
  <testcase name="checkTabsNamesTestCase12" classname="com.romanceabroad.ui.MainPageTests" time="0">
    <skipped/>
  </testcase>
  <testcase name="checkTabsNamesTestCase12" classname="com.romanceabroad.ui.MainPageTests" time="0">
    <skipped/>
  </testcase>
  <testcase name="testDropDownViewOptionsTestCase5" classname="com.romanceabroad.ui.PrettyWomenTest" time="0.099">
    <failure type="java.lang.NullPointerException">java.lang.NullPointerException
</failure>
  </testcase>
  <testcase name="testDropDownViewOptionsTestCase5" classname="com.romanceabroad.ui.PrettyWomenTest" time="0.099">
    <failure type="java.lang.NullPointerException">java.lang.NullPointerException
</failure>
  </testcase>
  <testcase name="testDropDownViewOptionsTestCase5" classname="com.romanceabroad.ui.PrettyWomenTest" time="0">
    <skipped/>
  </testcase>
  <testcase name="testDropDownViewOptionsTestCase5" classname="com.romanceabroad.ui.PrettyWomenTest" time="0">
    <skipped/>
    <system-err><![CDATA[Video recording
[/Users/anaraimasheva/GitHub/roman/romancepractice/video/PrettyWomen Tests_recording_2020_09_06_20_48_51.avi]
]]></system-err>
  </testcase>
  <testcase name="testDropDownViewOptionsTestCase5" classname="com.romanceabroad.ui.PrettyWomenTest" time="0">
    <skipped/>
    <system-err><![CDATA[Video recording
[/Users/anaraimasheva/GitHub/roman/romancepractice/video/PrettyWomen Tests_recording_2020_09_06_20_48_51.avi]
]]></system-err>
  </testcase>
  <testcase name="testLinksBlogPageTestCase29" classname="com.romanceabroad.ui.BlogPageTest" time="0.313">
    <failure type="java.lang.NullPointerException">java.lang.NullPointerException
</failure>
  </testcase>
  <testcase name="testLinksBlogPageTestCase29" classname="com.romanceabroad.ui.BlogPageTest" time="0">
    <skipped/>
  </testcase>
  <testcase name="testLinksBlogPageTestCase29" classname="com.romanceabroad.ui.BlogPageTest" time="0">
    <skipped/>
    <system-err><![CDATA[Video recording
[/Users/anaraimasheva/GitHub/roman/romancepractice/video/PrettyWomen Tests_recording_2020_09_06_20_48_48.avi]
]]></system-err>
  </testcase>
  <testcase name="testLinksBlogPageTestCase29" classname="com.romanceabroad.ui.BlogPageTest" time="0">
    <skipped/>
  </testcase>
  <testcase name="testLinksBlogPageTestCase29" classname="com.romanceabroad.ui.BlogPageTest" time="0">
    <skipped/>
  </testcase>
  <testcase name="testRegistrationForExistingUserTestCase32" classname="com.romanceabroad.ui.RegistrationTests" time="0">
    <skipped/>
  </testcase>
  <testcase name="testRegistrationForExistingUserTestCase32" classname="com.romanceabroad.ui.RegistrationTests" time="0">
    <skipped/>
  </testcase>
  <testcase name="testRegistrationForExistingUserTestCase32" classname="com.romanceabroad.ui.RegistrationTests" time="0">
    <skipped/>
    <system-err><![CDATA[Video recording
[/Users/anaraimasheva/GitHub/roman/romancepractice/video/PrettyWomen Tests_recording_2020_09_06_20_48_48.avi]
Video recording
[/Users/anaraimasheva/GitHub/roman/romancepractice/video/PrettyWomen Tests_recording_2020_09_06_20_48_48.avi]
]]></system-err>
  </testcase>
  <testcase name="testRegistrationForExistingUserTestCase32" classname="com.romanceabroad.ui.RegistrationTests" time="0">
    <skipped/>
  </testcase>
  <testcase name="testRegistrationForExistingUserTestCase32" classname="com.romanceabroad.ui.RegistrationTests" time="0">
    <skipped/>
  </testcase>
  <testcase name="testSelectionOfRegularGiftsTestCase22" classname="com.romanceabroad.ui.GiftsTest" time="0">
    <skipped/>
  </testcase>
  <testcase name="testSelectionOfRegularGiftsTestCase22" classname="com.romanceabroad.ui.GiftsTest" time="0">
    <skipped/>
    <system-err><![CDATA[Video recording
[/Users/anaraimasheva/GitHub/roman/romancepractice/video/PrettyWomen Tests_recording_2020_09_06_20_48_48.avi]
]]></system-err>
  </testcase>
  <testcase name="testSelectionOfRegularGiftsTestCase22" classname="com.romanceabroad.ui.GiftsTest" time="0">
    <skipped/>
  </testcase>
  <testcase name="testSelectionOfRegularGiftsTestCase22" classname="com.romanceabroad.ui.GiftsTest" time="0">
    <skipped/>
  </testcase>
  <testcase name="testSelectionOfRegularGiftsTestCase22" classname="com.romanceabroad.ui.GiftsTest" time="0">
    <skipped/>
    <system-err><![CDATA[Video recording
[/Users/anaraimasheva/GitHub/roman/romancepractice/video/PrettyWomen Tests_recording_2020_09_06_20_48_51.avi]
]]></system-err>
  </testcase>
  <testcase name="testUserTabs" classname="com.romanceabroad.ui.PhotosPageTest" time="0">
    <skipped/>
    <system-err><![CDATA[Video recording
[/Users/anaraimasheva/GitHub/roman/romancepractice/video/PrettyWomen Tests_recording_2020_09_06_20_48_48.avi]
]]></system-err>
  </testcase>
  <testcase name="testUserTabs" classname="com.romanceabroad.ui.PhotosPageTest" time="0">
    <skipped/>
  </testcase>
  <testcase name="testUserTabs" classname="com.romanceabroad.ui.PhotosPageTest" time="0">
    <skipped/>
  </testcase>
  <testcase name="testUserTabs" classname="com.romanceabroad.ui.PhotosPageTest" time="0">
    <skipped/>
  </testcase>
  <testcase name="testUserTabs" classname="com.romanceabroad.ui.PhotosPageTest" time="0">
    <skipped/>
    <system-err><![CDATA[Video recording
[/Users/anaraimasheva/GitHub/roman/romancepractice/video/PrettyWomen Tests_recording_2020_09_06_20_48_51.avi]
]]></system-err>
  </testcase>
  <testcase name="verifyDropDownListTestCase25" classname="com.romanceabroad.ui.ContactUsPageTest" time="0">
    <skipped/>
    <system-err><![CDATA[Video recording
[/Users/anaraimasheva/GitHub/roman/romancepractice/video/PrettyWomen Tests_recording_2020_09_06_20_48_48.avi]
]]></system-err>
  </testcase>
  <testcase name="verifyDropDownListTestCase25" classname="com.romanceabroad.ui.ContactUsPageTest" time="0">
    <skipped/>
    <system-err><![CDATA[Video recording
[/Users/anaraimasheva/GitHub/roman/romancepractice/video/PrettyWomen Tests_recording_2020_09_06_20_48_48.avi]
]]></system-err>
  </testcase>
  <testcase name="verifyDropDownListTestCase25" classname="com.romanceabroad.ui.ContactUsPageTest" time="0">
    <skipped/>
    <system-err><![CDATA[Video recording
[/Users/anaraimasheva/GitHub/roman/romancepractice/video/PrettyWomen Tests_recording_2020_09_06_20_48_51.avi]
Video recording
[/Users/anaraimasheva/GitHub/roman/romancepractice/video/PrettyWomen Tests_recording_2020_09_06_20_48_51.avi]
]]></system-err>
  </testcase>
  <testcase name="verifyDropDownListTestCase25" classname="com.romanceabroad.ui.ContactUsPageTest" time="0">
    <skipped/>
    <system-err><![CDATA[Video recording
[/Users/anaraimasheva/GitHub/roman/romancepractice/video/PrettyWomen Tests_recording_2020_09_06_20_48_51.avi]
]]></system-err>
  </testcase>
  <testcase name="selectRandomDropDownListTestCase6" classname="com.romanceabroad.ui.PrettyWomenTest" time="0">
    <skipped/>
  </testcase>
  <testcase name="selectRandomDropDownListTestCase6" classname="com.romanceabroad.ui.PrettyWomenTest" time="0">
    <skipped/>
  </testcase>
  <testcase name="selectRandomDropDownListTestCase6" classname="com.romanceabroad.ui.PrettyWomenTest" time="0">
    <skipped/>
    <system-err><![CDATA[Video recording
[/Users/anaraimasheva/GitHub/roman/romancepractice/video/PrettyWomen Tests_recording_2020_09_06_20_48_48.avi]
Video recording
[/Users/anaraimasheva/GitHub/roman/romancepractice/video/PrettyWomen Tests_recording_2020_09_06_20_48_48.avi]
]]></system-err>
  </testcase>
  <testcase name="selectRandomDropDownListTestCase6" classname="com.romanceabroad.ui.PrettyWomenTest" time="0">
    <skipped/>
    <system-err><![CDATA[Video recording
[/Users/anaraimasheva/GitHub/roman/romancepractice/video/PrettyWomen Tests_recording_2020_09_06_20_48_51.avi]
]]></system-err>
  </testcase>
  <testcase name="selectRandomDropDownListTestCase6" classname="com.romanceabroad.ui.PrettyWomenTest" time="0">
    <skipped/>
  </testcase>
  <testcase name="testUserTabsWithMoreVerifications" classname="com.romanceabroad.ui.PhotosPageTest" time="0">
    <skipped/>
    <system-err><![CDATA[Video recording
[/Users/anaraimasheva/GitHub/roman/romancepractice/video/PrettyWomen Tests_recording_2020_09_06_20_48_48.avi]
]]></system-err>
  </testcase>
  <testcase name="testUserTabsWithMoreVerifications" classname="com.romanceabroad.ui.PhotosPageTest" time="0">
    <skipped/>
  </testcase>
  <testcase name="testUserTabsWithMoreVerifications" classname="com.romanceabroad.ui.PhotosPageTest" time="0">
    <skipped/>
    <system-err><![CDATA[Video recording
[/Users/anaraimasheva/GitHub/roman/romancepractice/video/PrettyWomen Tests_recording_2020_09_06_20_48_48.avi]
Video recording
[/Users/anaraimasheva/GitHub/roman/romancepractice/video/PrettyWomen Tests_recording_2020_09_06_20_48_48.avi]
Video recording
[/Users/anaraimasheva/GitHub/roman/romancepractice/video/PrettyWomen Tests_recording_2020_09_06_20_48_48.avi]
]]></system-err>
  </testcase>
  <testcase name="testUserTabsWithMoreVerifications" classname="com.romanceabroad.ui.PhotosPageTest" time="0">
    <skipped/>
    <system-err><![CDATA[Video recording
[/Users/anaraimasheva/GitHub/roman/romancepractice/video/PrettyWomen Tests_recording_2020_09_06_20_48_51.avi]
]]></system-err>
  </testcase>
  <testcase name="testUserTabsWithMoreVerifications" classname="com.romanceabroad.ui.PhotosPageTest" time="0">
    <skipped/>
    <system-err><![CDATA[Video recording
[/Users/anaraimasheva/GitHub/roman/romancepractice/video/PrettyWomen Tests_recording_2020_09_06_20_48_51.avi]
]]></system-err>
  </testcase>
  <testcase name="verifyIFrameSizeOnMainPageTestCase13" classname="com.romanceabroad.ui.MainPageTests" time="0">
    <skipped/>
    <system-err><![CDATA[Video recording
[/Users/anaraimasheva/GitHub/roman/romancepractice/video/PrettyWomen Tests_recording_2020_09_06_20_48_48.avi]
Video recording
[/Users/anaraimasheva/GitHub/roman/romancepractice/video/PrettyWomen Tests_recording_2020_09_06_20_48_48.avi]
]]></system-err>
  </testcase>
  <testcase name="verifyIFrameSizeOnMainPageTestCase13" classname="com.romanceabroad.ui.MainPageTests" time="0">
    <skipped/>
  </testcase>
  <testcase name="verifyIFrameSizeOnMainPageTestCase13" classname="com.romanceabroad.ui.MainPageTests" time="0">
    <skipped/>
  </testcase>
  <testcase name="verifyIFrameSizeOnMainPageTestCase13" classname="com.romanceabroad.ui.MainPageTests" time="0">
    <skipped/>
    <system-err><![CDATA[Video recording
[/Users/anaraimasheva/GitHub/roman/romancepractice/video/PrettyWomen Tests_recording_2020_09_06_20_48_51.avi]
]]></system-err>
  </testcase>
  <testcase name="verifyIFrameSizeOnMainPageTestCase13" classname="com.romanceabroad.ui.MainPageTests" time="0">
    <skipped/>
  </testcase>
  <testcase name="selectDropDownListByAgeMinTestCase7" classname="com.romanceabroad.ui.PrettyWomenTest" time="0">
    <skipped/>
    <system-err><![CDATA[Video recording
[/Users/anaraimasheva/GitHub/roman/romancepractice/video/PrettyWomen Tests_recording_2020_09_06_20_48_48.avi]
]]></system-err>
  </testcase>
  <testcase name="selectDropDownListByAgeMinTestCase7" classname="com.romanceabroad.ui.PrettyWomenTest" time="0">
    <skipped/>
  </testcase>
  <testcase name="selectDropDownListByAgeMinTestCase7" classname="com.romanceabroad.ui.PrettyWomenTest" time="0">
    <skipped/>
  </testcase>
  <testcase name="selectDropDownListByAgeMinTestCase7" classname="com.romanceabroad.ui.PrettyWomenTest" time="0">
    <skipped/>
  </testcase>
  <testcase name="selectDropDownListByAgeMinTestCase7" classname="com.romanceabroad.ui.PrettyWomenTest" time="0">
    <skipped/>
    <system-err><![CDATA[Video recording
[/Users/anaraimasheva/GitHub/roman/romancepractice/video/PrettyWomen Tests_recording_2020_09_06_20_48_51.avi]
]]></system-err>
  </testcase>
  <testcase name="fillOutContactAdministratorForm" classname="com.romanceabroad.ui.ContactUsPageTest" time="0">
    <skipped/>
    <system-err><![CDATA[Video recording
[/Users/anaraimasheva/GitHub/roman/romancepractice/video/PrettyWomen Tests_recording_2020_09_06_20_48_48.avi]
Video recording
[/Users/anaraimasheva/GitHub/roman/romancepractice/video/PrettyWomen Tests_recording_2020_09_06_20_48_48.avi]
]]></system-err>
  </testcase>
  <testcase name="fillOutContactAdministratorForm" classname="com.romanceabroad.ui.ContactUsPageTest" time="0">
    <skipped/>
  </testcase>
  <testcase name="fillOutContactAdministratorForm" classname="com.romanceabroad.ui.ContactUsPageTest" time="0">
    <skipped/>
    <system-err><![CDATA[Video recording
[/Users/anaraimasheva/GitHub/roman/romancepractice/video/PrettyWomen Tests_recording_2020_09_06_20_48_51.avi]
]]></system-err>
  </testcase>
  <testcase name="fillOutContactAdministratorForm" classname="com.romanceabroad.ui.ContactUsPageTest" time="0">
    <skipped/>
  </testcase>
  <testcase name="testMainPageIFrameTestCase14" classname="com.romanceabroad.ui.MainPageTests" time="0">
    <skipped/>
    <system-err><![CDATA[Video recording
[/Users/anaraimasheva/GitHub/roman/romancepractice/video/PrettyWomen Tests_recording_2020_09_06_20_48_48.avi]
]]></system-err>
  </testcase>
  <testcase name="testMainPageIFrameTestCase14" classname="com.romanceabroad.ui.MainPageTests" time="0">
    <skipped/>
  </testcase>
  <testcase name="testMainPageIFrameTestCase14" classname="com.romanceabroad.ui.MainPageTests" time="0">
    <skipped/>
    <system-err><![CDATA[Video recording
[/Users/anaraimasheva/GitHub/roman/romancepractice/video/PrettyWomen Tests_recording_2020_09_06_20_48_48.avi]
]]></system-err>
  </testcase>
  <testcase name="testMainPageIFrameTestCase14" classname="com.romanceabroad.ui.MainPageTests" time="0">
    <skipped/>
    <system-err><![CDATA[Video recording
[/Users/anaraimasheva/GitHub/roman/romancepractice/video/PrettyWomen Tests_recording_2020_09_06_20_48_51.avi]
]]></system-err>
  </testcase>
  <testcase name="testMainPageIFrameTestCase14" classname="com.romanceabroad.ui.MainPageTests" time="0">
    <skipped/>
  </testcase>
  <testcase name="testRegistration1" classname="com.romanceabroad.ui.RegistrationTests" time="0">
    <skipped/>
  </testcase>
  <testcase name="testRegistration1" classname="com.romanceabroad.ui.RegistrationTests" time="0">
    <skipped/>
    <system-err><![CDATA[Video recording
[/Users/anaraimasheva/GitHub/roman/romancepractice/video/PrettyWomen Tests_recording_2020_09_06_20_48_48.avi]
]]></system-err>
  </testcase>
  <testcase name="testRegistration1" classname="com.romanceabroad.ui.RegistrationTests" time="0">
    <skipped/>
    <system-err><![CDATA[Video recording
[/Users/anaraimasheva/GitHub/roman/romancepractice/video/PrettyWomen Tests_recording_2020_09_06_20_48_48.avi]
Video recording
[/Users/anaraimasheva/GitHub/roman/romancepractice/video/PrettyWomen Tests_recording_2020_09_06_20_48_48.avi]
]]></system-err>
  </testcase>
  <testcase name="testRegistration1" classname="com.romanceabroad.ui.RegistrationTests" time="0">
    <skipped/>
  </testcase>
  <testcase name="testRegistration1" classname="com.romanceabroad.ui.RegistrationTests" time="0">
    <skipped/>
    <system-err><![CDATA[Video recording
[/Users/anaraimasheva/GitHub/roman/romancepractice/video/PrettyWomen Tests_recording_2020_09_06_20_48_48.avi]
]]></system-err>
  </testcase>
  <testcase name="testRegistration1" classname="com.romanceabroad.ui.RegistrationTests" time="0">
    <skipped/>
    <system-err><![CDATA[Video recording
[/Users/anaraimasheva/GitHub/roman/romancepractice/video/PrettyWomen Tests_recording_2020_09_06_20_48_48.avi]
]]></system-err>
  </testcase>
  <testcase name="testRegistration1" classname="com.romanceabroad.ui.RegistrationTests" time="0">
    <skipped/>
  </testcase>
  <testcase name="testRegistration1" classname="com.romanceabroad.ui.RegistrationTests" time="0">
    <skipped/>
    <system-err><![CDATA[Video recording
[/Users/anaraimasheva/GitHub/roman/romancepractice/video/PrettyWomen Tests_recording_2020_09_06_20_48_51.avi]
]]></system-err>
  </testcase>
  <testcase name="testRegistration1" classname="com.romanceabroad.ui.RegistrationTests" time="0">
    <skipped/>
    <system-err><![CDATA[Video recording
[/Users/anaraimasheva/GitHub/roman/romancepractice/video/PrettyWomen Tests_recording_2020_09_06_20_48_51.avi]
]]></system-err>
  </testcase>
  <testcase name="testRegistration1" classname="com.romanceabroad.ui.RegistrationTests" time="0">
    <skipped/>
    <system-err><![CDATA[Video recording
[/Users/anaraimasheva/GitHub/roman/romancepractice/video/PrettyWomen Tests_recording_2020_09_06_20_48_51.avi]
Video recording
[/Users/anaraimasheva/GitHub/roman/romancepractice/video/PrettyWomen Tests_recording_2020_09_06_20_48_51.avi]
]]></system-err>
  </testcase>
  <testcase name="fillOutContactAdministratorFormTestCase26" classname="com.romanceabroad.ui.ContactUsPageTest" time="0">
    <skipped/>
  </testcase>
  <testcase name="fillOutContactAdministratorFormTestCase26" classname="com.romanceabroad.ui.ContactUsPageTest" time="0">
    <skipped/>
  </testcase>
  <testcase name="fillOutContactAdministratorFormTestCase26" classname="com.romanceabroad.ui.ContactUsPageTest" time="0">
    <skipped/>
    <system-err><![CDATA[Video recording
[/Users/anaraimasheva/GitHub/roman/romancepractice/video/PrettyWomen Tests_recording_2020_09_06_20_48_51.avi]
]]></system-err>
  </testcase>
  <testcase name="fillOutContactAdministratorFormTestCase26" classname="com.romanceabroad.ui.ContactUsPageTest" time="0">
    <skipped/>
    <system-err><![CDATA[Video recording
[/Users/anaraimasheva/GitHub/roman/romancepractice/video/PrettyWomen Tests_recording_2020_09_06_20_48_51.avi]
Video recording
[/Users/anaraimasheva/GitHub/roman/romancepractice/video/PrettyWomen Tests_recording_2020_09_06_20_48_51.avi]
]]></system-err>
  </testcase>
  <testcase name="testUserTabs2" classname="com.romanceabroad.ui.PhotosPageTest" time="0">
    <skipped/>
    <system-err><![CDATA[Video recording
[/Users/anaraimasheva/GitHub/roman/romancepractice/video/PrettyWomen Tests_recording_2020_09_06_20_48_48.avi]
]]></system-err>
  </testcase>
  <testcase name="testUserTabs2" classname="com.romanceabroad.ui.PhotosPageTest" time="0">
    <skipped/>
    <system-err><![CDATA[Video recording
[/Users/anaraimasheva/GitHub/roman/romancepractice/video/PrettyWomen Tests_recording_2020_09_06_20_48_48.avi]
]]></system-err>
  </testcase>
  <testcase name="testUserTabs2" classname="com.romanceabroad.ui.PhotosPageTest" time="0">
    <skipped/>
  </testcase>
  <testcase name="testUserTabs2" classname="com.romanceabroad.ui.PhotosPageTest" time="0">
    <skipped/>
  </testcase>
  <testcase name="testUserTabs2" classname="com.romanceabroad.ui.PhotosPageTest" time="0">
    <skipped/>
  </testcase>
  <testcase name="searchDifferentResultsTestCase30" classname="com.romanceabroad.ui.PrettyWomenTest" time="0">
    <skipped/>
  </testcase>
  <testcase name="searchDifferentResultsTestCase30" classname="com.romanceabroad.ui.PrettyWomenTest" time="0">
    <skipped/>
    <system-err><![CDATA[Video recording
[/Users/anaraimasheva/GitHub/roman/romancepractice/video/PrettyWomen Tests_recording_2020_09_06_20_48_48.avi]
]]></system-err>
  </testcase>
  <testcase name="searchDifferentResultsTestCase30" classname="com.romanceabroad.ui.PrettyWomenTest" time="0">
    <skipped/>
  </testcase>
  <testcase name="searchDifferentResultsTestCase30" classname="com.romanceabroad.ui.PrettyWomenTest" time="0">
    <skipped/>
  </testcase>
  <testcase name="searchDifferentResultsTestCase30" classname="com.romanceabroad.ui.PrettyWomenTest" time="0">
    <skipped/>
  </testcase>
  <testcase name="searchDifferentResultsTestCase30" classname="com.romanceabroad.ui.PrettyWomenTest" time="0">
    <skipped/>
  </testcase>
  <testcase name="searchDifferentResultsTestCase30" classname="com.romanceabroad.ui.PrettyWomenTest" time="0">
    <skipped/>
  </testcase>
  <testcase name="searchDifferentResultsTestCase30" classname="com.romanceabroad.ui.PrettyWomenTest" time="0">
    <skipped/>
    <system-err><![CDATA[Video recording
[/Users/anaraimasheva/GitHub/roman/romancepractice/video/PrettyWomen Tests_recording_2020_09_06_20_48_48.avi]
]]></system-err>
  </testcase>
  <testcase name="searchDifferentResultsTestCase30" classname="com.romanceabroad.ui.PrettyWomenTest" time="0">
    <skipped/>
    <system-err><![CDATA[Video recording
[/Users/anaraimasheva/GitHub/roman/romancepractice/video/PrettyWomen Tests_recording_2020_09_06_20_48_48.avi]
]]></system-err>
  </testcase>
  <testcase name="searchDifferentResultsTestCase30" classname="com.romanceabroad.ui.PrettyWomenTest" time="0">
    <skipped/>
  </testcase>
  <testcase name="searchDifferentResultsTestCase30" classname="com.romanceabroad.ui.PrettyWomenTest" time="0">
    <skipped/>
  </testcase>
  <testcase name="searchDifferentResultsTestCase30" classname="com.romanceabroad.ui.PrettyWomenTest" time="0">
    <skipped/>
  </testcase>
  <testcase name="searchDifferentResultsTestCase30" classname="com.romanceabroad.ui.PrettyWomenTest" time="0">
    <skipped/>
  </testcase>
  <testcase name="searchDifferentResultsTestCase30" classname="com.romanceabroad.ui.PrettyWomenTest" time="0">
    <skipped/>
    <system-err><![CDATA[Video recording
[/Users/anaraimasheva/GitHub/roman/romancepractice/video/PrettyWomen Tests_recording_2020_09_06_20_48_51.avi]
]]></system-err>
  </testcase>
  <testcase name="searchDifferentResultsTestCase30" classname="com.romanceabroad.ui.PrettyWomenTest" time="0">
    <skipped/>
  </testcase>
  <testcase name="searchDifferentResultsTestCase30" classname="com.romanceabroad.ui.PrettyWomenTest" time="0">
    <skipped/>
    <system-err><![CDATA[Video recording
[/Users/anaraimasheva/GitHub/roman/romancepractice/video/PrettyWomen Tests_recording_2020_09_06_20_48_51.avi]
Video recording
[/Users/anaraimasheva/GitHub/roman/romancepractice/video/PrettyWomen Tests_recording_2020_09_06_20_48_51.avi]
]]></system-err>
  </testcase>
  <testcase name="searchDifferentResultsTestCase30" classname="com.romanceabroad.ui.PrettyWomenTest" time="0">
    <skipped/>
    <system-err><![CDATA[Video recording
[/Users/anaraimasheva/GitHub/roman/romancepractice/video/PrettyWomen Tests_recording_2020_09_06_20_48_51.avi]
]]></system-err>
  </testcase>
  <testcase name="searchDifferentResultsTestCase30" classname="com.romanceabroad.ui.PrettyWomenTest" time="0">
    <skipped/>
    <system-err><![CDATA[Video recording
[/Users/anaraimasheva/GitHub/roman/romancepractice/video/PrettyWomen Tests_recording_2020_09_06_20_48_51.avi]
]]></system-err>
  </testcase>
  <testcase name="searchDifferentResultsTestCase30" classname="com.romanceabroad.ui.PrettyWomenTest" time="0">
    <skipped/>
  </testcase>
  <testcase name="searchDifferentResultsTestCase30" classname="com.romanceabroad.ui.PrettyWomenTest" time="0">
    <skipped/>
    <system-err><![CDATA[Video recording
[/Users/anaraimasheva/GitHub/roman/romancepractice/video/PrettyWomen Tests_recording_2020_09_06_20_48_51.avi]
Video recording
[/Users/anaraimasheva/GitHub/roman/romancepractice/video/PrettyWomen Tests_recording_2020_09_06_20_48_51.avi]
]]></system-err>
  </testcase>
  <testcase name="testBookNowTestCase15" classname="com.romanceabroad.ui.MainPageTests" time="0">
    <skipped/>
    <system-err><![CDATA[Video recording
[/Users/anaraimasheva/GitHub/roman/romancepractice/video/PrettyWomen Tests_recording_2020_09_06_20_48_48.avi]
]]></system-err>
  </testcase>
  <testcase name="testBookNowTestCase15" classname="com.romanceabroad.ui.MainPageTests" time="0">
    <skipped/>
    <system-err><![CDATA[Video recording
[/Users/anaraimasheva/GitHub/roman/romancepractice/video/PrettyWomen Tests_recording_2020_09_06_20_48_48.avi]
]]></system-err>
  </testcase>
  <testcase name="testBookNowTestCase15" classname="com.romanceabroad.ui.MainPageTests" time="0">
    <skipped/>
  </testcase>
  <testcase name="testBookNowTestCase15" classname="com.romanceabroad.ui.MainPageTests" time="0">
    <skipped/>
    <system-err><![CDATA[Video recording
[/Users/anaraimasheva/GitHub/roman/romancepractice/video/PrettyWomen Tests_recording_2020_09_06_20_48_51.avi]
]]></system-err>
  </testcase>
  <testcase name="testBookNowTestCase15" classname="com.romanceabroad.ui.MainPageTests" time="0">
    <skipped/>
    <system-err><![CDATA[Video recording
[/Users/anaraimasheva/GitHub/roman/romancepractice/video/PrettyWomen Tests_recording_2020_09_06_20_48_51.avi]
]]></system-err>
  </testcase>
  <testcase name="testUserTabs3" classname="com.romanceabroad.ui.PhotosPageTest" time="0">
    <skipped/>
  </testcase>
  <testcase name="testUserTabs3" classname="com.romanceabroad.ui.PhotosPageTest" time="0">
    <skipped/>
    <system-err><![CDATA[Video recording
[/Users/anaraimasheva/GitHub/roman/romancepractice/video/PrettyWomen Tests_recording_2020_09_06_20_48_48.avi]
]]></system-err>
  </testcase>
  <testcase name="testUserTabs3" classname="com.romanceabroad.ui.PhotosPageTest" time="0">
    <skipped/>
  </testcase>
  <testcase name="testUserTabs3" classname="com.romanceabroad.ui.PhotosPageTest" time="0">
    <skipped/>
    <system-err><![CDATA[Video recording
[/Users/anaraimasheva/GitHub/roman/romancepractice/video/PrettyWomen Tests_recording_2020_09_06_20_48_51.avi]
]]></system-err>
  </testcase>
  <testcase name="testUserTabs3" classname="com.romanceabroad.ui.PhotosPageTest" time="0">
    <skipped/>
    <system-err><![CDATA[Video recording
[/Users/anaraimasheva/GitHub/roman/romancepractice/video/PrettyWomen Tests_recording_2020_09_06_20_48_51.avi]
]]></system-err>
  </testcase>
  <testcase name="testDiscountAlertTestCase16" classname="com.romanceabroad.ui.MainPageTests" time="0">
    <skipped/>
  </testcase>
  <testcase name="testDiscountAlertTestCase16" classname="com.romanceabroad.ui.MainPageTests" time="0">
    <skipped/>
  </testcase>
  <testcase name="testDiscountAlertTestCase16" classname="com.romanceabroad.ui.MainPageTests" time="0">
    <skipped/>
  </testcase>
  <testcase name="testDiscountAlertTestCase16" classname="com.romanceabroad.ui.MainPageTests" time="0">
    <skipped/>
  </testcase>
  <testcase name="testDiscountAlertTestCase16" classname="com.romanceabroad.ui.MainPageTests" time="0">
    <skipped/>
  </testcase>
  <testcase name="testUserProfile" classname="com.romanceabroad.ui.PrettyWomenTest" time="0">
    <skipped/>
    <system-err><![CDATA[Video recording
[/Users/anaraimasheva/GitHub/roman/romancepractice/video/PrettyWomen Tests_recording_2020_09_06_20_48_48.avi]
Video recording
[/Users/anaraimasheva/GitHub/roman/romancepractice/video/PrettyWomen Tests_recording_2020_09_06_20_48_48.avi]
Video recording
[/Users/anaraimasheva/GitHub/roman/romancepractice/video/PrettyWomen Tests_recording_2020_09_06_20_48_48.avi]
]]></system-err>
  </testcase>
  <testcase name="testUserProfile" classname="com.romanceabroad.ui.PrettyWomenTest" time="0">
    <skipped/>
  </testcase>
  <testcase name="testUserProfile" classname="com.romanceabroad.ui.PrettyWomenTest" time="0">
    <skipped/>
    <system-err><![CDATA[Video recording
[/Users/anaraimasheva/GitHub/roman/romancepractice/video/PrettyWomen Tests_recording_2020_09_06_20_48_48.avi]
]]></system-err>
  </testcase>
  <testcase name="testUserProfile" classname="com.romanceabroad.ui.PrettyWomenTest" time="0">
    <skipped/>
  </testcase>
  <testcase name="testUserProfile" classname="com.romanceabroad.ui.PrettyWomenTest" time="0">
    <skipped/>
    <system-err><![CDATA[Video recording
[/Users/anaraimasheva/GitHub/roman/romancepractice/video/PrettyWomen Tests_recording_2020_09_06_20_48_51.avi]
]]></system-err>
  </testcase>
  <testcase name="testFooter" classname="com.romanceabroad.ui.PrettyWomenTest" time="0">
    <skipped/>
  </testcase>
  <testcase name="testFooter" classname="com.romanceabroad.ui.PrettyWomenTest" time="0">
    <skipped/>
    <system-err><![CDATA[Video recording
[/Users/anaraimasheva/GitHub/roman/romancepractice/video/PrettyWomen Tests_recording_2020_09_06_20_48_48.avi]
Video recording
[/Users/anaraimasheva/GitHub/roman/romancepractice/video/PrettyWomen Tests_recording_2020_09_06_20_48_48.avi]
]]></system-err>
  </testcase>
  <testcase name="testFooter" classname="com.romanceabroad.ui.PrettyWomenTest" time="0">
    <skipped/>
  </testcase>
  <testcase name="testFooter" classname="com.romanceabroad.ui.PrettyWomenTest" time="0">
    <skipped/>
    <system-err><![CDATA[Video recording
[/Users/anaraimasheva/GitHub/roman/romancepractice/video/PrettyWomen Tests_recording_2020_09_06_20_48_48.avi]
Video recording
[/Users/anaraimasheva/GitHub/roman/romancepractice/video/PrettyWomen Tests_recording_2020_09_06_20_48_48.avi]
]]></system-err>
  </testcase>
  <testcase name="testFooter" classname="com.romanceabroad.ui.PrettyWomenTest" time="0">
    <skipped/>
  </testcase>
  <testcase name="testFooter" classname="com.romanceabroad.ui.PrettyWomenTest" time="0">
    <skipped/>
    <system-err><![CDATA[Video recording
[/Users/anaraimasheva/GitHub/roman/romancepractice/video/PrettyWomen Tests_recording_2020_09_06_20_48_48.avi]
]]></system-err>
  </testcase>
  <testcase name="testFooter" classname="com.romanceabroad.ui.PrettyWomenTest" time="0">
    <skipped/>
    <system-err><![CDATA[Video recording
[/Users/anaraimasheva/GitHub/roman/romancepractice/video/PrettyWomen Tests_recording_2020_09_06_20_48_48.avi]
]]></system-err>
  </testcase>
  <testcase name="testFooter" classname="com.romanceabroad.ui.PrettyWomenTest" time="0">
    <skipped/>
  </testcase>
  <testcase name="testFooter" classname="com.romanceabroad.ui.PrettyWomenTest" time="0">
    <skipped/>
  </testcase>
  <testcase name="testFooter" classname="com.romanceabroad.ui.PrettyWomenTest" time="0">
    <skipped/>
    <system-err><![CDATA[Video recording
[/Users/anaraimasheva/GitHub/roman/romancepractice/video/PrettyWomen Tests_recording_2020_09_06_20_48_48.avi]
]]></system-err>
  </testcase>
  <testcase name="testFooter" classname="com.romanceabroad.ui.PrettyWomenTest" time="0">
    <skipped/>
  </testcase>
  <testcase name="testFooter" classname="com.romanceabroad.ui.PrettyWomenTest" time="0">
    <skipped/>
    <system-err><![CDATA[Video recording
[/Users/anaraimasheva/GitHub/roman/romancepractice/video/PrettyWomen Tests_recording_2020_09_06_20_48_48.avi]
]]></system-err>
  </testcase>
  <testcase name="testFooter" classname="com.romanceabroad.ui.PrettyWomenTest" time="0">
    <skipped/>
    <system-err><![CDATA[Video recording
[/Users/anaraimasheva/GitHub/roman/romancepractice/video/PrettyWomen Tests_recording_2020_09_06_20_48_48.avi]
]]></system-err>
  </testcase>
  <testcase name="testFooter" classname="com.romanceabroad.ui.PrettyWomenTest" time="0">
    <skipped/>
    <system-err><![CDATA[Video recording
[/Users/anaraimasheva/GitHub/roman/romancepractice/video/PrettyWomen Tests_recording_2020_09_06_20_48_48.avi]
]]></system-err>
  </testcase>
  <testcase name="testFooter" classname="com.romanceabroad.ui.PrettyWomenTest" time="0">
    <skipped/>
    <system-err><![CDATA[Video recording
[/Users/anaraimasheva/GitHub/roman/romancepractice/video/PrettyWomen Tests_recording_2020_09_06_20_48_48.avi]
]]></system-err>
  </testcase>
  <testcase name="testFooter" classname="com.romanceabroad.ui.PrettyWomenTest" time="0">
    <skipped/>
    <system-err><![CDATA[Video recording
[/Users/anaraimasheva/GitHub/roman/romancepractice/video/PrettyWomen Tests_recording_2020_09_06_20_48_48.avi]
]]></system-err>
  </testcase>
  <testcase name="testFooter" classname="com.romanceabroad.ui.PrettyWomenTest" time="0">
    <skipped/>
    <system-err><![CDATA[Video recording
[/Users/anaraimasheva/GitHub/roman/romancepractice/video/PrettyWomen Tests_recording_2020_09_06_20_48_48.avi]
]]></system-err>
  </testcase>
  <testcase name="testFooter" classname="com.romanceabroad.ui.PrettyWomenTest" time="0">
    <skipped/>
    <system-err><![CDATA[Video recording
[/Users/anaraimasheva/GitHub/roman/romancepractice/video/PrettyWomen Tests_recording_2020_09_06_20_48_48.avi]
]]></system-err>
  </testcase>
  <testcase name="testFooter" classname="com.romanceabroad.ui.PrettyWomenTest" time="0">
    <skipped/>
    <system-err><![CDATA[Video recording
[/Users/anaraimasheva/GitHub/roman/romancepractice/video/PrettyWomen Tests_recording_2020_09_06_20_48_51.avi]
]]></system-err>
  </testcase>
  <testcase name="testFooter" classname="com.romanceabroad.ui.PrettyWomenTest" time="0">
    <skipped/>
  </testcase>
  <testcase name="testFooter" classname="com.romanceabroad.ui.PrettyWomenTest" time="0">
    <skipped/>
    <system-err><![CDATA[Video recording
[/Users/anaraimasheva/GitHub/roman/romancepractice/video/PrettyWomen Tests_recording_2020_09_06_20_48_51.avi]
]]></system-err>
  </testcase>
  <testcase name="testFooter" classname="com.romanceabroad.ui.PrettyWomenTest" time="0">
    <skipped/>
    <system-err><![CDATA[Video recording
[/Users/anaraimasheva/GitHub/roman/romancepractice/video/PrettyWomen Tests_recording_2020_09_06_20_48_51.avi]
]]></system-err>
  </testcase>
  <testcase name="testFooter" classname="com.romanceabroad.ui.PrettyWomenTest" time="0">
    <skipped/>
  </testcase>
  <testcase name="testFooter" classname="com.romanceabroad.ui.PrettyWomenTest" time="0">
    <skipped/>
    <system-err><![CDATA[Video recording
[/Users/anaraimasheva/GitHub/roman/romancepractice/video/PrettyWomen Tests_recording_2020_09_06_20_48_51.avi]
]]></system-err>
  </testcase>
  <testcase name="testFooter" classname="com.romanceabroad.ui.PrettyWomenTest" time="0">
    <skipped/>
    <system-err><![CDATA[Video recording
[/Users/anaraimasheva/GitHub/roman/romancepractice/video/PrettyWomen Tests_recording_2020_09_06_20_48_51.avi]
Video recording
[/Users/anaraimasheva/GitHub/roman/romancepractice/video/PrettyWomen Tests_recording_2020_09_06_20_48_51.avi]
]]></system-err>
  </testcase>
  <testcase name="testFooter" classname="com.romanceabroad.ui.PrettyWomenTest" time="0">
    <skipped/>
    <system-err><![CDATA[Video recording
[/Users/anaraimasheva/GitHub/roman/romancepractice/video/PrettyWomen Tests_recording_2020_09_06_20_48_51.avi]
]]></system-err>
  </testcase>
  <testcase name="testFooter" classname="com.romanceabroad.ui.PrettyWomenTest" time="0">
    <skipped/>
  </testcase>
  <testcase name="testFooter" classname="com.romanceabroad.ui.PrettyWomenTest" time="0">
    <skipped/>
    <system-err><![CDATA[Video recording
[/Users/anaraimasheva/GitHub/roman/romancepractice/video/PrettyWomen Tests_recording_2020_09_06_20_48_51.avi]
]]></system-err>
  </testcase>
  <testcase name="testFooter" classname="com.romanceabroad.ui.PrettyWomenTest" time="0">
    <skipped/>
    <system-err><![CDATA[Video recording
[/Users/anaraimasheva/GitHub/roman/romancepractice/video/PrettyWomen Tests_recording_2020_09_06_20_48_51.avi]
]]></system-err>
  </testcase>
  <testcase name="testFooter" classname="com.romanceabroad.ui.PrettyWomenTest" time="0">
    <skipped/>
    <system-err><![CDATA[Video recording
[/Users/anaraimasheva/GitHub/roman/romancepractice/video/PrettyWomen Tests_recording_2020_09_06_20_48_51.avi]
]]></system-err>
  </testcase>
  <testcase name="verifyRomanceAbroadHeaderTestCase17" classname="com.romanceabroad.ui.MainPageTests" time="0">
    <skipped/>
    <system-err><![CDATA[Video recording
[/Users/anaraimasheva/GitHub/roman/romancepractice/video/PrettyWomen Tests_recording_2020_09_06_20_48_48.avi]
]]></system-err>
  </testcase>
  <testcase name="verifyRomanceAbroadHeaderTestCase17" classname="com.romanceabroad.ui.MainPageTests" time="0">
    <skipped/>
    <system-err><![CDATA[Video recording
[/Users/anaraimasheva/GitHub/roman/romancepractice/video/PrettyWomen Tests_recording_2020_09_06_20_48_48.avi]
Video recording
[/Users/anaraimasheva/GitHub/roman/romancepractice/video/PrettyWomen Tests_recording_2020_09_06_20_48_48.avi]
]]></system-err>
  </testcase>
  <testcase name="verifyRomanceAbroadHeaderTestCase17" classname="com.romanceabroad.ui.MainPageTests" time="0">
    <skipped/>
    <system-err><![CDATA[Video recording
[/Users/anaraimasheva/GitHub/roman/romancepractice/video/PrettyWomen Tests_recording_2020_09_06_20_48_48.avi]
]]></system-err>
  </testcase>
  <testcase name="verifyRomanceAbroadHeaderTestCase17" classname="com.romanceabroad.ui.MainPageTests" time="0">
    <skipped/>
  </testcase>
  <testcase name="verifyRomanceAbroadHeaderTestCase17" classname="com.romanceabroad.ui.MainPageTests" time="0">
    <skipped/>
    <system-err><![CDATA[Video recording
[/Users/anaraimasheva/GitHub/roman/romancepractice/video/PrettyWomen Tests_recording_2020_09_06_20_48_51.avi]
]]></system-err>
  </testcase>
  <testcase name="smokeTestMainPageTestCase19" classname="com.romanceabroad.ui.MainPageTests" time="0">
    <skipped/>
    <system-err><![CDATA[Video recording
[/Users/anaraimasheva/GitHub/roman/romancepractice/video/PrettyWomen Tests_recording_2020_09_06_20_48_48.avi]
Video recording
[/Users/anaraimasheva/GitHub/roman/romancepractice/video/PrettyWomen Tests_recording_2020_09_06_20_48_48.avi]
]]></system-err>
  </testcase>
  <testcase name="smokeTestMainPageTestCase19" classname="com.romanceabroad.ui.MainPageTests" time="0">
    <skipped/>
    <system-err><![CDATA[Video recording
[/Users/anaraimasheva/GitHub/roman/romancepractice/video/PrettyWomen Tests_recording_2020_09_06_20_48_48.avi]
Video recording
[/Users/anaraimasheva/GitHub/roman/romancepractice/video/PrettyWomen Tests_recording_2020_09_06_20_48_48.avi]
]]></system-err>
  </testcase>
  <testcase name="smokeTestMainPageTestCase19" classname="com.romanceabroad.ui.MainPageTests" time="0">
    <skipped/>
    <system-err><![CDATA[Video recording
[/Users/anaraimasheva/GitHub/roman/romancepractice/video/PrettyWomen Tests_recording_2020_09_06_20_48_48.avi]
]]></system-err>
  </testcase>
  <testcase name="smokeTestMainPageTestCase19" classname="com.romanceabroad.ui.MainPageTests" time="0">
    <skipped/>
    <system-err><![CDATA[Video recording
[/Users/anaraimasheva/GitHub/roman/romancepractice/video/PrettyWomen Tests_recording_2020_09_06_20_48_51.avi]
]]></system-err>
  </testcase>
  <testcase name="smokeTestMainPageTestCase19" classname="com.romanceabroad.ui.MainPageTests" time="0">
    <skipped/>
    <system-err><![CDATA[Video recording
[/Users/anaraimasheva/GitHub/roman/romancepractice/video/PrettyWomen Tests_recording_2020_09_06_20_48_51.avi]
]]></system-err>
  </testcase>
  <testcase name="testLinksOnMainPageTestCase18" classname="com.romanceabroad.ui.MainPageTests" time="0">
    <skipped/>
  </testcase>
  <testcase name="testLinksOnMainPageTestCase18" classname="com.romanceabroad.ui.MainPageTests" time="0">
    <skipped/>
    <system-err><![CDATA[Video recording
[/Users/anaraimasheva/GitHub/roman/romancepractice/video/PrettyWomen Tests_recording_2020_09_06_20_48_48.avi]
]]></system-err>
  </testcase>
  <testcase name="testLinksOnMainPageTestCase18" classname="com.romanceabroad.ui.MainPageTests" time="0">
    <skipped/>
    <system-err><![CDATA[Video recording
[/Users/anaraimasheva/GitHub/roman/romancepractice/video/PrettyWomen Tests_recording_2020_09_06_20_48_48.avi]
]]></system-err>
  </testcase>
  <testcase name="testLinksOnMainPageTestCase18" classname="com.romanceabroad.ui.MainPageTests" time="0">
    <skipped/>
    <system-err><![CDATA[Video recording
[/Users/anaraimasheva/GitHub/roman/romancepractice/video/PrettyWomen Tests_recording_2020_09_06_20_48_51.avi]
]]></system-err>
  </testcase>
  <testcase name="testLinksOnMainPageTestCase18" classname="com.romanceabroad.ui.MainPageTests" time="0">
    <skipped/>
    <system-err><![CDATA[Video recording
[/Users/anaraimasheva/GitHub/roman/romancepractice/video/PrettyWomen Tests_recording_2020_09_06_20_48_51.avi]
]]></system-err>
  </testcase>
</testsuite>