<?xml version="1.0" encoding="UTF-8"?>
<!-- Generated by org.testng.reporters.JUnitReportReporter -->
<testsuite hostname="Anaras-MacBook-Pro.local" failures="0" tests="1" name="com.romanceabroad.ui.GiftsTest" time="8.791" errors="0" timestamp="2020-06-07T16:13:35 PDT" skipped="0">
  <testcase classname="com.romanceabroad.ui.GiftsTest" name="testSelectionOfBestsellersTestCase21" time="8.791"/>
</testsuite> <!-- com.romanceabroad.ui.GiftsTest -->
